{"D:\\Familia\\FAES\\Repositories\\IPR-Projekt-SS24\\TripleFMusic\\Backend\\controllers\\authController.js": {"path":"D:\\Familia\\FAES\\Repositories\\IPR-Projekt-SS24\\TripleFMusic\\Backend\\controllers\\authController.js","statementMap":{"0":{"start":{"line":1,"column":15},"end":{"line":1,"column":32}},"1":{"start":{"line":2,"column":15},"end":{"line":2,"column":32}},"2":{"start":{"line":3,"column":37},"end":{"line":3,"column":57}},"3":{"start":{"line":4,"column":35},"end":{"line":4,"column":70}},"4":{"start":{"line":8,"column":2},"end":{"line":8,"column":48}},"5":{"start":{"line":12,"column":0},"end":{"line":37,"column":2}},"6":{"start":{"line":13,"column":2},"end":{"line":36,"column":3}},"7":{"start":{"line":14,"column":22},"end":{"line":14,"column":30}},"8":{"start":{"line":15,"column":17},"end":{"line":15,"column":57}},"9":{"start":{"line":17,"column":4},"end":{"line":19,"column":5}},"10":{"start":{"line":18,"column":6},"end":{"line":18,"column":84}},"11":{"start":{"line":22,"column":18},"end":{"line":22,"column":38}},"12":{"start":{"line":23,"column":4},"end":{"line":23,"column":54}},"13":{"start":{"line":26,"column":22},"end":{"line":26,"column":90}},"14":{"start":{"line":29,"column":4},"end":{"line":29,"column":72}},"15":{"start":{"line":31,"column":4},"end":{"line":31,"column":103}},"16":{"start":{"line":34,"column":4},"end":{"line":34,"column":53}},"17":{"start":{"line":35,"column":4},"end":{"line":35,"column":73}},"18":{"start":{"line":40,"column":0},"end":{"line":60,"column":2}},"19":{"start":{"line":41,"column":40},"end":{"line":41,"column":48}},"20":{"start":{"line":42,"column":2},"end":{"line":59,"column":3}},"21":{"start":{"line":43,"column":23},"end":{"line":43,"column":84}},"22":{"start":{"line":45,"column":4},"end":{"line":47,"column":5}},"23":{"start":{"line":46,"column":6},"end":{"line":46,"column":75}},"24":{"start":{"line":49,"column":27},"end":{"line":49,"column":61}},"25":{"start":{"line":51,"column":4},"end":{"line":51,"column":74}},"26":{"start":{"line":53,"column":4},"end":{"line":53,"column":59}},"27":{"start":{"line":55,"column":4},"end":{"line":55,"column":78}},"28":{"start":{"line":57,"column":4},"end":{"line":57,"column":52}},"29":{"start":{"line":58,"column":4},"end":{"line":58,"column":66}},"30":{"start":{"line":63,"column":0},"end":{"line":92,"column":2}},"31":{"start":{"line":64,"column":61},"end":{"line":64,"column":69}},"32":{"start":{"line":65,"column":2},"end":{"line":65,"column":66}},"33":{"start":{"line":66,"column":2},"end":{"line":91,"column":3}},"34":{"start":{"line":67,"column":4},"end":{"line":67,"column":41}},"35":{"start":{"line":68,"column":27},"end":{"line":68,"column":58}},"36":{"start":{"line":69,"column":4},"end":{"line":69,"column":54}},"37":{"start":{"line":72,"column":4},"end":{"line":72,"column":63}},"38":{"start":{"line":73,"column":20},"end":{"line":79,"column":6}},"39":{"start":{"line":82,"column":4},"end":{"line":82,"column":44}},"40":{"start":{"line":83,"column":4},"end":{"line":83,"column":82}},"41":{"start":{"line":85,"column":4},"end":{"line":85,"column":62}},"42":{"start":{"line":86,"column":4},"end":{"line":90,"column":5}},"43":{"start":{"line":87,"column":6},"end":{"line":87,"column":76}},"44":{"start":{"line":89,"column":6},"end":{"line":89,"column":73}}},"fnMap":{"0":{"name":"generateResetToken","decl":{"start":{"line":7,"column":9},"end":{"line":7,"column":27}},"loc":{"start":{"line":7,"column":30},"end":{"line":9,"column":1}},"line":7},"1":{"name":"(anonymous_1)","decl":{"start":{"line":12,"column":25},"end":{"line":12,"column":26}},"loc":{"start":{"line":12,"column":45},"end":{"line":37,"column":1}},"line":12},"2":{"name":"(anonymous_2)","decl":{"start":{"line":40,"column":24},"end":{"line":40,"column":25}},"loc":{"start":{"line":40,"column":44},"end":{"line":60,"column":1}},"line":40},"3":{"name":"(anonymous_3)","decl":{"start":{"line":63,"column":19},"end":{"line":63,"column":20}},"loc":{"start":{"line":63,"column":39},"end":{"line":92,"column":1}},"line":63}},"branchMap":{"0":{"loc":{"start":{"line":17,"column":4},"end":{"line":19,"column":5}},"type":"if","locations":[{"start":{"line":17,"column":4},"end":{"line":19,"column":5}},{"start":{},"end":{}}],"line":17},"1":{"loc":{"start":{"line":45,"column":4},"end":{"line":47,"column":5}},"type":"if","locations":[{"start":{"line":45,"column":4},"end":{"line":47,"column":5}},{"start":{},"end":{}}],"line":45},"2":{"loc":{"start":{"line":86,"column":4},"end":{"line":90,"column":5}},"type":"if","locations":[{"start":{"line":86,"column":4},"end":{"line":90,"column":5}},{"start":{"line":88,"column":11},"end":{"line":90,"column":5}}],"line":86}},"s":{"0":2,"1":2,"2":2,"3":2,"4":1,"5":2,"6":2,"7":2,"8":2,"9":2,"10":1,"11":1,"12":1,"13":1,"14":1,"15":1,"16":0,"17":0,"18":2,"19":2,"20":2,"21":2,"22":2,"23":1,"24":1,"25":1,"26":1,"27":1,"28":0,"29":0,"30":2,"31":2,"32":2,"33":2,"34":2,"35":2,"36":2,"37":2,"38":2,"39":2,"40":2,"41":0,"42":0,"43":0,"44":0},"f":{"0":1,"1":2,"2":2,"3":2},"b":{"0":[1,1],"1":[1,1],"2":[0,0]},"_coverageSchema":"1a1c01bbd47fc00a2c39e90264f33305004495a9","hash":"a6a5f7541cf85a1c93d97a80ce1337ecc3434c73"}
,"D:\\Familia\\FAES\\Repositories\\IPR-Projekt-SS24\\TripleFMusic\\Backend\\models\\PasswordResetToken.js": {"path":"D:\\Familia\\FAES\\Repositories\\IPR-Projekt-SS24\\TripleFMusic\\Backend\\models\\PasswordResetToken.js","statementMap":{"0":{"start":{"line":1,"column":0},"end":{"line":21,"column":4}},"1":{"start":{"line":2,"column":31},"end":{"line":18,"column":6}},"2":{"start":{"line":20,"column":4},"end":{"line":20,"column":30}}},"fnMap":{"0":{"name":"(anonymous_0)","decl":{"start":{"line":1,"column":17},"end":{"line":1,"column":18}},"loc":{"start":{"line":1,"column":43},"end":{"line":21,"column":3}},"line":1}},"branchMap":{},"s":{"0":1,"1":1,"2":1},"f":{"0":1},"b":{},"_coverageSchema":"1a1c01bbd47fc00a2c39e90264f33305004495a9","hash":"2992b411d4a37eb038901811cb8d8ac409e11321"}
,"D:\\Familia\\FAES\\Repositories\\IPR-Projekt-SS24\\TripleFMusic\\Backend\\models\\Playlists.js": {"path":"D:\\Familia\\FAES\\Repositories\\IPR-Projekt-SS24\\TripleFMusic\\Backend\\models\\Playlists.js","statementMap":{"0":{"start":{"line":1,"column":0},"end":{"line":19,"column":2}},"1":{"start":{"line":2,"column":19},"end":{"line":8,"column":4}},"2":{"start":{"line":10,"column":2},"end":{"line":16,"column":4}},"3":{"start":{"line":11,"column":4},"end":{"line":15,"column":7}},"4":{"start":{"line":18,"column":2},"end":{"line":18,"column":18}}},"fnMap":{"0":{"name":"(anonymous_0)","decl":{"start":{"line":1,"column":17},"end":{"line":1,"column":18}},"loc":{"start":{"line":1,"column":43},"end":{"line":19,"column":1}},"line":1},"1":{"name":"(anonymous_1)","decl":{"start":{"line":10,"column":23},"end":{"line":10,"column":24}},"loc":{"start":{"line":10,"column":35},"end":{"line":16,"column":3}},"line":10}},"branchMap":{},"s":{"0":1,"1":1,"2":1,"3":1,"4":1},"f":{"0":1,"1":1},"b":{},"_coverageSchema":"1a1c01bbd47fc00a2c39e90264f33305004495a9","hash":"6f582e9f7fe8f1afe4c2eb4b6b0c86b0e81b4ea8"}
,"D:\\Familia\\FAES\\Repositories\\IPR-Projekt-SS24\\TripleFMusic\\Backend\\models\\SongPlaylists.js": {"path":"D:\\Familia\\FAES\\Repositories\\IPR-Projekt-SS24\\TripleFMusic\\Backend\\models\\SongPlaylists.js","statementMap":{"0":{"start":{"line":1,"column":0},"end":{"line":20,"column":4}},"1":{"start":{"line":2,"column":26},"end":{"line":17,"column":6}},"2":{"start":{"line":19,"column":4},"end":{"line":19,"column":25}}},"fnMap":{"0":{"name":"(anonymous_0)","decl":{"start":{"line":1,"column":17},"end":{"line":1,"column":18}},"loc":{"start":{"line":1,"column":43},"end":{"line":20,"column":3}},"line":1}},"branchMap":{},"s":{"0":1,"1":1,"2":1},"f":{"0":1},"b":{},"_coverageSchema":"1a1c01bbd47fc00a2c39e90264f33305004495a9","hash":"a100309b90acba104dc6136226ae9a2a0fc70a5e"}
,"D:\\Familia\\FAES\\Repositories\\IPR-Projekt-SS24\\TripleFMusic\\Backend\\models\\Songs.js": {"path":"D:\\Familia\\FAES\\Repositories\\IPR-Projekt-SS24\\TripleFMusic\\Backend\\models\\Songs.js","statementMap":{"0":{"start":{"line":1,"column":0},"end":{"line":42,"column":2}},"1":{"start":{"line":2,"column":16},"end":{"line":31,"column":4}},"2":{"start":{"line":33,"column":2},"end":{"line":39,"column":4}},"3":{"start":{"line":34,"column":4},"end":{"line":38,"column":7}},"4":{"start":{"line":41,"column":2},"end":{"line":41,"column":15}}},"fnMap":{"0":{"name":"(anonymous_0)","decl":{"start":{"line":1,"column":17},"end":{"line":1,"column":18}},"loc":{"start":{"line":1,"column":43},"end":{"line":42,"column":1}},"line":1},"1":{"name":"(anonymous_1)","decl":{"start":{"line":33,"column":20},"end":{"line":33,"column":21}},"loc":{"start":{"line":33,"column":32},"end":{"line":39,"column":3}},"line":33}},"branchMap":{},"s":{"0":1,"1":1,"2":1,"3":1,"4":1},"f":{"0":1,"1":1},"b":{},"_coverageSchema":"1a1c01bbd47fc00a2c39e90264f33305004495a9","hash":"2f6b963b95b4d8df2b866120c3c05cfd2ca2fc97"}
,"D:\\Familia\\FAES\\Repositories\\IPR-Projekt-SS24\\TripleFMusic\\Backend\\models\\Users.js": {"path":"D:\\Familia\\FAES\\Repositories\\IPR-Projekt-SS24\\TripleFMusic\\Backend\\models\\Users.js","statementMap":{"0":{"start":{"line":3,"column":0},"end":{"line":30,"column":2}},"1":{"start":{"line":4,"column":15},"end":{"line":27,"column":4}},"2":{"start":{"line":29,"column":2},"end":{"line":29,"column":14}}},"fnMap":{"0":{"name":"(anonymous_0)","decl":{"start":{"line":3,"column":17},"end":{"line":3,"column":18}},"loc":{"start":{"line":3,"column":43},"end":{"line":30,"column":1}},"line":3}},"branchMap":{},"s":{"0":1,"1":1,"2":1},"f":{"0":1},"b":{},"_coverageSchema":"1a1c01bbd47fc00a2c39e90264f33305004495a9","hash":"2ff91b4b978ea8bc453f38e6b126a3f017204a86"}
,"D:\\Familia\\FAES\\Repositories\\IPR-Projekt-SS24\\TripleFMusic\\Backend\\models\\index.js": {"path":"D:\\Familia\\FAES\\Repositories\\IPR-Projekt-SS24\\TripleFMusic\\Backend\\models\\index.js","statementMap":{"0":{"start":{"line":3,"column":0},"end":{"line":3,"column":27}},"1":{"start":{"line":4,"column":11},"end":{"line":4,"column":24}},"2":{"start":{"line":5,"column":13},"end":{"line":5,"column":28}},"3":{"start":{"line":6,"column":18},"end":{"line":6,"column":38}},"4":{"start":{"line":7,"column":17},"end":{"line":7,"column":42}},"5":{"start":{"line":8,"column":12},"end":{"line":8,"column":49}},"6":{"start":{"line":9,"column":15},"end":{"line":9,"column":65}},"7":{"start":{"line":10,"column":11},"end":{"line":10,"column":13}},"8":{"start":{"line":13,"column":0},"end":{"line":22,"column":1}},"9":{"start":{"line":14,"column":2},"end":{"line":14,"column":74}},"10":{"start":{"line":16,"column":2},"end":{"line":21,"column":4}},"11":{"start":{"line":24,"column":0},"end":{"line":45,"column":5}},"12":{"start":{"line":26,"column":4},"end":{"line":32,"column":6}},"13":{"start":{"line":35,"column":4},"end":{"line":35,"column":49}},"14":{"start":{"line":36,"column":22},"end":{"line":36,"column":48}},"15":{"start":{"line":37,"column":26},"end":{"line":37,"column":44}},"16":{"start":{"line":38,"column":4},"end":{"line":38,"column":77}},"17":{"start":{"line":39,"column":4},"end":{"line":44,"column":5}},"18":{"start":{"line":40,"column":20},"end":{"line":40,"column":65}},"19":{"start":{"line":41,"column":6},"end":{"line":41,"column":29}},"20":{"start":{"line":43,"column":6},"end":{"line":43,"column":66}},"21":{"start":{"line":47,"column":0},"end":{"line":51,"column":3}},"22":{"start":{"line":48,"column":2},"end":{"line":50,"column":3}},"23":{"start":{"line":49,"column":4},"end":{"line":49,"column":32}},"24":{"start":{"line":53,"column":0},"end":{"line":53,"column":25}},"25":{"start":{"line":54,"column":0},"end":{"line":54,"column":25}},"26":{"start":{"line":56,"column":0},"end":{"line":56,"column":20}}},"fnMap":{"0":{"name":"(anonymous_0)","decl":{"start":{"line":25,"column":10},"end":{"line":25,"column":11}},"loc":{"start":{"line":25,"column":20},"end":{"line":33,"column":3}},"line":25},"1":{"name":"(anonymous_1)","decl":{"start":{"line":34,"column":11},"end":{"line":34,"column":12}},"loc":{"start":{"line":34,"column":21},"end":{"line":45,"column":3}},"line":34},"2":{"name":"(anonymous_2)","decl":{"start":{"line":47,"column":24},"end":{"line":47,"column":25}},"loc":{"start":{"line":47,"column":39},"end":{"line":51,"column":1}},"line":47}},"branchMap":{"0":{"loc":{"start":{"line":8,"column":12},"end":{"line":8,"column":49}},"type":"binary-expr","locations":[{"start":{"line":8,"column":12},"end":{"line":8,"column":32}},{"start":{"line":8,"column":36},"end":{"line":8,"column":49}}],"line":8},"1":{"loc":{"start":{"line":13,"column":0},"end":{"line":22,"column":1}},"type":"if","locations":[{"start":{"line":13,"column":0},"end":{"line":22,"column":1}},{"start":{"line":15,"column":7},"end":{"line":22,"column":1}}],"line":13},"2":{"loc":{"start":{"line":27,"column":6},"end":{"line":31,"column":33}},"type":"binary-expr","locations":[{"start":{"line":27,"column":6},"end":{"line":27,"column":29}},{"start":{"line":28,"column":6},"end":{"line":28,"column":23}},{"start":{"line":29,"column":6},"end":{"line":29,"column":30}},{"start":{"line":30,"column":6},"end":{"line":30,"column":37}},{"start":{"line":31,"column":6},"end":{"line":31,"column":33}}],"line":27},"3":{"loc":{"start":{"line":39,"column":4},"end":{"line":44,"column":5}},"type":"if","locations":[{"start":{"line":39,"column":4},"end":{"line":44,"column":5}},{"start":{"line":42,"column":11},"end":{"line":44,"column":5}}],"line":39},"4":{"loc":{"start":{"line":48,"column":2},"end":{"line":50,"column":3}},"type":"if","locations":[{"start":{"line":48,"column":2},"end":{"line":50,"column":3}},{"start":{},"end":{}}],"line":48}},"s":{"0":1,"1":1,"2":1,"3":1,"4":1,"5":1,"6":1,"7":1,"8":1,"9":0,"10":1,"11":1,"12":6,"13":5,"14":5,"15":5,"16":5,"17":5,"18":5,"19":5,"20":0,"21":1,"22":5,"23":2,"24":1,"25":1,"26":1},"f":{"0":6,"1":5,"2":5},"b":{"0":[1,0],"1":[0,1],"2":[6,6,5,5,5],"3":[5,0],"4":[2,3]},"_coverageSchema":"1a1c01bbd47fc00a2c39e90264f33305004495a9","hash":"ca11ba8407e43d5324d8517352ed3248ef8c9b09"}
,"D:\\Familia\\FAES\\Repositories\\IPR-Projekt-SS24\\TripleFMusic\\Backend\\services\\emailService.js": {"path":"D:\\Familia\\FAES\\Repositories\\IPR-Projekt-SS24\\TripleFMusic\\Backend\\services\\emailService.js","statementMap":{"0":{"start":{"line":1,"column":13},"end":{"line":1,"column":28}},"1":{"start":{"line":2,"column":19},"end":{"line":2,"column":40}},"2":{"start":{"line":3,"column":0},"end":{"line":3,"column":27}},"3":{"start":{"line":5,"column":17},"end":{"line":5,"column":87}},"4":{"start":{"line":7,"column":20},"end":{"line":13,"column":2}},"5":{"start":{"line":15,"column":31},"end":{"line":101,"column":1}},"6":{"start":{"line":16,"column":22},"end":{"line":98,"column":3}},"7":{"start":{"line":100,"column":2},"end":{"line":100,"column":43}},"8":{"start":{"line":103,"column":0},"end":{"line":103,"column":44}}},"fnMap":{"0":{"name":"(anonymous_0)","decl":{"start":{"line":15,"column":31},"end":{"line":15,"column":32}},"loc":{"start":{"line":15,"column":65},"end":{"line":101,"column":1}},"line":15}},"branchMap":{},"s":{"0":2,"1":2,"2":2,"3":2,"4":2,"5":2,"6":0,"7":0,"8":2},"f":{"0":0},"b":{},"_coverageSchema":"1a1c01bbd47fc00a2c39e90264f33305004495a9","hash":"d8c2becc9d6b09031220929b43cb4ae456f084a4"}
}
