{"C:\\Users\\fiona\\OneDrive\\Dokumente\\HFT\\IPR-Projekt-SS24\\TripleFMusic\\Backend\\controllers\\authController.js": {"path":"C:\\Users\\fiona\\OneDrive\\Dokumente\\HFT\\IPR-Projekt-SS24\\TripleFMusic\\Backend\\controllers\\authController.js","statementMap":{"0":{"start":{"line":1,"column":15},"end":{"line":1,"column":32}},"1":{"start":{"line":2,"column":15},"end":{"line":2,"column":32}},"2":{"start":{"line":3,"column":37},"end":{"line":3,"column":57}},"3":{"start":{"line":4,"column":35},"end":{"line":4,"column":70}},"4":{"start":{"line":8,"column":2},"end":{"line":8,"column":48}},"5":{"start":{"line":12,"column":0},"end":{"line":37,"column":2}},"6":{"start":{"line":13,"column":2},"end":{"line":36,"column":3}},"7":{"start":{"line":14,"column":22},"end":{"line":14,"column":30}},"8":{"start":{"line":15,"column":17},"end":{"line":15,"column":57}},"9":{"start":{"line":17,"column":4},"end":{"line":19,"column":5}},"10":{"start":{"line":18,"column":6},"end":{"line":18,"column":84}},"11":{"start":{"line":22,"column":18},"end":{"line":22,"column":38}},"12":{"start":{"line":23,"column":4},"end":{"line":23,"column":54}},"13":{"start":{"line":26,"column":22},"end":{"line":26,"column":90}},"14":{"start":{"line":29,"column":4},"end":{"line":29,"column":72}},"15":{"start":{"line":31,"column":4},"end":{"line":31,"column":103}},"16":{"start":{"line":34,"column":4},"end":{"line":34,"column":53}},"17":{"start":{"line":35,"column":4},"end":{"line":35,"column":73}},"18":{"start":{"line":40,"column":0},"end":{"line":60,"column":2}},"19":{"start":{"line":41,"column":40},"end":{"line":41,"column":48}},"20":{"start":{"line":42,"column":2},"end":{"line":59,"column":3}},"21":{"start":{"line":43,"column":23},"end":{"line":43,"column":84}},"22":{"start":{"line":45,"column":4},"end":{"line":47,"column":5}},"23":{"start":{"line":46,"column":6},"end":{"line":46,"column":75}},"24":{"start":{"line":49,"column":27},"end":{"line":49,"column":61}},"25":{"start":{"line":51,"column":4},"end":{"line":51,"column":74}},"26":{"start":{"line":53,"column":4},"end":{"line":53,"column":59}},"27":{"start":{"line":55,"column":4},"end":{"line":55,"column":78}},"28":{"start":{"line":57,"column":4},"end":{"line":57,"column":52}},"29":{"start":{"line":58,"column":4},"end":{"line":58,"column":66}},"30":{"start":{"line":63,"column":0},"end":{"line":92,"column":2}},"31":{"start":{"line":64,"column":61},"end":{"line":64,"column":69}},"32":{"start":{"line":65,"column":2},"end":{"line":65,"column":66}},"33":{"start":{"line":66,"column":2},"end":{"line":91,"column":3}},"34":{"start":{"line":67,"column":4},"end":{"line":67,"column":41}},"35":{"start":{"line":68,"column":27},"end":{"line":68,"column":58}},"36":{"start":{"line":69,"column":4},"end":{"line":69,"column":54}},"37":{"start":{"line":72,"column":4},"end":{"line":72,"column":63}},"38":{"start":{"line":73,"column":20},"end":{"line":79,"column":6}},"39":{"start":{"line":82,"column":4},"end":{"line":82,"column":44}},"40":{"start":{"line":83,"column":4},"end":{"line":83,"column":82}},"41":{"start":{"line":85,"column":4},"end":{"line":85,"column":62}},"42":{"start":{"line":86,"column":4},"end":{"line":90,"column":5}},"43":{"start":{"line":87,"column":6},"end":{"line":87,"column":76}},"44":{"start":{"line":89,"column":6},"end":{"line":89,"column":73}}},"fnMap":{"0":{"name":"generateResetToken","decl":{"start":{"line":7,"column":9},"end":{"line":7,"column":27}},"loc":{"start":{"line":7,"column":30},"end":{"line":9,"column":1}},"line":7},"1":{"name":"(anonymous_1)","decl":{"start":{"line":12,"column":25},"end":{"line":12,"column":26}},"loc":{"start":{"line":12,"column":45},"end":{"line":37,"column":1}},"line":12},"2":{"name":"(anonymous_2)","decl":{"start":{"line":40,"column":24},"end":{"line":40,"column":25}},"loc":{"start":{"line":40,"column":44},"end":{"line":60,"column":1}},"line":40},"3":{"name":"(anonymous_3)","decl":{"start":{"line":63,"column":19},"end":{"line":63,"column":20}},"loc":{"start":{"line":63,"column":39},"end":{"line":92,"column":1}},"line":63}},"branchMap":{"0":{"loc":{"start":{"line":17,"column":4},"end":{"line":19,"column":5}},"type":"if","locations":[{"start":{"line":17,"column":4},"end":{"line":19,"column":5}},{"start":{},"end":{}}],"line":17},"1":{"loc":{"start":{"line":45,"column":4},"end":{"line":47,"column":5}},"type":"if","locations":[{"start":{"line":45,"column":4},"end":{"line":47,"column":5}},{"start":{},"end":{}}],"line":45},"2":{"loc":{"start":{"line":86,"column":4},"end":{"line":90,"column":5}},"type":"if","locations":[{"start":{"line":86,"column":4},"end":{"line":90,"column":5}},{"start":{"line":88,"column":11},"end":{"line":90,"column":5}}],"line":86}},"s":{"0":1,"1":1,"2":1,"3":1,"4":0,"5":1,"6":0,"7":0,"8":0,"9":0,"10":0,"11":0,"12":0,"13":0,"14":0,"15":0,"16":0,"17":0,"18":1,"19":0,"20":0,"21":0,"22":0,"23":0,"24":0,"25":0,"26":0,"27":0,"28":0,"29":0,"30":1,"31":0,"32":0,"33":0,"34":0,"35":0,"36":0,"37":0,"38":0,"39":0,"40":0,"41":0,"42":0,"43":0,"44":0},"f":{"0":0,"1":0,"2":0,"3":0},"b":{"0":[0,0],"1":[0,0],"2":[0,0]},"_coverageSchema":"1a1c01bbd47fc00a2c39e90264f33305004495a9","hash":"90dba514fe5e1e2bda588d0454af98042baa2de6"}
,"C:\\Users\\fiona\\OneDrive\\Dokumente\\HFT\\IPR-Projekt-SS24\\TripleFMusic\\Backend\\services\\emailService.js": {"path":"C:\\Users\\fiona\\OneDrive\\Dokumente\\HFT\\IPR-Projekt-SS24\\TripleFMusic\\Backend\\services\\emailService.js","statementMap":{"0":{"start":{"line":1,"column":13},"end":{"line":1,"column":28}},"1":{"start":{"line":2,"column":19},"end":{"line":2,"column":40}},"2":{"start":{"line":3,"column":0},"end":{"line":3,"column":27}},"3":{"start":{"line":5,"column":17},"end":{"line":5,"column":87}},"4":{"start":{"line":7,"column":20},"end":{"line":13,"column":2}},"5":{"start":{"line":15,"column":31},"end":{"line":101,"column":1}},"6":{"start":{"line":16,"column":22},"end":{"line":98,"column":3}},"7":{"start":{"line":100,"column":2},"end":{"line":100,"column":43}},"8":{"start":{"line":103,"column":0},"end":{"line":103,"column":44}}},"fnMap":{"0":{"name":"(anonymous_0)","decl":{"start":{"line":15,"column":31},"end":{"line":15,"column":32}},"loc":{"start":{"line":15,"column":65},"end":{"line":101,"column":1}},"line":15}},"branchMap":{},"s":{"0":1,"1":1,"2":1,"3":1,"4":1,"5":1,"6":0,"7":0,"8":1},"f":{"0":0},"b":{},"_coverageSchema":"1a1c01bbd47fc00a2c39e90264f33305004495a9","hash":"29b44329292c168f8d942d916a6ccfd8c2def415"}
}
