TN:
SF:controllers\authController.js
FN:7,generateResetToken
FN:12,(anonymous_1)
FN:40,(anonymous_2)
FN:63,(anonymous_3)
FNF:4
FNH:0
FNDA:0,generateResetToken
FNDA:0,(anonymous_1)
FNDA:0,(anonymous_2)
FNDA:0,(anonymous_3)
DA:1,1
DA:2,1
DA:3,1
DA:4,1
DA:8,0
DA:12,1
DA:13,0
DA:14,0
DA:15,0
DA:17,0
DA:18,0
DA:22,0
DA:23,0
DA:26,0
DA:29,0
DA:31,0
DA:34,0
DA:35,0
DA:40,1
DA:41,0
DA:42,0
DA:43,0
DA:45,0
DA:46,0
DA:49,0
DA:51,0
DA:53,0
DA:55,0
DA:57,0
DA:58,0
DA:63,1
DA:64,0
DA:65,0
DA:66,0
DA:67,0
DA:68,0
DA:69,0
DA:72,0
DA:73,0
DA:82,0
DA:83,0
DA:85,0
DA:86,0
DA:87,0
DA:89,0
LF:45
LH:7
BRDA:17,0,0,0
BRDA:17,0,1,0
BRDA:45,1,0,0
BRDA:45,1,1,0
BRDA:86,2,0,0
BRDA:86,2,1,0
BRF:6
BRH:0
end_of_record
TN:
SF:services\emailService.js
FN:15,(anonymous_0)
FNF:1
FNH:0
FNDA:0,(anonymous_0)
DA:1,1
DA:2,1
DA:3,1
DA:5,1
DA:7,1
DA:15,1
DA:16,0
DA:100,0
DA:103,1
LF:9
LH:7
BRF:0
BRH:0
end_of_record
