TN:
SF:controllers\authController.js
FN:7,generateResetToken
FN:12,(anonymous_1)
FN:40,(anonymous_2)
FN:63,(anonymous_3)
FNF:4
FNH:4
FNDA:1,generateResetToken
FNDA:2,(anonymous_1)
FNDA:2,(anonymous_2)
FNDA:2,(anonymous_3)
DA:1,2
DA:2,2
DA:3,2
DA:4,2
DA:8,1
DA:12,2
DA:13,2
DA:14,2
DA:15,2
DA:17,2
DA:18,1
DA:22,1
DA:23,1
DA:26,1
DA:29,1
DA:31,1
DA:34,0
DA:35,0
DA:40,2
DA:41,2
DA:42,2
DA:43,2
DA:45,2
DA:46,1
DA:49,1
DA:51,1
DA:53,1
DA:55,1
DA:57,0
DA:58,0
DA:63,2
DA:64,2
DA:65,2
DA:66,2
DA:67,2
DA:68,2
DA:69,2
DA:72,2
DA:73,2
DA:82,2
DA:83,2
DA:85,0
DA:86,0
DA:87,0
DA:89,0
LF:45
LH:37
BRDA:17,0,0,1
BRDA:17,0,1,1
BRDA:45,1,0,1
BRDA:45,1,1,1
BRDA:86,2,0,0
BRDA:86,2,1,0
BRF:6
BRH:4
end_of_record
TN:
SF:models\PasswordResetToken.js
FN:1,(anonymous_0)
FNF:1
FNH:1
FNDA:1,(anonymous_0)
DA:1,1
DA:2,1
DA:20,1
LF:3
LH:3
BRF:0
BRH:0
end_of_record
TN:
SF:models\Playlists.js
FN:1,(anonymous_0)
FN:10,(anonymous_1)
FNF:2
FNH:2
FNDA:1,(anonymous_0)
FNDA:1,(anonymous_1)
DA:1,1
DA:2,1
DA:10,1
DA:11,1
DA:18,1
LF:5
LH:5
BRF:0
BRH:0
end_of_record
TN:
SF:models\SongPlaylists.js
FN:1,(anonymous_0)
FNF:1
FNH:1
FNDA:1,(anonymous_0)
DA:1,1
DA:2,1
DA:19,1
LF:3
LH:3
BRF:0
BRH:0
end_of_record
TN:
SF:models\Songs.js
FN:1,(anonymous_0)
FN:33,(anonymous_1)
FNF:2
FNH:2
FNDA:1,(anonymous_0)
FNDA:1,(anonymous_1)
DA:1,1
DA:2,1
DA:33,1
DA:34,1
DA:41,1
LF:5
LH:5
BRF:0
BRH:0
end_of_record
TN:
SF:models\Users.js
FN:3,(anonymous_0)
FNF:1
FNH:1
FNDA:1,(anonymous_0)
DA:3,1
DA:4,1
DA:29,1
LF:3
LH:3
BRF:0
BRH:0
end_of_record
TN:
SF:models\index.js
FN:25,(anonymous_0)
FN:34,(anonymous_1)
FN:47,(anonymous_2)
FNF:3
FNH:3
FNDA:6,(anonymous_0)
FNDA:5,(anonymous_1)
FNDA:5,(anonymous_2)
DA:3,1
DA:4,1
DA:5,1
DA:6,1
DA:7,1
DA:8,1
DA:9,1
DA:10,1
DA:13,1
DA:14,0
DA:16,1
DA:24,1
DA:26,6
DA:35,5
DA:36,5
DA:37,5
DA:38,5
DA:39,5
DA:40,5
DA:41,5
DA:43,0
DA:47,1
DA:48,5
DA:49,2
DA:53,1
DA:54,1
DA:56,1
LF:27
LH:25
BRDA:8,0,0,1
BRDA:8,0,1,0
BRDA:13,1,0,0
BRDA:13,1,1,1
BRDA:27,2,0,6
BRDA:27,2,1,6
BRDA:27,2,2,5
BRDA:27,2,3,5
BRDA:27,2,4,5
BRDA:39,3,0,5
BRDA:39,3,1,0
BRDA:48,4,0,2
BRDA:48,4,1,3
BRF:13
BRH:10
end_of_record
TN:
SF:services\emailService.js
FN:15,(anonymous_0)
FNF:1
FNH:0
FNDA:0,(anonymous_0)
DA:1,2
DA:2,2
DA:3,2
DA:5,2
DA:7,2
DA:15,2
DA:16,0
DA:100,0
DA:103,2
LF:9
LH:7
BRF:0
BRH:0
end_of_record
