<?xml version="1.0" encoding="UTF-8"?>
<coverage generated="1719448338207" clover="3.2.0">
  <project timestamp="1719448338207" name="All files">
    <metrics statements="508" coveredstatements="459" conditionals="225" coveredconditionals="187" methods="160" coveredmethods="138" elements="893" coveredelements="784" complexity="0" loc="508" ncloc="508" packages="4" files="17" classes="17"/>
    <package name="src">
      <metrics statements="39" coveredstatements="38" conditionals="14" coveredconditionals="12" methods="7" coveredmethods="7"/>
      <file name="PrivateRoute.jsx" path="/Users/fundasebnemyesiltas/FinaleVersion/IPR-Projekt-SS24/TripleFMusic/Frontend/src/PrivateRoute.jsx">
        <metrics statements="6" coveredstatements="5" conditionals="4" coveredconditionals="2" methods="1" coveredmethods="1"/>
        <line num="5" count="1" type="stmt"/>
        <line num="6" count="7" type="stmt"/>
        <line num="8" count="7" type="stmt"/>
        <line num="10" count="7" type="cond" truecount="1" falsecount="1"/>
        <line num="11" count="0" type="stmt"/>
        <line num="14" count="7" type="cond" truecount="1" falsecount="1"/>
      </file>
      <file name="authContext.jsx" path="/Users/fundasebnemyesiltas/FinaleVersion/IPR-Projekt-SS24/TripleFMusic/Frontend/src/authContext.jsx">
        <metrics statements="30" coveredstatements="30" conditionals="10" coveredconditionals="10" methods="5" coveredmethods="5"/>
        <line num="4" count="3" type="stmt"/>
        <line num="6" count="3" type="stmt"/>
        <line num="7" count="107" type="stmt"/>
        <line num="8" count="107" type="stmt"/>
        <line num="9" count="107" type="stmt"/>
        <line num="11" count="107" type="stmt"/>
        <line num="12" count="50" type="cond" truecount="2" falsecount="0"/>
        <line num="13" count="50" type="cond" truecount="2" falsecount="0"/>
        <line num="14" count="50" type="cond" truecount="4" falsecount="0"/>
        <line num="15" count="14" type="stmt"/>
        <line num="16" count="14" type="stmt"/>
        <line num="18" count="50" type="stmt"/>
        <line num="21" count="107" type="stmt"/>
        <line num="22" count="5" type="cond" truecount="2" falsecount="0"/>
        <line num="23" count="3" type="stmt"/>
        <line num="24" count="3" type="stmt"/>
        <line num="26" count="2" type="stmt"/>
        <line num="27" count="2" type="stmt"/>
        <line num="29" count="5" type="stmt"/>
        <line num="30" count="5" type="stmt"/>
        <line num="33" count="107" type="stmt"/>
        <line num="34" count="2" type="stmt"/>
        <line num="35" count="2" type="stmt"/>
        <line num="36" count="2" type="stmt"/>
        <line num="37" count="2" type="stmt"/>
        <line num="38" count="2" type="stmt"/>
        <line num="39" count="2" type="stmt"/>
        <line num="42" count="107" type="stmt"/>
        <line num="49" count="3" type="stmt"/>
        <line num="50" count="111" type="stmt"/>
      </file>
      <file name="axiosConfig.js" path="/Users/fundasebnemyesiltas/FinaleVersion/IPR-Projekt-SS24/TripleFMusic/Frontend/src/axiosConfig.js">
        <metrics statements="1" coveredstatements="1" conditionals="0" coveredconditionals="0" methods="0" coveredmethods="0"/>
        <line num="8" count="2" type="stmt"/>
      </file>
      <file name="layout.jsx" path="/Users/fundasebnemyesiltas/FinaleVersion/IPR-Projekt-SS24/TripleFMusic/Frontend/src/layout.jsx">
        <metrics statements="2" coveredstatements="2" conditionals="0" coveredconditionals="0" methods="1" coveredmethods="1"/>
        <line num="13" count="1" type="stmt"/>
        <line num="24" count="11" type="stmt"/>
      </file>
    </package>
    <package name="src.models">
      <metrics statements="12" coveredstatements="12" conditionals="4" coveredconditionals="2" methods="3" coveredmethods="3"/>
      <file name="computer.jsx" path="/Users/fundasebnemyesiltas/FinaleVersion/IPR-Projekt-SS24/TripleFMusic/Frontend/src/models/computer.jsx">
        <metrics statements="12" coveredstatements="12" conditionals="4" coveredconditionals="2" methods="3" coveredmethods="3"/>
        <line num="7" count="1" type="stmt"/>
        <line num="8" count="92" type="stmt"/>
        <line num="9" count="92" type="stmt"/>
        <line num="10" count="91" type="cond" truecount="1" falsecount="1"/>
        <line num="11" count="91" type="stmt"/>
        <line num="12" count="91" type="stmt"/>
        <line num="13" count="91" type="stmt"/>
        <line num="17" count="91" type="cond" truecount="1" falsecount="1"/>
        <line num="18" count="91" type="stmt"/>
        <line num="19" count="91" type="stmt"/>
        <line num="22" count="1" type="stmt"/>
        <line num="23" count="92" type="stmt"/>
      </file>
    </package>
    <package name="src.pages.Header">
      <metrics statements="72" coveredstatements="62" conditionals="42" coveredconditionals="33" methods="17" coveredmethods="14"/>
      <file name="Header.jsx" path="/Users/fundasebnemyesiltas/FinaleVersion/IPR-Projekt-SS24/TripleFMusic/Frontend/src/pages/Header/Header.jsx">
        <metrics statements="72" coveredstatements="62" conditionals="42" coveredconditionals="33" methods="17" coveredmethods="14"/>
        <line num="29" count="88" type="stmt"/>
        <line num="30" count="88" type="stmt"/>
        <line num="32" count="87" type="stmt"/>
        <line num="33" count="86" type="stmt"/>
        <line num="34" count="86" type="stmt"/>
        <line num="35" count="86" type="stmt"/>
        <line num="36" count="86" type="stmt"/>
        <line num="37" count="86" type="stmt"/>
        <line num="44" count="86" type="stmt"/>
        <line num="46" count="86" type="stmt"/>
        <line num="47" count="86" type="stmt"/>
        <line num="48" count="86" type="stmt"/>
        <line num="50" count="86" type="stmt"/>
        <line num="51" count="4" type="stmt"/>
        <line num="52" count="4" type="stmt"/>
        <line num="55" count="86" type="stmt"/>
        <line num="56" count="19" type="stmt"/>
        <line num="59" count="86" type="stmt"/>
        <line num="60" count="0" type="stmt"/>
        <line num="63" count="86" type="stmt"/>
        <line num="64" count="4" type="stmt"/>
        <line num="70" count="4" type="stmt"/>
        <line num="71" count="4" type="stmt"/>
        <line num="74" count="86" type="stmt"/>
        <line num="75" count="16" type="stmt"/>
        <line num="76" count="16" type="stmt"/>
        <line num="79" count="86" type="stmt"/>
        <line num="80" count="4" type="stmt"/>
        <line num="82" count="4" type="cond" truecount="2" falsecount="0"/>
        <line num="83" count="2" type="stmt"/>
        <line num="84" count="2" type="stmt"/>
        <line num="87" count="2" type="stmt"/>
        <line num="88" count="2" type="cond" truecount="2" falsecount="0"/>
        <line num="89" count="2" type="stmt"/>
        <line num="98" count="2" type="stmt"/>
        <line num="99" count="2" type="stmt"/>
        <line num="100" count="2" type="stmt"/>
        <line num="101" count="0" type="stmt"/>
        <line num="104" count="0" type="stmt"/>
        <line num="105" count="0" type="stmt"/>
        <line num="109" count="86" type="stmt"/>
        <line num="110" count="2" type="cond" truecount="1" falsecount="1"/>
        <line num="111" count="0" type="stmt"/>
        <line num="112" count="0" type="stmt"/>
        <line num="115" count="2" type="stmt"/>
        <line num="116" count="2" type="cond" truecount="2" falsecount="0"/>
        <line num="117" count="2" type="stmt"/>
        <line num="123" count="2" type="stmt"/>
        <line num="124" count="2" type="stmt"/>
        <line num="125" count="2" type="stmt"/>
        <line num="126" count="2" type="stmt"/>
        <line num="128" count="0" type="stmt"/>
        <line num="129" count="0" type="stmt"/>
        <line num="134" count="86" type="stmt"/>
        <line num="135" count="3" type="stmt"/>
        <line num="138" count="86" type="stmt"/>
        <line num="139" count="12" type="stmt"/>
        <line num="142" count="86" type="stmt"/>
        <line num="143" count="2" type="stmt"/>
        <line num="144" count="2" type="stmt"/>
        <line num="150" count="2" type="stmt"/>
        <line num="151" count="2" type="stmt"/>
        <line num="154" count="86" type="stmt"/>
        <line num="155" count="20" type="stmt"/>
        <line num="156" count="0" type="cond" truecount="0" falsecount="2"/>
        <line num="162" count="0" type="stmt"/>
        <line num="166" count="20" type="stmt"/>
        <line num="167" count="20" type="stmt"/>
        <line num="168" count="20" type="stmt"/>
        <line num="172" count="86" type="stmt"/>
        <line num="198" count="16" type="stmt"/>
        <line num="318" count="2" type="stmt"/>
      </file>
    </package>
    <package name="src.pages.MainArea">
      <metrics statements="385" coveredstatements="347" conditionals="165" coveredconditionals="140" methods="133" coveredmethods="114"/>
      <file name="About.jsx" path="/Users/fundasebnemyesiltas/FinaleVersion/IPR-Projekt-SS24/TripleFMusic/Frontend/src/pages/MainArea/About.jsx">
        <metrics statements="11" coveredstatements="11" conditionals="2" coveredconditionals="2" methods="8" coveredmethods="8"/>
        <line num="19" count="8" type="stmt"/>
        <line num="20" count="8" type="stmt"/>
        <line num="22" count="7" type="stmt"/>
        <line num="23" count="1" type="stmt"/>
        <line num="26" count="7" type="stmt"/>
        <line num="31" count="1" type="stmt"/>
        <line num="36" count="1" type="stmt"/>
        <line num="41" count="1" type="stmt"/>
        <line num="46" count="1" type="stmt"/>
        <line num="51" count="1" type="stmt"/>
        <line num="106" count="2" type="stmt"/>
      </file>
      <file name="AddSong.jsx" path="/Users/fundasebnemyesiltas/FinaleVersion/IPR-Projekt-SS24/TripleFMusic/Frontend/src/pages/MainArea/AddSong.jsx">
        <metrics statements="83" coveredstatements="73" conditionals="14" coveredconditionals="14" methods="34" coveredmethods="23"/>
        <line num="27" count="42" type="stmt"/>
        <line num="29" count="41" type="stmt"/>
        <line num="30" count="41" type="stmt"/>
        <line num="31" count="41" type="stmt"/>
        <line num="32" count="41" type="stmt"/>
        <line num="33" count="41" type="stmt"/>
        <line num="34" count="41" type="stmt"/>
        <line num="35" count="41" type="stmt"/>
        <line num="36" count="41" type="stmt"/>
        <line num="37" count="41" type="stmt"/>
        <line num="38" count="41" type="stmt"/>
        <line num="39" count="41" type="stmt"/>
        <line num="40" count="41" type="stmt"/>
        <line num="41" count="41" type="stmt"/>
        <line num="42" count="41" type="stmt"/>
        <line num="43" count="41" type="stmt"/>
        <line num="45" count="41" type="stmt"/>
        <line num="46" count="1" type="stmt"/>
        <line num="47" count="1" type="stmt"/>
        <line num="48" count="1" type="stmt"/>
        <line num="51" count="41" type="stmt"/>
        <line num="52" count="0" type="stmt"/>
        <line num="55" count="41" type="stmt"/>
        <line num="56" count="1" type="stmt"/>
        <line num="57" count="1" type="stmt"/>
        <line num="58" count="1" type="stmt"/>
        <line num="61" count="41" type="stmt"/>
        <line num="62" count="0" type="stmt"/>
        <line num="65" count="41" type="stmt"/>
        <line num="66" count="5" type="stmt"/>
        <line num="67" count="5" type="stmt"/>
        <line num="68" count="5" type="stmt"/>
        <line num="69" count="5" type="stmt"/>
        <line num="70" count="5" type="stmt"/>
        <line num="71" count="5" type="stmt"/>
        <line num="72" count="5" type="stmt"/>
        <line num="73" count="5" type="stmt"/>
        <line num="75" count="5" type="stmt"/>
        <line num="76" count="5" type="stmt"/>
        <line num="85" count="4" type="stmt"/>
        <line num="86" count="4" type="stmt"/>
        <line num="87" count="4" type="stmt"/>
        <line num="88" count="1" type="stmt"/>
        <line num="91" count="1" type="stmt"/>
        <line num="92" count="1" type="stmt"/>
        <line num="96" count="41" type="stmt"/>
        <line num="97" count="2" type="stmt"/>
        <line num="98" count="2" type="cond" truecount="2" falsecount="0"/>
        <line num="99" count="1" type="stmt"/>
        <line num="104" count="41" type="stmt"/>
        <line num="105" count="2" type="cond" truecount="2" falsecount="0"/>
        <line num="106" count="1" type="stmt"/>
        <line num="108" count="1" type="stmt"/>
        <line num="120" count="2" type="stmt"/>
        <line num="123" count="41" type="stmt"/>
        <line num="124" count="2" type="stmt"/>
        <line num="125" count="2" type="cond" truecount="2" falsecount="0"/>
        <line num="126" count="1" type="stmt"/>
        <line num="131" count="41" type="stmt"/>
        <line num="132" count="2" type="cond" truecount="2" falsecount="0"/>
        <line num="133" count="1" type="stmt"/>
        <line num="135" count="1" type="stmt"/>
        <line num="137" count="2" type="stmt"/>
        <line num="140" count="41" type="stmt"/>
        <line num="141" count="15" type="stmt"/>
        <line num="142" count="14" type="stmt"/>
        <line num="143" count="6" type="stmt"/>
        <line num="144" count="9" type="stmt"/>
        <line num="147" count="41" type="stmt"/>
        <line num="155" count="0" type="stmt"/>
        <line num="169" count="0" type="stmt"/>
        <line num="183" count="0" type="stmt"/>
        <line num="201" count="0" type="stmt"/>
        <line num="215" count="0" type="stmt"/>
        <line num="240" count="0" type="stmt"/>
        <line num="313" count="6" type="stmt"/>
        <line num="320" count="6" type="stmt"/>
        <line num="344" count="6" type="stmt"/>
        <line num="349" count="2" type="stmt"/>
        <line num="380" count="369" type="stmt"/>
        <line num="386" count="2" type="stmt"/>
        <line num="400" count="0" type="stmt"/>
        <line num="407" count="0" type="stmt"/>
      </file>
      <file name="Home.jsx" path="/Users/fundasebnemyesiltas/FinaleVersion/IPR-Projekt-SS24/TripleFMusic/Frontend/src/pages/MainArea/Home.jsx">
        <metrics statements="7" coveredstatements="7" conditionals="0" coveredconditionals="0" methods="6" coveredmethods="6"/>
        <line num="20" count="6" type="stmt"/>
        <line num="22" count="6" type="stmt"/>
        <line num="30" count="1" type="stmt"/>
        <line num="44" count="1" type="stmt"/>
        <line num="58" count="1" type="stmt"/>
        <line num="76" count="1" type="stmt"/>
        <line num="89" count="1" type="stmt"/>
      </file>
      <file name="Internet.jsx" path="/Users/fundasebnemyesiltas/FinaleVersion/IPR-Projekt-SS24/TripleFMusic/Frontend/src/pages/MainArea/Internet.jsx">
        <metrics statements="17" coveredstatements="17" conditionals="2" coveredconditionals="2" methods="10" coveredmethods="10"/>
        <line num="16" count="1" type="stmt"/>
        <line num="17" count="13" type="stmt"/>
        <line num="18" count="12" type="stmt"/>
        <line num="20" count="12" type="stmt"/>
        <line num="21" count="1" type="stmt"/>
        <line num="24" count="12" type="stmt"/>
        <line num="25" count="1" type="stmt"/>
        <line num="28" count="12" type="stmt"/>
        <line num="29" count="3" type="stmt"/>
        <line num="32" count="12" type="stmt"/>
        <line num="33" count="1" type="stmt"/>
        <line num="36" count="12" type="stmt"/>
        <line num="42" count="1" type="stmt"/>
        <line num="51" count="1" type="stmt"/>
        <line num="60" count="1" type="stmt"/>
        <line num="69" count="1" type="stmt"/>
        <line num="78" count="1" type="stmt"/>
      </file>
      <file name="Loader.jsx" path="/Users/fundasebnemyesiltas/FinaleVersion/IPR-Projekt-SS24/TripleFMusic/Frontend/src/pages/MainArea/Loader.jsx">
        <metrics statements="2" coveredstatements="2" conditionals="0" coveredconditionals="0" methods="1" coveredmethods="1"/>
        <line num="6" count="1" type="stmt"/>
        <line num="7" count="1" type="stmt"/>
      </file>
      <file name="Login.jsx" path="/Users/fundasebnemyesiltas/FinaleVersion/IPR-Projekt-SS24/TripleFMusic/Frontend/src/pages/MainArea/Login.jsx">
        <metrics statements="58" coveredstatements="50" conditionals="24" coveredconditionals="20" methods="13" coveredmethods="10"/>
        <line num="26" count="91" type="stmt"/>
        <line num="27" count="90" type="stmt"/>
        <line num="28" count="90" type="stmt"/>
        <line num="29" count="90" type="stmt"/>
        <line num="30" count="90" type="stmt"/>
        <line num="31" count="90" type="stmt"/>
        <line num="32" count="90" type="stmt"/>
        <line num="33" count="90" type="stmt"/>
        <line num="34" count="90" type="stmt"/>
        <line num="36" count="90" type="stmt"/>
        <line num="38" count="90" type="stmt"/>
        <line num="40" count="90" type="stmt"/>
        <line num="41" count="6" type="cond" truecount="4" falsecount="0"/>
        <line num="42" count="2" type="stmt"/>
        <line num="43" count="2" type="stmt"/>
        <line num="46" count="4" type="stmt"/>
        <line num="47" count="4" type="stmt"/>
        <line num="48" count="4" type="stmt"/>
        <line num="49" count="2" type="stmt"/>
        <line num="51" count="2" type="stmt"/>
        <line num="52" count="2" type="stmt"/>
        <line num="54" count="2" type="stmt"/>
        <line num="55" count="2" type="stmt"/>
        <line num="56" count="2" type="cond" truecount="1" falsecount="1"/>
        <line num="57" count="2" type="stmt"/>
        <line num="58" count="0" type="cond" truecount="0" falsecount="2"/>
        <line num="59" count="0" type="stmt"/>
        <line num="61" count="0" type="stmt"/>
        <line num="64" count="4" type="stmt"/>
        <line num="68" count="90" type="stmt"/>
        <line num="69" count="8" type="cond" truecount="1" falsecount="1"/>
        <line num="70" count="0" type="stmt"/>
        <line num="71" count="0" type="stmt"/>
        <line num="74" count="8" type="stmt"/>
        <line num="75" count="8" type="stmt"/>
        <line num="76" count="8" type="stmt"/>
        <line num="77" count="7" type="cond" truecount="2" falsecount="0"/>
        <line num="78" count="6" type="stmt"/>
        <line num="79" count="6" type="stmt"/>
        <line num="80" count="6" type="stmt"/>
        <line num="81" count="6" type="stmt"/>
        <line num="82" count="6" type="stmt"/>
        <line num="85" count="1" type="stmt"/>
        <line num="88" count="1" type="stmt"/>
        <line num="90" count="8" type="stmt"/>
        <line num="94" count="90" type="stmt"/>
        <line num="95" count="10" type="stmt"/>
        <line num="98" count="90" type="stmt"/>
        <line num="99" count="2" type="stmt"/>
        <line num="102" count="90" type="stmt"/>
        <line num="103" count="2" type="stmt"/>
        <line num="106" count="90" type="stmt"/>
        <line num="136" count="0" type="stmt"/>
        <line num="147" count="4" type="stmt"/>
        <line num="154" count="4" type="stmt"/>
        <line num="171" count="0" type="stmt"/>
        <line num="184" count="0" type="stmt"/>
        <line num="208" count="8" type="stmt"/>
      </file>
      <file name="PlaylistContent.jsx" path="/Users/fundasebnemyesiltas/FinaleVersion/IPR-Projekt-SS24/TripleFMusic/Frontend/src/pages/MainArea/PlaylistContent.jsx">
        <metrics statements="69" coveredstatements="60" conditionals="54" coveredconditionals="47" methods="26" coveredmethods="25"/>
        <line num="21" count="2" type="stmt"/>
        <line num="29" count="44" type="stmt"/>
        <line num="30" count="44" type="stmt"/>
        <line num="36" count="44" type="stmt"/>
        <line num="37" count="44" type="stmt"/>
        <line num="38" count="44" type="stmt"/>
        <line num="39" count="44" type="stmt"/>
        <line num="42" count="44" type="stmt"/>
        <line num="43" count="11" type="stmt"/>
        <line num="44" count="11" type="cond" truecount="4" falsecount="0"/>
        <line num="45" count="6" type="stmt"/>
        <line num="46" count="6" type="cond" truecount="2" falsecount="0"/>
        <line num="47" count="1" type="stmt"/>
        <line num="49" count="5" type="stmt"/>
        <line num="53" count="5" type="stmt"/>
        <line num="54" count="5" type="stmt"/>
        <line num="58" count="44" type="stmt"/>
        <line num="59" count="28" type="stmt"/>
        <line num="60" count="3" type="cond" truecount="1" falsecount="1"/>
        <line num="64" count="3" type="stmt"/>
        <line num="68" count="28" type="cond" truecount="2" falsecount="0"/>
        <line num="69" count="7" type="stmt"/>
        <line num="71" count="21" type="stmt"/>
        <line num="74" count="28" type="stmt"/>
        <line num="75" count="28" type="stmt"/>
        <line num="79" count="44" type="stmt"/>
        <line num="80" count="6" type="stmt"/>
        <line num="83" count="44" type="stmt"/>
        <line num="84" count="7" type="stmt"/>
        <line num="85" count="7" type="cond" truecount="2" falsecount="0"/>
        <line num="86" count="6" type="stmt"/>
        <line num="88" count="7" type="stmt"/>
        <line num="96" count="44" type="stmt"/>
        <line num="97" count="2" type="stmt"/>
        <line num="98" count="2" type="stmt"/>
        <line num="101" count="44" type="stmt"/>
        <line num="102" count="1" type="stmt"/>
        <line num="103" count="1" type="stmt"/>
        <line num="106" count="44" type="stmt"/>
        <line num="107" count="2" type="stmt"/>
        <line num="108" count="2" type="stmt"/>
        <line num="111" count="44" type="stmt"/>
        <line num="112" count="1" type="stmt"/>
        <line num="113" count="1" type="stmt"/>
        <line num="114" count="1" type="stmt"/>
        <line num="117" count="44" type="stmt"/>
        <line num="118" count="1" type="cond" truecount="1" falsecount="1"/>
        <line num="120" count="0" type="stmt"/>
        <line num="121" count="0" type="stmt"/>
        <line num="128" count="0" type="stmt"/>
        <line num="129" count="0" type="cond" truecount="0" falsecount="2"/>
        <line num="131" count="0" type="stmt"/>
        <line num="132" count="0" type="stmt"/>
        <line num="133" count="0" type="stmt"/>
        <line num="134" count="0" type="stmt"/>
        <line num="136" count="0" type="stmt"/>
        <line num="139" count="1" type="stmt"/>
        <line num="143" count="44" type="stmt"/>
        <line num="144" count="3" type="stmt"/>
        <line num="145" count="3" type="stmt"/>
        <line num="151" count="44" type="stmt"/>
        <line num="159" count="86" type="stmt"/>
        <line num="161" count="11" type="stmt"/>
        <line num="162" count="7" type="stmt"/>
        <line num="207" count="2" type="stmt"/>
        <line num="213" count="2" type="stmt"/>
        <line num="279" count="1" type="stmt"/>
        <line num="301" count="1" type="stmt"/>
        <line num="335" count="1" type="stmt"/>
      </file>
      <file name="Register.jsx" path="/Users/fundasebnemyesiltas/FinaleVersion/IPR-Projekt-SS24/TripleFMusic/Frontend/src/pages/MainArea/Register.jsx">
        <metrics statements="65" coveredstatements="59" conditionals="32" coveredconditionals="27" methods="16" coveredmethods="13"/>
        <line num="24" count="70" type="stmt"/>
        <line num="25" count="69" type="stmt"/>
        <line num="26" count="69" type="stmt"/>
        <line num="27" count="69" type="stmt"/>
        <line num="28" count="69" type="stmt"/>
        <line num="29" count="69" type="stmt"/>
        <line num="30" count="69" type="stmt"/>
        <line num="31" count="69" type="stmt"/>
        <line num="32" count="69" type="stmt"/>
        <line num="33" count="69" type="stmt"/>
        <line num="35" count="69" type="stmt"/>
        <line num="37" count="69" type="stmt"/>
        <line num="38" count="0" type="stmt"/>
        <line num="41" count="69" type="stmt"/>
        <line num="42" count="1" type="stmt"/>
        <line num="43" count="1" type="stmt"/>
        <line num="44" count="1" type="stmt"/>
        <line num="45" count="1" type="stmt"/>
        <line num="46" count="1" type="stmt"/>
        <line num="47" count="1" type="stmt"/>
        <line num="50" count="69" type="stmt"/>
        <line num="51" count="9" type="cond" truecount="7" falsecount="0"/>
        <line num="52" count="2" type="stmt"/>
        <line num="53" count="2" type="stmt"/>
        <line num="56" count="7" type="cond" truecount="2" falsecount="0"/>
        <line num="57" count="2" type="stmt"/>
        <line num="58" count="2" type="stmt"/>
        <line num="61" count="5" type="stmt"/>
        <line num="62" count="5" type="stmt"/>
        <line num="63" count="5" type="stmt"/>
        <line num="70" count="2" type="stmt"/>
        <line num="71" count="2" type="cond" truecount="1" falsecount="1"/>
        <line num="72" count="2" type="stmt"/>
        <line num="73" count="2" type="stmt"/>
        <line num="74" count="2" type="stmt"/>
        <line num="75" count="1" type="stmt"/>
        <line num="78" count="0" type="stmt"/>
        <line num="79" count="0" type="cond" truecount="0" falsecount="2"/>
        <line num="82" count="3" type="stmt"/>
        <line num="83" count="3" type="cond" truecount="4" falsecount="1"/>
        <line num="84" count="3" type="stmt"/>
        <line num="85" count="3" type="cond" truecount="2" falsecount="0"/>
        <line num="86" count="1" type="stmt"/>
        <line num="87" count="2" type="cond" truecount="2" falsecount="0"/>
        <line num="88" count="1" type="stmt"/>
        <line num="90" count="1" type="cond" truecount="1" falsecount="1"/>
        <line num="93" count="0" type="stmt"/>
        <line num="98" count="69" type="stmt"/>
        <line num="100" count="69" type="stmt"/>
        <line num="101" count="1" type="stmt"/>
        <line num="104" count="69" type="stmt"/>
        <line num="105" count="1" type="stmt"/>
        <line num="108" count="69" type="stmt"/>
        <line num="109" count="0" type="stmt"/>
        <line num="112" count="69" type="stmt"/>
        <line num="113" count="0" type="stmt"/>
        <line num="116" count="69" type="stmt"/>
        <line num="117" count="2" type="stmt"/>
        <line num="120" count="69" type="stmt"/>
        <line num="153" count="9" type="stmt"/>
        <line num="162" count="9" type="stmt"/>
        <line num="171" count="9" type="stmt"/>
        <line num="180" count="8" type="stmt"/>
        <line num="190" count="8" type="stmt"/>
        <line num="206" count="5" type="stmt"/>
      </file>
      <file name="SnakeGame.jsx" path="/Users/fundasebnemyesiltas/FinaleVersion/IPR-Projekt-SS24/TripleFMusic/Frontend/src/pages/MainArea/SnakeGame.jsx">
        <metrics statements="56" coveredstatements="51" conditionals="31" coveredconditionals="22" methods="13" coveredmethods="13"/>
        <line num="4" count="2" type="stmt"/>
        <line num="5" count="82" type="stmt"/>
        <line num="6" count="82" type="stmt"/>
        <line num="7" count="82" type="stmt"/>
        <line num="9" count="82" type="stmt"/>
        <line num="10" count="82" type="stmt"/>
        <line num="12" count="86" type="stmt"/>
        <line num="17" count="82" type="stmt"/>
        <line num="18" count="85" type="stmt"/>
        <line num="19" count="85" type="stmt"/>
        <line num="20" count="85" type="stmt"/>
        <line num="23" count="82" type="stmt"/>
        <line num="24" count="82" type="stmt"/>
        <line num="25" count="82" type="stmt"/>
        <line num="26" count="82" type="stmt"/>
        <line num="27" count="82" type="stmt"/>
        <line num="29" count="82" type="stmt"/>
        <line num="30" count="23" type="stmt"/>
        <line num="31" count="56" type="cond" truecount="2" falsecount="3"/>
        <line num="33" count="0" type="cond" truecount="0" falsecount="2"/>
        <line num="34" count="0" type="stmt"/>
        <line num="36" count="8" type="cond" truecount="2" falsecount="0"/>
        <line num="37" count="8" type="stmt"/>
        <line num="39" count="0" type="cond" truecount="0" falsecount="2"/>
        <line num="40" count="0" type="stmt"/>
        <line num="42" count="48" type="cond" truecount="2" falsecount="0"/>
        <line num="43" count="48" type="stmt"/>
        <line num="45" count="0" type="stmt"/>
        <line num="49" count="23" type="stmt"/>
        <line num="50" count="23" type="stmt"/>
        <line num="53" count="82" type="stmt"/>
        <line num="54" count="28" type="cond" truecount="2" falsecount="0"/>
        <line num="56" count="24" type="stmt"/>
        <line num="57" count="72" type="stmt"/>
        <line num="58" count="72" type="stmt"/>
        <line num="59" count="72" type="stmt"/>
        <line num="61" count="72" type="cond" truecount="4" falsecount="0"/>
        <line num="62" count="1" type="stmt"/>
        <line num="63" count="1" type="stmt"/>
        <line num="65" count="71" type="stmt"/>
        <line num="68" count="72" type="cond" truecount="2" falsecount="0"/>
        <line num="73" count="4" type="cond" truecount="1" falsecount="2"/>
        <line num="75" count="19" type="stmt"/>
        <line num="76" count="19" type="stmt"/>
        <line num="77" count="19" type="stmt"/>
        <line num="80" count="53" type="stmt"/>
        <line num="81" count="53" type="stmt"/>
        <line num="85" count="24" type="stmt"/>
        <line num="88" count="82" type="stmt"/>
        <line num="89" count="3" type="stmt"/>
        <line num="90" count="3" type="stmt"/>
        <line num="91" count="3" type="stmt"/>
        <line num="92" count="3" type="stmt"/>
        <line num="93" count="3" type="stmt"/>
        <line num="96" count="82" type="stmt"/>
        <line num="100" count="88" type="stmt"/>
      </file>
      <file name="Welcome.jsx" path="/Users/fundasebnemyesiltas/FinaleVersion/IPR-Projekt-SS24/TripleFMusic/Frontend/src/pages/MainArea/Welcome.jsx">
        <metrics statements="13" coveredstatements="13" conditionals="4" coveredconditionals="4" methods="5" coveredmethods="4"/>
        <line num="11" count="9" type="stmt"/>
        <line num="12" count="9" type="stmt"/>
        <line num="13" count="8" type="stmt"/>
        <line num="15" count="8" type="stmt"/>
        <line num="16" count="1" type="stmt"/>
        <line num="19" count="1" type="stmt"/>
        <line num="20" count="5" type="stmt"/>
        <line num="21" count="5" type="cond" truecount="2" falsecount="0"/>
        <line num="22" count="4" type="stmt"/>
        <line num="24" count="1" type="stmt"/>
        <line num="25" count="1" type="stmt"/>
        <line num="26" count="1" type="stmt"/>
        <line num="35" count="8" type="stmt"/>
      </file>
      <file name="truncateText.js" path="/Users/fundasebnemyesiltas/FinaleVersion/IPR-Projekt-SS24/TripleFMusic/Frontend/src/pages/MainArea/truncateText.js">
        <metrics statements="4" coveredstatements="4" conditionals="2" coveredconditionals="2" methods="1" coveredmethods="1"/>
        <line num="1" count="2" type="stmt"/>
        <line num="2" count="7" type="cond" truecount="2" falsecount="0"/>
        <line num="3" count="5" type="stmt"/>
        <line num="5" count="2" type="stmt"/>
      </file>
    </package>
  </project>
</coverage>
