{"D:\\Familia\\FAES\\Repositories\\IPR-Projekt-SS24\\TripleFMusic\\Frontend\\src\\PrivateRoute.jsx": {"path":"D:\\Familia\\FAES\\Repositories\\IPR-Projekt-SS24\\TripleFMusic\\Frontend\\src\\PrivateRoute.jsx","statementMap":{"0":{"start":{"line":5,"column":21},"end":{"line":15,"column":1}},"1":{"start":{"line":6,"column":39},"end":{"line":6,"column":48}},"2":{"start":{"line":8,"column":2},"end":{"line":8,"column":69}},"3":{"start":{"line":10,"column":2},"end":{"line":12,"column":3}},"4":{"start":{"line":11,"column":4},"end":{"line":11,"column":33}},"5":{"start":{"line":14,"column":2},"end":{"line":14,"column":65}}},"fnMap":{"0":{"name":"(anonymous_0)","decl":{"start":{"line":5,"column":21},"end":{"line":5,"column":22}},"loc":{"start":{"line":5,"column":27},"end":{"line":15,"column":1}},"line":5}},"branchMap":{"0":{"loc":{"start":{"line":10,"column":2},"end":{"line":12,"column":3}},"type":"if","locations":[{"start":{"line":10,"column":2},"end":{"line":12,"column":3}},{"start":{},"end":{}}],"line":10},"1":{"loc":{"start":{"line":14,"column":9},"end":{"line":14,"column":64}},"type":"cond-expr","locations":[{"start":{"line":14,"column":27},"end":{"line":14,"column":37}},{"start":{"line":14,"column":40},"end":{"line":14,"column":64}}],"line":14}},"s":{"0":1,"1":7,"2":7,"3":7,"4":0,"5":7},"f":{"0":7},"b":{"0":[0,7],"1":[7,0]},"_coverageSchema":"1a1c01bbd47fc00a2c39e90264f33305004495a9","hash":"43ded822cf65c72f7a4618d167509e7655bee287"}
,"D:\\Familia\\FAES\\Repositories\\IPR-Projekt-SS24\\TripleFMusic\\Frontend\\src\\authContext.jsx": {"path":"D:\\Familia\\FAES\\Repositories\\IPR-Projekt-SS24\\TripleFMusic\\Frontend\\src\\authContext.jsx","statementMap":{"0":{"start":{"line":4,"column":20},"end":{"line":4,"column":35}},"1":{"start":{"line":6,"column":28},"end":{"line":47,"column":1}},"2":{"start":{"line":7,"column":48},"end":{"line":7,"column":63}},"3":{"start":{"line":8,"column":26},"end":{"line":8,"column":40}},"4":{"start":{"line":9,"column":32},"end":{"line":9,"column":46}},"5":{"start":{"line":11,"column":2},"end":{"line":19,"column":9}},"6":{"start":{"line":12,"column":18},"end":{"line":12,"column":82}},"7":{"start":{"line":13,"column":24},"end":{"line":13,"column":86}},"8":{"start":{"line":14,"column":4},"end":{"line":17,"column":5}},"9":{"start":{"line":15,"column":6},"end":{"line":15,"column":31}},"10":{"start":{"line":16,"column":6},"end":{"line":16,"column":39}},"11":{"start":{"line":18,"column":4},"end":{"line":18,"column":22}},"12":{"start":{"line":21,"column":16},"end":{"line":31,"column":3}},"13":{"start":{"line":22,"column":4},"end":{"line":28,"column":5}},"14":{"start":{"line":23,"column":6},"end":{"line":23,"column":43}},"15":{"start":{"line":24,"column":6},"end":{"line":24,"column":57}},"16":{"start":{"line":26,"column":6},"end":{"line":26,"column":45}},"17":{"start":{"line":27,"column":6},"end":{"line":27,"column":59}},"18":{"start":{"line":29,"column":4},"end":{"line":29,"column":29}},"19":{"start":{"line":30,"column":4},"end":{"line":30,"column":18}},"20":{"start":{"line":33,"column":17},"end":{"line":40,"column":3}},"21":{"start":{"line":34,"column":4},"end":{"line":34,"column":37}},"22":{"start":{"line":35,"column":4},"end":{"line":35,"column":36}},"23":{"start":{"line":36,"column":4},"end":{"line":36,"column":39}},"24":{"start":{"line":37,"column":4},"end":{"line":37,"column":38}},"25":{"start":{"line":38,"column":4},"end":{"line":38,"column":30}},"26":{"start":{"line":39,"column":4},"end":{"line":39,"column":18}},"27":{"start":{"line":42,"column":2},"end":{"line":46,"column":4}},"28":{"start":{"line":49,"column":23},"end":{"line":51,"column":1}},"29":{"start":{"line":50,"column":2},"end":{"line":50,"column":33}}},"fnMap":{"0":{"name":"(anonymous_0)","decl":{"start":{"line":6,"column":28},"end":{"line":6,"column":29}},"loc":{"start":{"line":6,"column":46},"end":{"line":47,"column":1}},"line":6},"1":{"name":"(anonymous_1)","decl":{"start":{"line":11,"column":12},"end":{"line":11,"column":13}},"loc":{"start":{"line":11,"column":18},"end":{"line":19,"column":3}},"line":11},"2":{"name":"(anonymous_2)","decl":{"start":{"line":21,"column":16},"end":{"line":21,"column":17}},"loc":{"start":{"line":21,"column":45},"end":{"line":31,"column":3}},"line":21},"3":{"name":"(anonymous_3)","decl":{"start":{"line":33,"column":17},"end":{"line":33,"column":18}},"loc":{"start":{"line":33,"column":23},"end":{"line":40,"column":3}},"line":33},"4":{"name":"(anonymous_4)","decl":{"start":{"line":49,"column":23},"end":{"line":49,"column":24}},"loc":{"start":{"line":49,"column":29},"end":{"line":51,"column":1}},"line":49}},"branchMap":{"0":{"loc":{"start":{"line":12,"column":18},"end":{"line":12,"column":82}},"type":"binary-expr","locations":[{"start":{"line":12,"column":18},"end":{"line":12,"column":47}},{"start":{"line":12,"column":51},"end":{"line":12,"column":82}}],"line":12},"1":{"loc":{"start":{"line":13,"column":24},"end":{"line":13,"column":86}},"type":"binary-expr","locations":[{"start":{"line":13,"column":24},"end":{"line":13,"column":52}},{"start":{"line":13,"column":56},"end":{"line":13,"column":86}}],"line":13},"2":{"loc":{"start":{"line":14,"column":4},"end":{"line":17,"column":5}},"type":"if","locations":[{"start":{"line":14,"column":4},"end":{"line":17,"column":5}},{"start":{},"end":{}}],"line":14},"3":{"loc":{"start":{"line":14,"column":8},"end":{"line":14,"column":28}},"type":"binary-expr","locations":[{"start":{"line":14,"column":8},"end":{"line":14,"column":13}},{"start":{"line":14,"column":17},"end":{"line":14,"column":28}}],"line":14},"4":{"loc":{"start":{"line":22,"column":4},"end":{"line":28,"column":5}},"type":"if","locations":[{"start":{"line":22,"column":4},"end":{"line":28,"column":5}},{"start":{"line":25,"column":11},"end":{"line":28,"column":5}}],"line":22}},"s":{"0":3,"1":3,"2":103,"3":103,"4":103,"5":103,"6":48,"7":48,"8":48,"9":12,"10":12,"11":48,"12":103,"13":5,"14":3,"15":3,"16":2,"17":2,"18":5,"19":5,"20":103,"21":2,"22":2,"23":2,"24":2,"25":2,"26":2,"27":103,"28":3,"29":97},"f":{"0":103,"1":48,"2":5,"3":2,"4":97},"b":{"0":[48,43],"1":[48,43],"2":[12,36],"3":[48,12],"4":[3,2]},"_coverageSchema":"1a1c01bbd47fc00a2c39e90264f33305004495a9","hash":"ae2113d5b3d3a9574990608d66e1d9836e6e2e79"}
,"D:\\Familia\\FAES\\Repositories\\IPR-Projekt-SS24\\TripleFMusic\\Frontend\\src\\axiosConfig.js": {"path":"D:\\Familia\\FAES\\Repositories\\IPR-Projekt-SS24\\TripleFMusic\\Frontend\\src\\axiosConfig.js","statementMap":{"0":{"start":{"line":8,"column":17},"end":{"line":10,"column":2}}},"fnMap":{},"branchMap":{},"s":{"0":1},"f":{},"b":{},"_coverageSchema":"1a1c01bbd47fc00a2c39e90264f33305004495a9","hash":"55e78c74822880b535ce8b28285b5f21170b1b76"}
,"D:\\Familia\\FAES\\Repositories\\IPR-Projekt-SS24\\TripleFMusic\\Frontend\\src\\models\\computer.jsx": {"path":"D:\\Familia\\FAES\\Repositories\\IPR-Projekt-SS24\\TripleFMusic\\Frontend\\src\\models\\computer.jsx","statementMap":{"0":{"start":{"line":7,"column":17},"end":{"line":20,"column":1}},"1":{"start":{"line":8,"column":20},"end":{"line":8,"column":53}},"2":{"start":{"line":9,"column":24},"end":{"line":15,"column":13}},"3":{"start":{"line":10,"column":4},"end":{"line":14,"column":5}},"4":{"start":{"line":11,"column":6},"end":{"line":11,"column":35}},"5":{"start":{"line":12,"column":6},"end":{"line":12,"column":31}},"6":{"start":{"line":13,"column":6},"end":{"line":13,"column":19}},"7":{"start":{"line":17,"column":2},"end":{"line":17,"column":34}},"8":{"start":{"line":17,"column":22},"end":{"line":17,"column":34}},"9":{"start":{"line":18,"column":2},"end":{"line":18,"column":40}},"10":{"start":{"line":19,"column":2},"end":{"line":19,"column":46}},"11":{"start":{"line":22,"column":23},"end":{"line":49,"column":1}},"12":{"start":{"line":23,"column":2},"end":{"line":48,"column":4}}},"fnMap":{"0":{"name":"(anonymous_0)","decl":{"start":{"line":7,"column":17},"end":{"line":7,"column":18}},"loc":{"start":{"line":7,"column":23},"end":{"line":20,"column":1}},"line":7},"1":{"name":"(anonymous_1)","decl":{"start":{"line":9,"column":32},"end":{"line":9,"column":33}},"loc":{"start":{"line":9,"column":38},"end":{"line":15,"column":3}},"line":9},"2":{"name":"(anonymous_2)","decl":{"start":{"line":22,"column":23},"end":{"line":22,"column":24}},"loc":{"start":{"line":22,"column":29},"end":{"line":49,"column":1}},"line":22}},"branchMap":{"0":{"loc":{"start":{"line":10,"column":4},"end":{"line":14,"column":5}},"type":"if","locations":[{"start":{"line":10,"column":4},"end":{"line":14,"column":5}},{"start":{},"end":{}}],"line":10},"1":{"loc":{"start":{"line":17,"column":2},"end":{"line":17,"column":34}},"type":"if","locations":[{"start":{"line":17,"column":2},"end":{"line":17,"column":34}},{"start":{},"end":{}}],"line":17}},"s":{"0":1,"1":78,"2":78,"3":77,"4":77,"5":77,"6":77,"7":77,"8":0,"9":77,"10":77,"11":1,"12":78},"f":{"0":78,"1":77,"2":78},"b":{"0":[77,0],"1":[0,77]},"_coverageSchema":"1a1c01bbd47fc00a2c39e90264f33305004495a9","hash":"6f39d220452439dcdf91e43d3853b9ba7372f9a5"}
,"D:\\Familia\\FAES\\Repositories\\IPR-Projekt-SS24\\TripleFMusic\\Frontend\\src\\pages\\MainArea\\About.jsx": {"path":"D:\\Familia\\FAES\\Repositories\\IPR-Projekt-SS24\\TripleFMusic\\Frontend\\src\\pages\\MainArea\\About.jsx","statementMap":{"0":{"start":{"line":19,"column":19},"end":{"line":19,"column":32}},"1":{"start":{"line":20,"column":48},"end":{"line":20,"column":63}},"2":{"start":{"line":22,"column":22},"end":{"line":24,"column":3}},"3":{"start":{"line":23,"column":4},"end":{"line":23,"column":30}},"4":{"start":{"line":26,"column":2},"end":{"line":127,"column":4}},"5":{"start":{"line":31,"column":58},"end":{"line":31,"column":84}},"6":{"start":{"line":36,"column":56},"end":{"line":36,"column":81}},"7":{"start":{"line":41,"column":68},"end":{"line":41,"column":101}},"8":{"start":{"line":46,"column":70},"end":{"line":46,"column":98}},"9":{"start":{"line":51,"column":81},"end":{"line":51,"column":110}},"10":{"start":{"line":106,"column":69},"end":{"line":106,"column":105}}},"fnMap":{"0":{"name":"About","decl":{"start":{"line":18,"column":9},"end":{"line":18,"column":14}},"loc":{"start":{"line":18,"column":17},"end":{"line":128,"column":1}},"line":18},"1":{"name":"(anonymous_1)","decl":{"start":{"line":22,"column":22},"end":{"line":22,"column":23}},"loc":{"start":{"line":22,"column":28},"end":{"line":24,"column":3}},"line":22},"2":{"name":"(anonymous_2)","decl":{"start":{"line":31,"column":52},"end":{"line":31,"column":53}},"loc":{"start":{"line":31,"column":58},"end":{"line":31,"column":84}},"line":31},"3":{"name":"(anonymous_3)","decl":{"start":{"line":36,"column":50},"end":{"line":36,"column":51}},"loc":{"start":{"line":36,"column":56},"end":{"line":36,"column":81}},"line":36},"4":{"name":"(anonymous_4)","decl":{"start":{"line":41,"column":62},"end":{"line":41,"column":63}},"loc":{"start":{"line":41,"column":68},"end":{"line":41,"column":101}},"line":41},"5":{"name":"(anonymous_5)","decl":{"start":{"line":46,"column":64},"end":{"line":46,"column":65}},"loc":{"start":{"line":46,"column":70},"end":{"line":46,"column":98}},"line":46},"6":{"name":"(anonymous_6)","decl":{"start":{"line":51,"column":75},"end":{"line":51,"column":76}},"loc":{"start":{"line":51,"column":81},"end":{"line":51,"column":110}},"line":51},"7":{"name":"(anonymous_7)","decl":{"start":{"line":106,"column":63},"end":{"line":106,"column":64}},"loc":{"start":{"line":106,"column":69},"end":{"line":106,"column":105}},"line":106}},"branchMap":{"0":{"loc":{"start":{"line":101,"column":23},"end":{"line":105,"column":23}},"type":"binary-expr","locations":[{"start":{"line":101,"column":23},"end":{"line":101,"column":38}},{"start":{"line":102,"column":24},"end":{"line":104,"column":30}}],"line":101}},"s":{"0":8,"1":8,"2":7,"3":1,"4":7,"5":1,"6":1,"7":1,"8":1,"9":1,"10":2},"f":{"0":8,"1":1,"2":1,"3":1,"4":1,"5":1,"6":1,"7":2},"b":{"0":[7,1]},"_coverageSchema":"1a1c01bbd47fc00a2c39e90264f33305004495a9","hash":"786033ca640e1ef41389a8b1e3b252602239da34"}
,"D:\\Familia\\FAES\\Repositories\\IPR-Projekt-SS24\\TripleFMusic\\Frontend\\src\\pages\\MainArea\\Home.jsx": {"path":"D:\\Familia\\FAES\\Repositories\\IPR-Projekt-SS24\\TripleFMusic\\Frontend\\src\\pages\\MainArea\\Home.jsx","statementMap":{"0":{"start":{"line":20,"column":19},"end":{"line":20,"column":32}},"1":{"start":{"line":22,"column":2},"end":{"line":113,"column":4}},"2":{"start":{"line":30,"column":14},"end":{"line":30,"column":41}},"3":{"start":{"line":44,"column":14},"end":{"line":44,"column":40}},"4":{"start":{"line":58,"column":14},"end":{"line":58,"column":48}},"5":{"start":{"line":76,"column":14},"end":{"line":76,"column":43}},"6":{"start":{"line":89,"column":14},"end":{"line":89,"column":44}}},"fnMap":{"0":{"name":"Home","decl":{"start":{"line":19,"column":9},"end":{"line":19,"column":13}},"loc":{"start":{"line":19,"column":16},"end":{"line":114,"column":1}},"line":19},"1":{"name":"(anonymous_1)","decl":{"start":{"line":29,"column":21},"end":{"line":29,"column":22}},"loc":{"start":{"line":29,"column":27},"end":{"line":31,"column":13}},"line":29},"2":{"name":"(anonymous_2)","decl":{"start":{"line":43,"column":21},"end":{"line":43,"column":22}},"loc":{"start":{"line":43,"column":27},"end":{"line":45,"column":13}},"line":43},"3":{"name":"(anonymous_3)","decl":{"start":{"line":57,"column":21},"end":{"line":57,"column":22}},"loc":{"start":{"line":57,"column":27},"end":{"line":59,"column":13}},"line":57},"4":{"name":"(anonymous_4)","decl":{"start":{"line":75,"column":21},"end":{"line":75,"column":22}},"loc":{"start":{"line":75,"column":27},"end":{"line":77,"column":13}},"line":75},"5":{"name":"(anonymous_5)","decl":{"start":{"line":88,"column":21},"end":{"line":88,"column":22}},"loc":{"start":{"line":88,"column":27},"end":{"line":90,"column":13}},"line":88}},"branchMap":{},"s":{"0":2,"1":2,"2":1,"3":0,"4":0,"5":0,"6":0},"f":{"0":2,"1":1,"2":0,"3":0,"4":0,"5":0},"b":{},"_coverageSchema":"1a1c01bbd47fc00a2c39e90264f33305004495a9","hash":"be730ff2749a6839098157a0a50ba020bfc3d5d6"}
,"D:\\Familia\\FAES\\Repositories\\IPR-Projekt-SS24\\TripleFMusic\\Frontend\\src\\pages\\MainArea\\Internet.jsx": {"path":"D:\\Familia\\FAES\\Repositories\\IPR-Projekt-SS24\\TripleFMusic\\Frontend\\src\\pages\\MainArea\\Internet.jsx","statementMap":{"0":{"start":{"line":16,"column":17},"end":{"line":172,"column":1}},"1":{"start":{"line":17,"column":40},"end":{"line":17,"column":55}},"2":{"start":{"line":18,"column":19},"end":{"line":18,"column":32}},"3":{"start":{"line":20,"column":22},"end":{"line":22,"column":3}},"4":{"start":{"line":21,"column":4},"end":{"line":21,"column":30}},"5":{"start":{"line":24,"column":22},"end":{"line":26,"column":3}},"6":{"start":{"line":25,"column":4},"end":{"line":25,"column":36}},"7":{"start":{"line":28,"column":20},"end":{"line":30,"column":3}},"8":{"start":{"line":29,"column":4},"end":{"line":29,"column":25}},"9":{"start":{"line":32,"column":21},"end":{"line":34,"column":3}},"10":{"start":{"line":33,"column":4},"end":{"line":33,"column":26}},"11":{"start":{"line":36,"column":2},"end":{"line":171,"column":13}},"12":{"start":{"line":42,"column":29},"end":{"line":42,"column":56}},"13":{"start":{"line":51,"column":29},"end":{"line":51,"column":55}},"14":{"start":{"line":60,"column":29},"end":{"line":60,"column":63}},"15":{"start":{"line":69,"column":29},"end":{"line":69,"column":58}},"16":{"start":{"line":78,"column":29},"end":{"line":78,"column":59}}},"fnMap":{"0":{"name":"(anonymous_0)","decl":{"start":{"line":16,"column":17},"end":{"line":16,"column":18}},"loc":{"start":{"line":16,"column":23},"end":{"line":172,"column":1}},"line":16},"1":{"name":"(anonymous_1)","decl":{"start":{"line":20,"column":22},"end":{"line":20,"column":23}},"loc":{"start":{"line":20,"column":28},"end":{"line":22,"column":3}},"line":20},"2":{"name":"(anonymous_2)","decl":{"start":{"line":24,"column":22},"end":{"line":24,"column":23}},"loc":{"start":{"line":24,"column":28},"end":{"line":26,"column":3}},"line":24},"3":{"name":"(anonymous_3)","decl":{"start":{"line":28,"column":20},"end":{"line":28,"column":21}},"loc":{"start":{"line":28,"column":26},"end":{"line":30,"column":3}},"line":28},"4":{"name":"(anonymous_4)","decl":{"start":{"line":32,"column":21},"end":{"line":32,"column":22}},"loc":{"start":{"line":32,"column":27},"end":{"line":34,"column":3}},"line":32},"5":{"name":"(anonymous_5)","decl":{"start":{"line":42,"column":22},"end":{"line":42,"column":23}},"loc":{"start":{"line":42,"column":28},"end":{"line":42,"column":57}},"line":42},"6":{"name":"(anonymous_6)","decl":{"start":{"line":51,"column":22},"end":{"line":51,"column":23}},"loc":{"start":{"line":51,"column":28},"end":{"line":51,"column":56}},"line":51},"7":{"name":"(anonymous_7)","decl":{"start":{"line":60,"column":22},"end":{"line":60,"column":23}},"loc":{"start":{"line":60,"column":28},"end":{"line":60,"column":64}},"line":60},"8":{"name":"(anonymous_8)","decl":{"start":{"line":69,"column":22},"end":{"line":69,"column":23}},"loc":{"start":{"line":69,"column":28},"end":{"line":69,"column":59}},"line":69},"9":{"name":"(anonymous_9)","decl":{"start":{"line":78,"column":22},"end":{"line":78,"column":23}},"loc":{"start":{"line":78,"column":28},"end":{"line":78,"column":60}},"line":78}},"branchMap":{"0":{"loc":{"start":{"line":149,"column":9},"end":{"line":168,"column":9}},"type":"binary-expr","locations":[{"start":{"line":149,"column":9},"end":{"line":149,"column":20}},{"start":{"line":150,"column":8},"end":{"line":167,"column":13}}],"line":149}},"s":{"0":1,"1":15,"2":14,"3":14,"4":1,"5":14,"6":1,"7":14,"8":4,"9":14,"10":1,"11":14,"12":1,"13":1,"14":1,"15":1,"16":1},"f":{"0":15,"1":1,"2":1,"3":4,"4":1,"5":1,"6":1,"7":1,"8":1,"9":1},"b":{"0":[14,4]},"_coverageSchema":"1a1c01bbd47fc00a2c39e90264f33305004495a9","hash":"0ac2c3a80b565a325256527be81797fd4263166b"}
,"D:\\Familia\\FAES\\Repositories\\IPR-Projekt-SS24\\TripleFMusic\\Frontend\\src\\pages\\MainArea\\Loader.jsx": {"path":"D:\\Familia\\FAES\\Repositories\\IPR-Projekt-SS24\\TripleFMusic\\Frontend\\src\\pages\\MainArea\\Loader.jsx","statementMap":{"0":{"start":{"line":6,"column":15},"end":{"line":14,"column":1}},"1":{"start":{"line":7,"column":2},"end":{"line":13,"column":4}}},"fnMap":{"0":{"name":"(anonymous_0)","decl":{"start":{"line":6,"column":15},"end":{"line":6,"column":16}},"loc":{"start":{"line":6,"column":21},"end":{"line":14,"column":1}},"line":6}},"branchMap":{},"s":{"0":1,"1":1},"f":{"0":1},"b":{},"_coverageSchema":"1a1c01bbd47fc00a2c39e90264f33305004495a9","hash":"3cf1f7ac41cfe0ec1c68771911cc2af64cf644aa"}
,"D:\\Familia\\FAES\\Repositories\\IPR-Projekt-SS24\\TripleFMusic\\Frontend\\src\\pages\\MainArea\\Login.jsx": {"path":"D:\\Familia\\FAES\\Repositories\\IPR-Projekt-SS24\\TripleFMusic\\Frontend\\src\\pages\\MainArea\\Login.jsx","statementMap":{"0":{"start":{"line":26,"column":34},"end":{"line":26,"column":46}},"1":{"start":{"line":27,"column":34},"end":{"line":27,"column":46}},"2":{"start":{"line":28,"column":38},"end":{"line":28,"column":53}},"3":{"start":{"line":29,"column":28},"end":{"line":29,"column":40}},"4":{"start":{"line":30,"column":32},"end":{"line":30,"column":44}},"5":{"start":{"line":31,"column":40},"end":{"line":31,"column":55}},"6":{"start":{"line":32,"column":42},"end":{"line":32,"column":57}},"7":{"start":{"line":33,"column":32},"end":{"line":33,"column":47}},"8":{"start":{"line":34,"column":32},"end":{"line":34,"column":47}},"9":{"start":{"line":36,"column":19},"end":{"line":36,"column":32}},"10":{"start":{"line":38,"column":20},"end":{"line":38,"column":29}},"11":{"start":{"line":40,"column":22},"end":{"line":66,"column":3}},"12":{"start":{"line":41,"column":4},"end":{"line":44,"column":5}},"13":{"start":{"line":42,"column":6},"end":{"line":42,"column":56}},"14":{"start":{"line":43,"column":6},"end":{"line":43,"column":13}},"15":{"start":{"line":46,"column":4},"end":{"line":46,"column":21}},"16":{"start":{"line":47,"column":4},"end":{"line":65,"column":5}},"17":{"start":{"line":48,"column":23},"end":{"line":48,"column":110}},"18":{"start":{"line":49,"column":30},"end":{"line":49,"column":43}},"19":{"start":{"line":51,"column":6},"end":{"line":51,"column":37}},"20":{"start":{"line":52,"column":6},"end":{"line":52,"column":32}},"21":{"start":{"line":54,"column":6},"end":{"line":54,"column":74}},"22":{"start":{"line":55,"column":6},"end":{"line":55,"column":44}},"23":{"start":{"line":56,"column":6},"end":{"line":62,"column":7}},"24":{"start":{"line":57,"column":8},"end":{"line":57,"column":92}},"25":{"start":{"line":58,"column":13},"end":{"line":62,"column":7}},"26":{"start":{"line":59,"column":8},"end":{"line":59,"column":62}},"27":{"start":{"line":61,"column":8},"end":{"line":61,"column":66}},"28":{"start":{"line":64,"column":6},"end":{"line":64,"column":24}},"29":{"start":{"line":68,"column":31},"end":{"line":92,"column":3}},"30":{"start":{"line":69,"column":4},"end":{"line":72,"column":5}},"31":{"start":{"line":70,"column":6},"end":{"line":70,"column":40}},"32":{"start":{"line":71,"column":6},"end":{"line":71,"column":13}},"33":{"start":{"line":74,"column":4},"end":{"line":74,"column":21}},"34":{"start":{"line":75,"column":4},"end":{"line":91,"column":5}},"35":{"start":{"line":76,"column":23},"end":{"line":76,"column":95}},"36":{"start":{"line":77,"column":6},"end":{"line":86,"column":7}},"37":{"start":{"line":78,"column":8},"end":{"line":78,"column":30}},"38":{"start":{"line":79,"column":8},"end":{"line":79,"column":25}},"39":{"start":{"line":80,"column":8},"end":{"line":83,"column":17}},"40":{"start":{"line":81,"column":10},"end":{"line":81,"column":28}},"41":{"start":{"line":82,"column":10},"end":{"line":82,"column":29}},"42":{"start":{"line":85,"column":8},"end":{"line":85,"column":56}},"43":{"start":{"line":88,"column":6},"end":{"line":88,"column":47}},"44":{"start":{"line":90,"column":6},"end":{"line":90,"column":24}},"45":{"start":{"line":94,"column":20},"end":{"line":96,"column":3}},"46":{"start":{"line":95,"column":4},"end":{"line":95,"column":25}},"47":{"start":{"line":98,"column":21},"end":{"line":100,"column":3}},"48":{"start":{"line":99,"column":4},"end":{"line":99,"column":26}},"49":{"start":{"line":102,"column":29},"end":{"line":104,"column":3}},"50":{"start":{"line":103,"column":4},"end":{"line":103,"column":35}},"51":{"start":{"line":106,"column":2},"end":{"line":240,"column":4}},"52":{"start":{"line":136,"column":41},"end":{"line":136,"column":54}},"53":{"start":{"line":147,"column":39},"end":{"line":147,"column":66}},"54":{"start":{"line":154,"column":39},"end":{"line":154,"column":66}},"55":{"start":{"line":171,"column":38},"end":{"line":171,"column":64}},"56":{"start":{"line":184,"column":51},"end":{"line":184,"column":72}},"57":{"start":{"line":208,"column":39},"end":{"line":208,"column":63}}},"fnMap":{"0":{"name":"Login","decl":{"start":{"line":25,"column":9},"end":{"line":25,"column":14}},"loc":{"start":{"line":25,"column":17},"end":{"line":241,"column":1}},"line":25},"1":{"name":"(anonymous_1)","decl":{"start":{"line":40,"column":22},"end":{"line":40,"column":23}},"loc":{"start":{"line":40,"column":34},"end":{"line":66,"column":3}},"line":40},"2":{"name":"(anonymous_2)","decl":{"start":{"line":68,"column":31},"end":{"line":68,"column":32}},"loc":{"start":{"line":68,"column":43},"end":{"line":92,"column":3}},"line":68},"3":{"name":"(anonymous_3)","decl":{"start":{"line":80,"column":19},"end":{"line":80,"column":20}},"loc":{"start":{"line":80,"column":25},"end":{"line":83,"column":9}},"line":80},"4":{"name":"(anonymous_4)","decl":{"start":{"line":94,"column":20},"end":{"line":94,"column":21}},"loc":{"start":{"line":94,"column":26},"end":{"line":96,"column":3}},"line":94},"5":{"name":"(anonymous_5)","decl":{"start":{"line":98,"column":21},"end":{"line":98,"column":22}},"loc":{"start":{"line":98,"column":27},"end":{"line":100,"column":3}},"line":98},"6":{"name":"(anonymous_6)","decl":{"start":{"line":102,"column":29},"end":{"line":102,"column":30}},"loc":{"start":{"line":102,"column":35},"end":{"line":104,"column":3}},"line":102},"7":{"name":"(anonymous_7)","decl":{"start":{"line":136,"column":35},"end":{"line":136,"column":36}},"loc":{"start":{"line":136,"column":41},"end":{"line":136,"column":54}},"line":136},"8":{"name":"(anonymous_8)","decl":{"start":{"line":147,"column":32},"end":{"line":147,"column":33}},"loc":{"start":{"line":147,"column":39},"end":{"line":147,"column":66}},"line":147},"9":{"name":"(anonymous_9)","decl":{"start":{"line":154,"column":32},"end":{"line":154,"column":33}},"loc":{"start":{"line":154,"column":39},"end":{"line":154,"column":66}},"line":154},"10":{"name":"(anonymous_10)","decl":{"start":{"line":171,"column":32},"end":{"line":171,"column":33}},"loc":{"start":{"line":171,"column":38},"end":{"line":171,"column":64}},"line":171},"11":{"name":"(anonymous_11)","decl":{"start":{"line":184,"column":45},"end":{"line":184,"column":46}},"loc":{"start":{"line":184,"column":51},"end":{"line":184,"column":72}},"line":184},"12":{"name":"(anonymous_12)","decl":{"start":{"line":208,"column":32},"end":{"line":208,"column":33}},"loc":{"start":{"line":208,"column":39},"end":{"line":208,"column":63}},"line":208}},"branchMap":{"0":{"loc":{"start":{"line":41,"column":4},"end":{"line":44,"column":5}},"type":"if","locations":[{"start":{"line":41,"column":4},"end":{"line":44,"column":5}},{"start":{},"end":{}}],"line":41},"1":{"loc":{"start":{"line":41,"column":8},"end":{"line":41,"column":30}},"type":"binary-expr","locations":[{"start":{"line":41,"column":8},"end":{"line":41,"column":17}},{"start":{"line":41,"column":21},"end":{"line":41,"column":30}}],"line":41},"2":{"loc":{"start":{"line":56,"column":6},"end":{"line":62,"column":7}},"type":"if","locations":[{"start":{"line":56,"column":6},"end":{"line":62,"column":7}},{"start":{"line":58,"column":13},"end":{"line":62,"column":7}}],"line":56},"3":{"loc":{"start":{"line":58,"column":13},"end":{"line":62,"column":7}},"type":"if","locations":[{"start":{"line":58,"column":13},"end":{"line":62,"column":7}},{"start":{"line":60,"column":13},"end":{"line":62,"column":7}}],"line":58},"4":{"loc":{"start":{"line":69,"column":4},"end":{"line":72,"column":5}},"type":"if","locations":[{"start":{"line":69,"column":4},"end":{"line":72,"column":5}},{"start":{},"end":{}}],"line":69},"5":{"loc":{"start":{"line":77,"column":6},"end":{"line":86,"column":7}},"type":"if","locations":[{"start":{"line":77,"column":6},"end":{"line":86,"column":7}},{"start":{"line":84,"column":13},"end":{"line":86,"column":7}}],"line":77},"6":{"loc":{"start":{"line":151,"column":28},"end":{"line":151,"column":62}},"type":"cond-expr","locations":[{"start":{"line":151,"column":43},"end":{"line":151,"column":49}},{"start":{"line":151,"column":52},"end":{"line":151,"column":62}}],"line":151},"7":{"loc":{"start":{"line":163,"column":21},"end":{"line":163,"column":48}},"type":"cond-expr","locations":[{"start":{"line":163,"column":36},"end":{"line":163,"column":40}},{"start":{"line":163,"column":43},"end":{"line":163,"column":48}}],"line":163},"8":{"loc":{"start":{"line":182,"column":23},"end":{"line":182,"column":55}},"type":"cond-expr","locations":[{"start":{"line":182,"column":33},"end":{"line":182,"column":45}},{"start":{"line":182,"column":48},"end":{"line":182,"column":55}}],"line":182},"9":{"loc":{"start":{"line":193,"column":11},"end":{"line":222,"column":11}},"type":"binary-expr","locations":[{"start":{"line":193,"column":11},"end":{"line":193,"column":22}},{"start":{"line":194,"column":12},"end":{"line":221,"column":18}}],"line":193},"10":{"loc":{"start":{"line":216,"column":23},"end":{"line":216,"column":62}},"type":"cond-expr","locations":[{"start":{"line":216,"column":33},"end":{"line":216,"column":45}},{"start":{"line":216,"column":48},"end":{"line":216,"column":62}}],"line":216},"11":{"loc":{"start":{"line":224,"column":11},"end":{"line":236,"column":11}},"type":"binary-expr","locations":[{"start":{"line":224,"column":11},"end":{"line":224,"column":18}},{"start":{"line":225,"column":12},"end":{"line":235,"column":18}}],"line":224}},"s":{"0":77,"1":76,"2":76,"3":76,"4":76,"5":76,"6":76,"7":76,"8":76,"9":76,"10":76,"11":76,"12":5,"13":2,"14":2,"15":3,"16":3,"17":3,"18":2,"19":2,"20":2,"21":1,"22":1,"23":1,"24":1,"25":0,"26":0,"27":0,"28":3,"29":76,"30":7,"31":0,"32":0,"33":7,"34":7,"35":7,"36":6,"37":5,"38":5,"39":5,"40":4,"41":4,"42":1,"43":1,"44":7,"45":76,"46":9,"47":76,"48":2,"49":76,"50":2,"51":76,"52":0,"53":3,"54":3,"55":0,"56":0,"57":7},"f":{"0":77,"1":5,"2":7,"3":4,"4":9,"5":2,"6":2,"7":0,"8":3,"9":3,"10":0,"11":0,"12":7},"b":{"0":[2,3],"1":[5,3],"2":[1,0],"3":[0,0],"4":[0,7],"5":[5,1],"6":[1,75],"7":[1,75],"8":[10,66],"9":[76,25],"10":[7,18],"11":[76,5]},"_coverageSchema":"1a1c01bbd47fc00a2c39e90264f33305004495a9","hash":"19e44733c4b8aa07bcc065e288e992fc4efbdae0"}
,"D:\\Familia\\FAES\\Repositories\\IPR-Projekt-SS24\\TripleFMusic\\Frontend\\src\\pages\\MainArea\\MusicGallery.jsx": {"path":"D:\\Familia\\FAES\\Repositories\\IPR-Projekt-SS24\\TripleFMusic\\Frontend\\src\\pages\\MainArea\\MusicGallery.jsx","statementMap":{"0":{"start":{"line":26,"column":15},"end":{"line":28,"column":1}},"1":{"start":{"line":30,"column":14},"end":{"line":32,"column":1}},"2":{"start":{"line":35,"column":19},"end":{"line":35,"column":32}},"3":{"start":{"line":36,"column":25},"end":{"line":36,"column":37}},"4":{"start":{"line":37,"column":36},"end":{"line":37,"column":48}},"5":{"start":{"line":38,"column":52},"end":{"line":38,"column":64}},"6":{"start":{"line":39,"column":52},"end":{"line":39,"column":64}},"7":{"start":{"line":40,"column":40},"end":{"line":40,"column":55}},"8":{"start":{"line":41,"column":48},"end":{"line":41,"column":60}},"9":{"start":{"line":42,"column":40},"end":{"line":47,"column":4}},"10":{"start":{"line":48,"column":40},"end":{"line":48,"column":54}},"11":{"start":{"line":49,"column":28},"end":{"line":49,"column":40}},"12":{"start":{"line":50,"column":40},"end":{"line":50,"column":52}},"13":{"start":{"line":51,"column":48},"end":{"line":51,"column":60}},"14":{"start":{"line":52,"column":36},"end":{"line":52,"column":51}},"15":{"start":{"line":53,"column":34},"end":{"line":53,"column":49}},"16":{"start":{"line":54,"column":36},"end":{"line":54,"column":51}},"17":{"start":{"line":56,"column":19},"end":{"line":56,"column":31}},"18":{"start":{"line":58,"column":2},"end":{"line":72,"column":9}},"19":{"start":{"line":59,"column":27},"end":{"line":69,"column":5}},"20":{"start":{"line":60,"column":6},"end":{"line":68,"column":7}},"21":{"start":{"line":61,"column":25},"end":{"line":61,"column":79}},"22":{"start":{"line":62,"column":8},"end":{"line":62,"column":36}},"23":{"start":{"line":63,"column":8},"end":{"line":63,"column":44}},"24":{"start":{"line":64,"column":8},"end":{"line":64,"column":57}},"25":{"start":{"line":66,"column":8},"end":{"line":66,"column":42}},"26":{"start":{"line":67,"column":8},"end":{"line":67,"column":57}},"27":{"start":{"line":71,"column":4},"end":{"line":71,"column":21}},"28":{"start":{"line":74,"column":2},"end":{"line":86,"column":31}},"29":{"start":{"line":75,"column":4},"end":{"line":75,"column":46}},"30":{"start":{"line":76,"column":4},"end":{"line":76,"column":72}},"31":{"start":{"line":77,"column":4},"end":{"line":85,"column":5}},"32":{"start":{"line":78,"column":6},"end":{"line":78,"column":38}},"33":{"start":{"line":80,"column":6},"end":{"line":84,"column":8}},"34":{"start":{"line":82,"column":10},"end":{"line":82,"column":73}},"35":{"start":{"line":88,"column":2},"end":{"line":92,"column":26}},"36":{"start":{"line":89,"column":4},"end":{"line":91,"column":5}},"37":{"start":{"line":90,"column":6},"end":{"line":90,"column":43}},"38":{"start":{"line":94,"column":2},"end":{"line":104,"column":24}},"39":{"start":{"line":95,"column":4},"end":{"line":103,"column":5}},"40":{"start":{"line":96,"column":6},"end":{"line":96,"column":43}},"41":{"start":{"line":98,"column":6},"end":{"line":102,"column":8}},"42":{"start":{"line":100,"column":10},"end":{"line":100,"column":78}},"43":{"start":{"line":106,"column":21},"end":{"line":121,"column":3}},"44":{"start":{"line":107,"column":4},"end":{"line":110,"column":5}},"45":{"start":{"line":108,"column":6},"end":{"line":108,"column":43}},"46":{"start":{"line":109,"column":6},"end":{"line":109,"column":13}},"47":{"start":{"line":112,"column":4},"end":{"line":120,"column":5}},"48":{"start":{"line":113,"column":23},"end":{"line":115,"column":7}},"49":{"start":{"line":116,"column":6},"end":{"line":116,"column":30}},"50":{"start":{"line":118,"column":6},"end":{"line":118,"column":49}},"51":{"start":{"line":119,"column":6},"end":{"line":119,"column":64}},"52":{"start":{"line":123,"column":25},"end":{"line":134,"column":3}},"53":{"start":{"line":124,"column":4},"end":{"line":133,"column":5}},"54":{"start":{"line":125,"column":6},"end":{"line":129,"column":7}},"55":{"start":{"line":126,"column":8},"end":{"line":126,"column":78}},"56":{"start":{"line":126,"column":61},"end":{"line":126,"column":75}},"57":{"start":{"line":128,"column":8},"end":{"line":128,"column":63}},"58":{"start":{"line":131,"column":6},"end":{"line":131,"column":39}},"59":{"start":{"line":132,"column":6},"end":{"line":132,"column":30}},"60":{"start":{"line":136,"column":25},"end":{"line":158,"column":3}},"61":{"start":{"line":137,"column":4},"end":{"line":157,"column":5}},"62":{"start":{"line":138,"column":23},"end":{"line":140,"column":8}},"63":{"start":{"line":141,"column":6},"end":{"line":141,"column":50}},"64":{"start":{"line":142,"column":6},"end":{"line":142,"column":19}},"65":{"start":{"line":144,"column":6},"end":{"line":144,"column":57}},"66":{"start":{"line":146,"column":6},"end":{"line":156,"column":7}},"67":{"start":{"line":147,"column":8},"end":{"line":151,"column":9}},"68":{"start":{"line":148,"column":10},"end":{"line":148,"column":48}},"69":{"start":{"line":150,"column":10},"end":{"line":150,"column":69}},"70":{"start":{"line":153,"column":8},"end":{"line":155,"column":10}},"71":{"start":{"line":160,"column":25},"end":{"line":178,"column":3}},"72":{"start":{"line":161,"column":4},"end":{"line":177,"column":5}},"73":{"start":{"line":162,"column":6},"end":{"line":162,"column":78}},"74":{"start":{"line":163,"column":6},"end":{"line":163,"column":79}},"75":{"start":{"line":163,"column":50},"end":{"line":163,"column":76}},"76":{"start":{"line":164,"column":6},"end":{"line":164,"column":59}},"77":{"start":{"line":165,"column":6},"end":{"line":171,"column":7}},"78":{"start":{"line":169,"column":8},"end":{"line":169,"column":33}},"79":{"start":{"line":170,"column":8},"end":{"line":170,"column":21}},"80":{"start":{"line":173,"column":6},"end":{"line":173,"column":54}},"81":{"start":{"line":174,"column":6},"end":{"line":174,"column":39}},"82":{"start":{"line":176,"column":6},"end":{"line":176,"column":25}},"83":{"start":{"line":180,"column":26},"end":{"line":202,"column":3}},"84":{"start":{"line":181,"column":4},"end":{"line":201,"column":5}},"85":{"start":{"line":182,"column":6},"end":{"line":188,"column":8}},"86":{"start":{"line":184,"column":10},"end":{"line":186,"column":12}},"87":{"start":{"line":189,"column":6},"end":{"line":191,"column":8}},"88":{"start":{"line":190,"column":39},"end":{"line":190,"column":76}},"89":{"start":{"line":192,"column":6},"end":{"line":192,"column":57}},"90":{"start":{"line":193,"column":6},"end":{"line":193,"column":31}},"91":{"start":{"line":194,"column":6},"end":{"line":194,"column":19}},"92":{"start":{"line":195,"column":6},"end":{"line":195,"column":60}},"93":{"start":{"line":197,"column":6},"end":{"line":197,"column":55}},"94":{"start":{"line":198,"column":6},"end":{"line":198,"column":40}},"95":{"start":{"line":200,"column":6},"end":{"line":200,"column":25}},"96":{"start":{"line":204,"column":21},"end":{"line":220,"column":3}},"97":{"start":{"line":205,"column":4},"end":{"line":219,"column":5}},"98":{"start":{"line":206,"column":6},"end":{"line":208,"column":8}},"99":{"start":{"line":209,"column":6},"end":{"line":211,"column":8}},"100":{"start":{"line":212,"column":6},"end":{"line":212,"column":59}},"101":{"start":{"line":212,"column":38},"end":{"line":212,"column":56}},"102":{"start":{"line":213,"column":6},"end":{"line":215,"column":8}},"103":{"start":{"line":217,"column":6},"end":{"line":217,"column":65}},"104":{"start":{"line":218,"column":6},"end":{"line":218,"column":49}},"105":{"start":{"line":222,"column":22},"end":{"line":241,"column":3}},"106":{"start":{"line":223,"column":4},"end":{"line":240,"column":5}},"107":{"start":{"line":224,"column":6},"end":{"line":226,"column":8}},"108":{"start":{"line":227,"column":6},"end":{"line":232,"column":8}},"109":{"start":{"line":233,"column":6},"end":{"line":233,"column":67}},"110":{"start":{"line":233,"column":38},"end":{"line":233,"column":64}},"111":{"start":{"line":234,"column":6},"end":{"line":236,"column":8}},"112":{"start":{"line":238,"column":6},"end":{"line":238,"column":51}},"113":{"start":{"line":239,"column":6},"end":{"line":239,"column":36}},"114":{"start":{"line":243,"column":20},"end":{"line":245,"column":3}},"115":{"start":{"line":244,"column":4},"end":{"line":244,"column":25}},"116":{"start":{"line":247,"column":21},"end":{"line":250,"column":3}},"117":{"start":{"line":248,"column":4},"end":{"line":248,"column":26}},"118":{"start":{"line":249,"column":4},"end":{"line":249,"column":27}},"119":{"start":{"line":252,"column":38},"end":{"line":254,"column":3}},"120":{"start":{"line":253,"column":4},"end":{"line":253,"column":39}},"121":{"start":{"line":256,"column":27},"end":{"line":267,"column":3}},"122":{"start":{"line":257,"column":4},"end":{"line":257,"column":23}},"123":{"start":{"line":258,"column":4},"end":{"line":260,"column":5}},"124":{"start":{"line":259,"column":6},"end":{"line":259,"column":39}},"125":{"start":{"line":261,"column":4},"end":{"line":266,"column":7}},"126":{"start":{"line":269,"column":2},"end":{"line":288,"column":28}},"127":{"start":{"line":270,"column":31},"end":{"line":277,"column":5}},"128":{"start":{"line":271,"column":6},"end":{"line":276,"column":7}},"129":{"start":{"line":275,"column":8},"end":{"line":275,"column":27}},"130":{"start":{"line":279,"column":4},"end":{"line":283,"column":5}},"131":{"start":{"line":280,"column":6},"end":{"line":280,"column":65}},"132":{"start":{"line":282,"column":6},"end":{"line":282,"column":68}},"133":{"start":{"line":285,"column":4},"end":{"line":287,"column":6}},"134":{"start":{"line":286,"column":6},"end":{"line":286,"column":68}},"135":{"start":{"line":290,"column":27},"end":{"line":292,"column":3}},"136":{"start":{"line":291,"column":4},"end":{"line":291,"column":55}},"137":{"start":{"line":294,"column":22},"end":{"line":296,"column":3}},"138":{"start":{"line":295,"column":4},"end":{"line":295,"column":30}},"139":{"start":{"line":298,"column":24},"end":{"line":300,"column":3}},"140":{"start":{"line":299,"column":4},"end":{"line":299,"column":33}},"141":{"start":{"line":302,"column":29},"end":{"line":304,"column":3}},"142":{"start":{"line":303,"column":4},"end":{"line":303,"column":35}},"143":{"start":{"line":306,"column":26},"end":{"line":313,"column":3}},"144":{"start":{"line":307,"column":4},"end":{"line":307,"column":25}},"145":{"start":{"line":308,"column":4},"end":{"line":312,"column":5}},"146":{"start":{"line":309,"column":6},"end":{"line":309,"column":31}},"147":{"start":{"line":310,"column":6},"end":{"line":310,"column":69}},"148":{"start":{"line":311,"column":6},"end":{"line":311,"column":26}},"149":{"start":{"line":315,"column":26},"end":{"line":324,"column":3}},"150":{"start":{"line":316,"column":4},"end":{"line":323,"column":5}},"151":{"start":{"line":317,"column":6},"end":{"line":321,"column":7}},"152":{"start":{"line":318,"column":8},"end":{"line":318,"column":33}},"153":{"start":{"line":320,"column":8},"end":{"line":320,"column":32}},"154":{"start":{"line":322,"column":6},"end":{"line":322,"column":31}},"155":{"start":{"line":326,"column":24},"end":{"line":335,"column":3}},"156":{"start":{"line":327,"column":4},"end":{"line":334,"column":5}},"157":{"start":{"line":328,"column":24},"end":{"line":328,"column":32}},"158":{"start":{"line":329,"column":6},"end":{"line":329,"column":33}},"159":{"start":{"line":330,"column":6},"end":{"line":333,"column":7}},"160":{"start":{"line":331,"column":8},"end":{"line":331,"column":32}},"161":{"start":{"line":332,"column":8},"end":{"line":332,"column":27}},"162":{"start":{"line":337,"column":27},"end":{"line":355,"column":3}},"163":{"start":{"line":338,"column":4},"end":{"line":342,"column":5}},"164":{"start":{"line":339,"column":6},"end":{"line":339,"column":39}},"165":{"start":{"line":340,"column":6},"end":{"line":340,"column":30}},"166":{"start":{"line":341,"column":6},"end":{"line":341,"column":13}},"167":{"start":{"line":343,"column":4},"end":{"line":354,"column":5}},"168":{"start":{"line":344,"column":27},"end":{"line":346,"column":7}},"169":{"start":{"line":345,"column":18},"end":{"line":345,"column":44}},"170":{"start":{"line":347,"column":28},"end":{"line":347,"column":76}},"171":{"start":{"line":348,"column":27},"end":{"line":348,"column":47}},"172":{"start":{"line":349,"column":6},"end":{"line":349,"column":36}},"173":{"start":{"line":350,"column":6},"end":{"line":353,"column":7}},"174":{"start":{"line":351,"column":8},"end":{"line":351,"column":32}},"175":{"start":{"line":352,"column":8},"end":{"line":352,"column":27}},"176":{"start":{"line":357,"column":23},"end":{"line":381,"column":3}},"177":{"start":{"line":358,"column":4},"end":{"line":362,"column":5}},"178":{"start":{"line":359,"column":6},"end":{"line":359,"column":39}},"179":{"start":{"line":360,"column":6},"end":{"line":360,"column":30}},"180":{"start":{"line":361,"column":6},"end":{"line":361,"column":13}},"181":{"start":{"line":363,"column":4},"end":{"line":380,"column":5}},"182":{"start":{"line":364,"column":6},"end":{"line":375,"column":7}},"183":{"start":{"line":365,"column":28},"end":{"line":365,"column":68}},"184":{"start":{"line":366,"column":27},"end":{"line":366,"column":45}},"185":{"start":{"line":367,"column":8},"end":{"line":367,"column":36}},"186":{"start":{"line":369,"column":29},"end":{"line":371,"column":9}},"187":{"start":{"line":370,"column":20},"end":{"line":370,"column":46}},"188":{"start":{"line":372,"column":26},"end":{"line":372,"column":59}},"189":{"start":{"line":373,"column":25},"end":{"line":373,"column":41}},"190":{"start":{"line":374,"column":8},"end":{"line":374,"column":34}},"191":{"start":{"line":376,"column":6},"end":{"line":379,"column":7}},"192":{"start":{"line":377,"column":8},"end":{"line":377,"column":32}},"193":{"start":{"line":378,"column":8},"end":{"line":378,"column":27}},"194":{"start":{"line":383,"column":23},"end":{"line":385,"column":3}},"195":{"start":{"line":384,"column":4},"end":{"line":384,"column":27}},"196":{"start":{"line":387,"column":24},"end":{"line":389,"column":3}},"197":{"start":{"line":388,"column":4},"end":{"line":388,"column":29}},"198":{"start":{"line":391,"column":2},"end":{"line":669,"column":4}},"199":{"start":{"line":399,"column":14},"end":{"line":399,"column":41}},"200":{"start":{"line":413,"column":14},"end":{"line":413,"column":40}},"201":{"start":{"line":427,"column":14},"end":{"line":427,"column":48}},"202":{"start":{"line":445,"column":14},"end":{"line":445,"column":43}},"203":{"start":{"line":459,"column":14},"end":{"line":459,"column":44}},"204":{"start":{"line":526,"column":26},"end":{"line":545,"column":30}},"205":{"start":{"line":538,"column":30},"end":{"line":538,"column":49}},"206":{"start":{"line":539,"column":30},"end":{"line":539,"column":58}},"207":{"start":{"line":541,"column":50},"end":{"line":541,"column":79}},"208":{"start":{"line":565,"column":45},"end":{"line":565,"column":79}},"209":{"start":{"line":576,"column":44},"end":{"line":576,"column":79}},"210":{"start":{"line":659,"column":37},"end":{"line":659,"column":75}}},"fnMap":{"0":{"name":"MusicGallery","decl":{"start":{"line":34,"column":9},"end":{"line":34,"column":21}},"loc":{"start":{"line":34,"column":24},"end":{"line":670,"column":1}},"line":34},"1":{"name":"(anonymous_1)","decl":{"start":{"line":58,"column":12},"end":{"line":58,"column":13}},"loc":{"start":{"line":58,"column":18},"end":{"line":72,"column":3}},"line":58},"2":{"name":"(anonymous_2)","decl":{"start":{"line":59,"column":27},"end":{"line":59,"column":28}},"loc":{"start":{"line":59,"column":39},"end":{"line":69,"column":5}},"line":59},"3":{"name":"(anonymous_3)","decl":{"start":{"line":74,"column":12},"end":{"line":74,"column":13}},"loc":{"start":{"line":74,"column":18},"end":{"line":86,"column":3}},"line":74},"4":{"name":"(anonymous_4)","decl":{"start":{"line":81,"column":25},"end":{"line":81,"column":26}},"loc":{"start":{"line":82,"column":10},"end":{"line":82,"column":73}},"line":82},"5":{"name":"(anonymous_5)","decl":{"start":{"line":88,"column":12},"end":{"line":88,"column":13}},"loc":{"start":{"line":88,"column":18},"end":{"line":92,"column":3}},"line":88},"6":{"name":"(anonymous_6)","decl":{"start":{"line":94,"column":12},"end":{"line":94,"column":13}},"loc":{"start":{"line":94,"column":18},"end":{"line":104,"column":3}},"line":94},"7":{"name":"(anonymous_7)","decl":{"start":{"line":99,"column":21},"end":{"line":99,"column":22}},"loc":{"start":{"line":100,"column":10},"end":{"line":100,"column":78}},"line":100},"8":{"name":"(anonymous_8)","decl":{"start":{"line":106,"column":21},"end":{"line":106,"column":22}},"loc":{"start":{"line":106,"column":43},"end":{"line":121,"column":3}},"line":106},"9":{"name":"(anonymous_9)","decl":{"start":{"line":123,"column":25},"end":{"line":123,"column":26}},"loc":{"start":{"line":123,"column":46},"end":{"line":134,"column":3}},"line":123},"10":{"name":"(anonymous_10)","decl":{"start":{"line":126,"column":54},"end":{"line":126,"column":55}},"loc":{"start":{"line":126,"column":61},"end":{"line":126,"column":75}},"line":126},"11":{"name":"(anonymous_11)","decl":{"start":{"line":136,"column":25},"end":{"line":136,"column":26}},"loc":{"start":{"line":136,"column":37},"end":{"line":158,"column":3}},"line":136},"12":{"name":"(anonymous_12)","decl":{"start":{"line":160,"column":25},"end":{"line":160,"column":26}},"loc":{"start":{"line":160,"column":47},"end":{"line":178,"column":3}},"line":160},"13":{"name":"(anonymous_13)","decl":{"start":{"line":163,"column":36},"end":{"line":163,"column":37}},"loc":{"start":{"line":163,"column":50},"end":{"line":163,"column":76}},"line":163},"14":{"name":"(anonymous_14)","decl":{"start":{"line":180,"column":26},"end":{"line":180,"column":27}},"loc":{"start":{"line":180,"column":38},"end":{"line":202,"column":3}},"line":180},"15":{"name":"(anonymous_15)","decl":{"start":{"line":183,"column":30},"end":{"line":183,"column":31}},"loc":{"start":{"line":183,"column":50},"end":{"line":187,"column":9}},"line":183},"16":{"name":"(anonymous_16)","decl":{"start":{"line":190,"column":25},"end":{"line":190,"column":26}},"loc":{"start":{"line":190,"column":39},"end":{"line":190,"column":76}},"line":190},"17":{"name":"(anonymous_17)","decl":{"start":{"line":204,"column":21},"end":{"line":204,"column":22}},"loc":{"start":{"line":204,"column":51},"end":{"line":220,"column":3}},"line":204},"18":{"name":"(anonymous_18)","decl":{"start":{"line":212,"column":28},"end":{"line":212,"column":29}},"loc":{"start":{"line":212,"column":38},"end":{"line":212,"column":56}},"line":212},"19":{"name":"(anonymous_19)","decl":{"start":{"line":222,"column":22},"end":{"line":222,"column":23}},"loc":{"start":{"line":222,"column":53},"end":{"line":241,"column":3}},"line":222},"20":{"name":"(anonymous_20)","decl":{"start":{"line":233,"column":28},"end":{"line":233,"column":29}},"loc":{"start":{"line":233,"column":38},"end":{"line":233,"column":64}},"line":233},"21":{"name":"(anonymous_21)","decl":{"start":{"line":243,"column":20},"end":{"line":243,"column":21}},"loc":{"start":{"line":243,"column":26},"end":{"line":245,"column":3}},"line":243},"22":{"name":"(anonymous_22)","decl":{"start":{"line":247,"column":21},"end":{"line":247,"column":22}},"loc":{"start":{"line":247,"column":27},"end":{"line":250,"column":3}},"line":247},"23":{"name":"(anonymous_23)","decl":{"start":{"line":252,"column":38},"end":{"line":252,"column":39}},"loc":{"start":{"line":252,"column":45},"end":{"line":254,"column":3}},"line":252},"24":{"name":"(anonymous_24)","decl":{"start":{"line":256,"column":27},"end":{"line":256,"column":28}},"loc":{"start":{"line":256,"column":44},"end":{"line":267,"column":3}},"line":256},"25":{"name":"(anonymous_25)","decl":{"start":{"line":269,"column":12},"end":{"line":269,"column":13}},"loc":{"start":{"line":269,"column":18},"end":{"line":288,"column":3}},"line":269},"26":{"name":"(anonymous_26)","decl":{"start":{"line":270,"column":31},"end":{"line":270,"column":32}},"loc":{"start":{"line":270,"column":42},"end":{"line":277,"column":5}},"line":270},"27":{"name":"(anonymous_27)","decl":{"start":{"line":285,"column":11},"end":{"line":285,"column":12}},"loc":{"start":{"line":285,"column":17},"end":{"line":287,"column":5}},"line":285},"28":{"name":"(anonymous_28)","decl":{"start":{"line":290,"column":27},"end":{"line":290,"column":28}},"loc":{"start":{"line":290,"column":33},"end":{"line":292,"column":3}},"line":290},"29":{"name":"(anonymous_29)","decl":{"start":{"line":294,"column":22},"end":{"line":294,"column":23}},"loc":{"start":{"line":294,"column":28},"end":{"line":296,"column":3}},"line":294},"30":{"name":"(anonymous_30)","decl":{"start":{"line":298,"column":24},"end":{"line":298,"column":25}},"loc":{"start":{"line":298,"column":30},"end":{"line":300,"column":3}},"line":298},"31":{"name":"(anonymous_31)","decl":{"start":{"line":302,"column":29},"end":{"line":302,"column":30}},"loc":{"start":{"line":302,"column":36},"end":{"line":304,"column":3}},"line":302},"32":{"name":"(anonymous_32)","decl":{"start":{"line":306,"column":26},"end":{"line":306,"column":27}},"loc":{"start":{"line":306,"column":36},"end":{"line":313,"column":3}},"line":306},"33":{"name":"(anonymous_33)","decl":{"start":{"line":315,"column":26},"end":{"line":315,"column":27}},"loc":{"start":{"line":315,"column":32},"end":{"line":324,"column":3}},"line":315},"34":{"name":"(anonymous_34)","decl":{"start":{"line":326,"column":24},"end":{"line":326,"column":25}},"loc":{"start":{"line":326,"column":30},"end":{"line":335,"column":3}},"line":326},"35":{"name":"(anonymous_35)","decl":{"start":{"line":337,"column":27},"end":{"line":337,"column":28}},"loc":{"start":{"line":337,"column":33},"end":{"line":355,"column":3}},"line":337},"36":{"name":"(anonymous_36)","decl":{"start":{"line":345,"column":8},"end":{"line":345,"column":9}},"loc":{"start":{"line":345,"column":18},"end":{"line":345,"column":44}},"line":345},"37":{"name":"(anonymous_37)","decl":{"start":{"line":357,"column":23},"end":{"line":357,"column":24}},"loc":{"start":{"line":357,"column":29},"end":{"line":381,"column":3}},"line":357},"38":{"name":"(anonymous_38)","decl":{"start":{"line":370,"column":10},"end":{"line":370,"column":11}},"loc":{"start":{"line":370,"column":20},"end":{"line":370,"column":46}},"line":370},"39":{"name":"(anonymous_39)","decl":{"start":{"line":383,"column":23},"end":{"line":383,"column":24}},"loc":{"start":{"line":383,"column":29},"end":{"line":385,"column":3}},"line":383},"40":{"name":"(anonymous_40)","decl":{"start":{"line":387,"column":24},"end":{"line":387,"column":25}},"loc":{"start":{"line":387,"column":30},"end":{"line":389,"column":3}},"line":387},"41":{"name":"(anonymous_41)","decl":{"start":{"line":398,"column":21},"end":{"line":398,"column":22}},"loc":{"start":{"line":398,"column":27},"end":{"line":400,"column":13}},"line":398},"42":{"name":"(anonymous_42)","decl":{"start":{"line":412,"column":21},"end":{"line":412,"column":22}},"loc":{"start":{"line":412,"column":27},"end":{"line":414,"column":13}},"line":412},"43":{"name":"(anonymous_43)","decl":{"start":{"line":426,"column":21},"end":{"line":426,"column":22}},"loc":{"start":{"line":426,"column":27},"end":{"line":428,"column":13}},"line":426},"44":{"name":"(anonymous_44)","decl":{"start":{"line":444,"column":21},"end":{"line":444,"column":22}},"loc":{"start":{"line":444,"column":27},"end":{"line":446,"column":13}},"line":444},"45":{"name":"(anonymous_45)","decl":{"start":{"line":458,"column":21},"end":{"line":458,"column":22}},"loc":{"start":{"line":458,"column":27},"end":{"line":460,"column":13}},"line":458},"46":{"name":"(anonymous_46)","decl":{"start":{"line":525,"column":47},"end":{"line":525,"column":48}},"loc":{"start":{"line":526,"column":26},"end":{"line":545,"column":30}},"line":526},"47":{"name":"(anonymous_47)","decl":{"start":{"line":537,"column":37},"end":{"line":537,"column":38}},"loc":{"start":{"line":537,"column":44},"end":{"line":540,"column":29}},"line":537},"48":{"name":"(anonymous_48)","decl":{"start":{"line":541,"column":43},"end":{"line":541,"column":44}},"loc":{"start":{"line":541,"column":50},"end":{"line":541,"column":79}},"line":541},"49":{"name":"(anonymous_49)","decl":{"start":{"line":565,"column":38},"end":{"line":565,"column":39}},"loc":{"start":{"line":565,"column":45},"end":{"line":565,"column":79}},"line":565},"50":{"name":"(anonymous_50)","decl":{"start":{"line":576,"column":38},"end":{"line":576,"column":39}},"loc":{"start":{"line":576,"column":44},"end":{"line":576,"column":79}},"line":576},"51":{"name":"(anonymous_51)","decl":{"start":{"line":659,"column":31},"end":{"line":659,"column":32}},"loc":{"start":{"line":659,"column":37},"end":{"line":659,"column":75}},"line":659}},"branchMap":{"0":{"loc":{"start":{"line":77,"column":4},"end":{"line":85,"column":5}},"type":"if","locations":[{"start":{"line":77,"column":4},"end":{"line":85,"column":5}},{"start":{"line":79,"column":11},"end":{"line":85,"column":5}}],"line":77},"1":{"loc":{"start":{"line":89,"column":4},"end":{"line":91,"column":5}},"type":"if","locations":[{"start":{"line":89,"column":4},"end":{"line":91,"column":5}},{"start":{},"end":{}}],"line":89},"2":{"loc":{"start":{"line":95,"column":4},"end":{"line":103,"column":5}},"type":"if","locations":[{"start":{"line":95,"column":4},"end":{"line":103,"column":5}},{"start":{"line":97,"column":11},"end":{"line":103,"column":5}}],"line":95},"3":{"loc":{"start":{"line":107,"column":4},"end":{"line":110,"column":5}},"type":"if","locations":[{"start":{"line":107,"column":4},"end":{"line":110,"column":5}},{"start":{},"end":{}}],"line":107},"4":{"loc":{"start":{"line":124,"column":4},"end":{"line":133,"column":5}},"type":"if","locations":[{"start":{"line":124,"column":4},"end":{"line":133,"column":5}},{"start":{"line":130,"column":11},"end":{"line":133,"column":5}}],"line":124},"5":{"loc":{"start":{"line":124,"column":8},"end":{"line":124,"column":38}},"type":"binary-expr","locations":[{"start":{"line":124,"column":8},"end":{"line":124,"column":21}},{"start":{"line":124,"column":25},"end":{"line":124,"column":38}}],"line":124},"6":{"loc":{"start":{"line":125,"column":6},"end":{"line":129,"column":7}},"type":"if","locations":[{"start":{"line":125,"column":6},"end":{"line":129,"column":7}},{"start":{"line":127,"column":13},"end":{"line":129,"column":7}}],"line":125},"7":{"loc":{"start":{"line":146,"column":6},"end":{"line":156,"column":7}},"type":"if","locations":[{"start":{"line":146,"column":6},"end":{"line":156,"column":7}},{"start":{"line":152,"column":13},"end":{"line":156,"column":7}}],"line":146},"8":{"loc":{"start":{"line":147,"column":8},"end":{"line":151,"column":9}},"type":"if","locations":[{"start":{"line":147,"column":8},"end":{"line":151,"column":9}},{"start":{"line":149,"column":15},"end":{"line":151,"column":9}}],"line":147},"9":{"loc":{"start":{"line":165,"column":6},"end":{"line":171,"column":7}},"type":"if","locations":[{"start":{"line":165,"column":6},"end":{"line":171,"column":7}},{"start":{},"end":{}}],"line":165},"10":{"loc":{"start":{"line":166,"column":8},"end":{"line":167,"column":46}},"type":"binary-expr","locations":[{"start":{"line":166,"column":8},"end":{"line":166,"column":38}},{"start":{"line":167,"column":8},"end":{"line":167,"column":46}}],"line":166},"11":{"loc":{"start":{"line":258,"column":4},"end":{"line":260,"column":5}},"type":"if","locations":[{"start":{"line":258,"column":4},"end":{"line":260,"column":5}},{"start":{},"end":{}}],"line":258},"12":{"loc":{"start":{"line":271,"column":6},"end":{"line":276,"column":7}},"type":"if","locations":[{"start":{"line":271,"column":6},"end":{"line":276,"column":7}},{"start":{},"end":{}}],"line":271},"13":{"loc":{"start":{"line":272,"column":8},"end":{"line":273,"column":54}},"type":"binary-expr","locations":[{"start":{"line":272,"column":8},"end":{"line":272,"column":30}},{"start":{"line":273,"column":8},"end":{"line":273,"column":54}}],"line":272},"14":{"loc":{"start":{"line":279,"column":4},"end":{"line":283,"column":5}},"type":"if","locations":[{"start":{"line":279,"column":4},"end":{"line":283,"column":5}},{"start":{"line":281,"column":11},"end":{"line":283,"column":5}}],"line":279},"15":{"loc":{"start":{"line":308,"column":4},"end":{"line":312,"column":5}},"type":"if","locations":[{"start":{"line":308,"column":4},"end":{"line":312,"column":5}},{"start":{},"end":{}}],"line":308},"16":{"loc":{"start":{"line":316,"column":4},"end":{"line":323,"column":5}},"type":"if","locations":[{"start":{"line":316,"column":4},"end":{"line":323,"column":5}},{"start":{},"end":{}}],"line":316},"17":{"loc":{"start":{"line":316,"column":8},"end":{"line":316,"column":39}},"type":"binary-expr","locations":[{"start":{"line":316,"column":8},"end":{"line":316,"column":19}},{"start":{"line":316,"column":23},"end":{"line":316,"column":39}}],"line":316},"18":{"loc":{"start":{"line":317,"column":6},"end":{"line":321,"column":7}},"type":"if","locations":[{"start":{"line":317,"column":6},"end":{"line":321,"column":7}},{"start":{"line":319,"column":13},"end":{"line":321,"column":7}}],"line":317},"19":{"loc":{"start":{"line":327,"column":4},"end":{"line":334,"column":5}},"type":"if","locations":[{"start":{"line":327,"column":4},"end":{"line":334,"column":5}},{"start":{},"end":{}}],"line":327},"20":{"loc":{"start":{"line":330,"column":6},"end":{"line":333,"column":7}},"type":"if","locations":[{"start":{"line":330,"column":6},"end":{"line":333,"column":7}},{"start":{},"end":{}}],"line":330},"21":{"loc":{"start":{"line":338,"column":4},"end":{"line":342,"column":5}},"type":"if","locations":[{"start":{"line":338,"column":4},"end":{"line":342,"column":5}},{"start":{},"end":{}}],"line":338},"22":{"loc":{"start":{"line":343,"column":4},"end":{"line":354,"column":5}},"type":"if","locations":[{"start":{"line":343,"column":4},"end":{"line":354,"column":5}},{"start":{},"end":{}}],"line":343},"23":{"loc":{"start":{"line":343,"column":8},"end":{"line":343,"column":39}},"type":"binary-expr","locations":[{"start":{"line":343,"column":8},"end":{"line":343,"column":24}},{"start":{"line":343,"column":28},"end":{"line":343,"column":39}}],"line":343},"24":{"loc":{"start":{"line":350,"column":6},"end":{"line":353,"column":7}},"type":"if","locations":[{"start":{"line":350,"column":6},"end":{"line":353,"column":7}},{"start":{},"end":{}}],"line":350},"25":{"loc":{"start":{"line":358,"column":4},"end":{"line":362,"column":5}},"type":"if","locations":[{"start":{"line":358,"column":4},"end":{"line":362,"column":5}},{"start":{},"end":{}}],"line":358},"26":{"loc":{"start":{"line":363,"column":4},"end":{"line":380,"column":5}},"type":"if","locations":[{"start":{"line":363,"column":4},"end":{"line":380,"column":5}},{"start":{},"end":{}}],"line":363},"27":{"loc":{"start":{"line":363,"column":8},"end":{"line":363,"column":39}},"type":"binary-expr","locations":[{"start":{"line":363,"column":8},"end":{"line":363,"column":24}},{"start":{"line":363,"column":28},"end":{"line":363,"column":39}}],"line":363},"28":{"loc":{"start":{"line":364,"column":6},"end":{"line":375,"column":7}},"type":"if","locations":[{"start":{"line":364,"column":6},"end":{"line":375,"column":7}},{"start":{"line":368,"column":13},"end":{"line":375,"column":7}}],"line":364},"29":{"loc":{"start":{"line":376,"column":6},"end":{"line":379,"column":7}},"type":"if","locations":[{"start":{"line":376,"column":6},"end":{"line":379,"column":7}},{"start":{},"end":{}}],"line":376},"30":{"loc":{"start":{"line":529,"column":28},"end":{"line":529,"column":82}},"type":"cond-expr","locations":[{"start":{"line":529,"column":67},"end":{"line":529,"column":77}},{"start":{"line":529,"column":80},"end":{"line":529,"column":82}}],"line":529},"31":{"loc":{"start":{"line":551,"column":21},"end":{"line":582,"column":21}},"type":"cond-expr","locations":[{"start":{"line":552,"column":22},"end":{"line":579,"column":28}},{"start":{"line":581,"column":22},"end":{"line":581,"column":30}}],"line":551},"32":{"loc":{"start":{"line":587,"column":21},"end":{"line":593,"column":21}},"type":"binary-expr","locations":[{"start":{"line":587,"column":21},"end":{"line":587,"column":32}},{"start":{"line":588,"column":22},"end":{"line":592,"column":24}}],"line":587},"33":{"loc":{"start":{"line":596,"column":25},"end":{"line":596,"column":75}},"type":"cond-expr","locations":[{"start":{"line":596,"column":39},"end":{"line":596,"column":60}},{"start":{"line":596,"column":63},"end":{"line":596,"column":75}}],"line":596},"34":{"loc":{"start":{"line":599,"column":25},"end":{"line":599,"column":73}},"type":"cond-expr","locations":[{"start":{"line":599,"column":39},"end":{"line":599,"column":57}},{"start":{"line":599,"column":60},"end":{"line":599,"column":73}}],"line":599},"35":{"loc":{"start":{"line":606,"column":23},"end":{"line":606,"column":45}},"type":"cond-expr","locations":[{"start":{"line":606,"column":35},"end":{"line":606,"column":39}},{"start":{"line":606,"column":42},"end":{"line":606,"column":45}}],"line":606},"36":{"loc":{"start":{"line":621,"column":9},"end":{"line":650,"column":9}},"type":"binary-expr","locations":[{"start":{"line":621,"column":9},"end":{"line":621,"column":20}},{"start":{"line":622,"column":10},"end":{"line":649,"column":13}}],"line":621},"37":{"loc":{"start":{"line":652,"column":9},"end":{"line":666,"column":9}},"type":"binary-expr","locations":[{"start":{"line":652,"column":9},"end":{"line":652,"column":28}},{"start":{"line":653,"column":10},"end":{"line":665,"column":16}}],"line":652},"38":{"loc":{"start":{"line":658,"column":13},"end":{"line":664,"column":13}},"type":"cond-expr","locations":[{"start":{"line":659,"column":14},"end":{"line":661,"column":23}},{"start":{"line":663,"column":14},"end":{"line":663,"column":63}}],"line":658}},"s":{"0":1,"1":1,"2":34,"3":34,"4":33,"5":33,"6":33,"7":33,"8":33,"9":33,"10":33,"11":33,"12":33,"13":33,"14":33,"15":33,"16":33,"17":33,"18":33,"19":8,"20":8,"21":8,"22":8,"23":8,"24":8,"25":0,"26":0,"27":8,"28":33,"29":16,"30":16,"31":16,"32":16,"33":0,"34":0,"35":33,"36":8,"37":0,"38":33,"39":8,"40":8,"41":0,"42":0,"43":33,"44":8,"45":8,"46":8,"47":0,"48":0,"49":0,"50":0,"51":0,"52":33,"53":0,"54":0,"55":0,"56":0,"57":0,"58":0,"59":0,"60":33,"61":1,"62":1,"63":1,"64":1,"65":0,"66":0,"67":0,"68":0,"69":0,"70":0,"71":33,"72":0,"73":0,"74":0,"75":0,"76":0,"77":0,"78":0,"79":0,"80":0,"81":0,"82":0,"83":33,"84":0,"85":0,"86":0,"87":0,"88":0,"89":0,"90":0,"91":0,"92":0,"93":0,"94":0,"95":0,"96":33,"97":0,"98":0,"99":0,"100":0,"101":0,"102":0,"103":0,"104":0,"105":33,"106":0,"107":0,"108":0,"109":0,"110":0,"111":0,"112":0,"113":0,"114":33,"115":2,"116":33,"117":2,"118":2,"119":33,"120":1,"121":33,"122":0,"123":0,"124":0,"125":0,"126":33,"127":8,"128":0,"129":0,"130":8,"131":0,"132":8,"133":8,"134":8,"135":33,"136":0,"137":33,"138":0,"139":33,"140":0,"141":33,"142":0,"143":33,"144":0,"145":0,"146":0,"147":0,"148":0,"149":33,"150":0,"151":0,"152":0,"153":0,"154":0,"155":33,"156":0,"157":0,"158":0,"159":0,"160":0,"161":0,"162":33,"163":0,"164":0,"165":0,"166":0,"167":0,"168":0,"169":0,"170":0,"171":0,"172":0,"173":0,"174":0,"175":0,"176":33,"177":0,"178":0,"179":0,"180":0,"181":0,"182":0,"183":0,"184":0,"185":0,"186":0,"187":0,"188":0,"189":0,"190":0,"191":0,"192":0,"193":0,"194":33,"195":0,"196":33,"197":0,"198":33,"199":1,"200":1,"201":1,"202":1,"203":1,"204":31,"205":0,"206":0,"207":0,"208":0,"209":0,"210":0},"f":{"0":34,"1":8,"2":8,"3":16,"4":0,"5":8,"6":8,"7":0,"8":8,"9":0,"10":0,"11":1,"12":0,"13":0,"14":0,"15":0,"16":0,"17":0,"18":0,"19":0,"20":0,"21":2,"22":2,"23":1,"24":0,"25":8,"26":0,"27":8,"28":0,"29":0,"30":0,"31":0,"32":0,"33":0,"34":0,"35":0,"36":0,"37":0,"38":0,"39":0,"40":0,"41":1,"42":1,"43":1,"44":1,"45":1,"46":31,"47":0,"48":0,"49":0,"50":0,"51":0},"b":{"0":[16,0],"1":[0,8],"2":[8,0],"3":[8,0],"4":[0,0],"5":[0,0],"6":[0,0],"7":[0,0],"8":[0,0],"9":[0,0],"10":[0,0],"11":[0,0],"12":[0,0],"13":[0,0],"14":[0,8],"15":[0,0],"16":[0,0],"17":[0,0],"18":[0,0],"19":[0,0],"20":[0,0],"21":[0,0],"22":[0,0],"23":[0,0],"24":[0,0],"25":[0,0],"26":[0,0],"27":[0,0],"28":[0,0],"29":[0,0],"30":[0,31],"31":[0,33],"32":[33,0],"33":[0,33],"34":[0,33],"35":[0,33],"36":[33,6],"37":[33,0],"38":[0,0]},"_coverageSchema":"1a1c01bbd47fc00a2c39e90264f33305004495a9","hash":"7d74288c0fdacacefdb0db6a4e15e0dfa2e08b08"}
,"D:\\Familia\\FAES\\Repositories\\IPR-Projekt-SS24\\TripleFMusic\\Frontend\\src\\pages\\MainArea\\PlaylistContent.jsx": {"path":"D:\\Familia\\FAES\\Repositories\\IPR-Projekt-SS24\\TripleFMusic\\Frontend\\src\\pages\\MainArea\\PlaylistContent.jsx","statementMap":{"0":{"start":{"line":21,"column":24},"end":{"line":362,"column":1}},"1":{"start":{"line":29,"column":44},"end":{"line":29,"column":56}},"2":{"start":{"line":30,"column":40},"end":{"line":35,"column":4}},"3":{"start":{"line":36,"column":40},"end":{"line":36,"column":55}},"4":{"start":{"line":37,"column":38},"end":{"line":37,"column":53}},"5":{"start":{"line":38,"column":38},"end":{"line":38,"column":50}},"6":{"start":{"line":39,"column":25},"end":{"line":39,"column":37}},"7":{"start":{"line":42,"column":21},"end":{"line":56,"column":3}},"8":{"start":{"line":43,"column":4},"end":{"line":43,"column":27}},"9":{"start":{"line":44,"column":4},"end":{"line":55,"column":5}},"10":{"start":{"line":45,"column":6},"end":{"line":51,"column":9}},"11":{"start":{"line":46,"column":8},"end":{"line":50,"column":9}},"12":{"start":{"line":47,"column":10},"end":{"line":47,"column":61}},"13":{"start":{"line":47,"column":49},"end":{"line":47,"column":59}},"14":{"start":{"line":49,"column":10},"end":{"line":49,"column":46}},"15":{"start":{"line":53,"column":6},"end":{"line":53,"column":31}},"16":{"start":{"line":54,"column":6},"end":{"line":54,"column":24}},"17":{"start":{"line":58,"column":2},"end":{"line":77,"column":28}},"18":{"start":{"line":59,"column":31},"end":{"line":66,"column":5}},"19":{"start":{"line":60,"column":6},"end":{"line":65,"column":7}},"20":{"start":{"line":64,"column":8},"end":{"line":64,"column":27}},"21":{"start":{"line":68,"column":4},"end":{"line":72,"column":5}},"22":{"start":{"line":69,"column":6},"end":{"line":69,"column":65}},"23":{"start":{"line":71,"column":6},"end":{"line":71,"column":68}},"24":{"start":{"line":74,"column":4},"end":{"line":76,"column":6}},"25":{"start":{"line":75,"column":6},"end":{"line":75,"column":68}},"26":{"start":{"line":79,"column":27},"end":{"line":81,"column":3}},"27":{"start":{"line":80,"column":4},"end":{"line":80,"column":55}},"28":{"start":{"line":83,"column":27},"end":{"line":94,"column":3}},"29":{"start":{"line":84,"column":4},"end":{"line":84,"column":23}},"30":{"start":{"line":85,"column":4},"end":{"line":87,"column":5}},"31":{"start":{"line":86,"column":6},"end":{"line":86,"column":31}},"32":{"start":{"line":88,"column":4},"end":{"line":93,"column":7}},"33":{"start":{"line":96,"column":27},"end":{"line":99,"column":3}},"34":{"start":{"line":97,"column":4},"end":{"line":97,"column":41}},"35":{"start":{"line":98,"column":4},"end":{"line":98,"column":23}},"36":{"start":{"line":101,"column":28},"end":{"line":104,"column":3}},"37":{"start":{"line":102,"column":4},"end":{"line":102,"column":44}},"38":{"start":{"line":103,"column":4},"end":{"line":103,"column":23}},"39":{"start":{"line":106,"column":20},"end":{"line":109,"column":3}},"40":{"start":{"line":107,"column":4},"end":{"line":107,"column":25}},"41":{"start":{"line":108,"column":4},"end":{"line":108,"column":36}},"42":{"start":{"line":111,"column":21},"end":{"line":115,"column":3}},"43":{"start":{"line":112,"column":4},"end":{"line":112,"column":26}},"44":{"start":{"line":113,"column":4},"end":{"line":113,"column":25}},"45":{"start":{"line":114,"column":4},"end":{"line":114,"column":17}},"46":{"start":{"line":117,"column":25},"end":{"line":141,"column":3}},"47":{"start":{"line":118,"column":4},"end":{"line":140,"column":5}},"48":{"start":{"line":120,"column":6},"end":{"line":137,"column":7}},"49":{"start":{"line":121,"column":8},"end":{"line":126,"column":11}},"50":{"start":{"line":128,"column":29},"end":{"line":130,"column":9}},"51":{"start":{"line":129,"column":10},"end":{"line":129,"column":55}},"52":{"start":{"line":131,"column":8},"end":{"line":131,"column":39}},"53":{"start":{"line":132,"column":8},"end":{"line":132,"column":30}},"54":{"start":{"line":133,"column":8},"end":{"line":133,"column":29}},"55":{"start":{"line":134,"column":8},"end":{"line":134,"column":21}},"56":{"start":{"line":136,"column":8},"end":{"line":136,"column":53}},"57":{"start":{"line":139,"column":6},"end":{"line":139,"column":26}},"58":{"start":{"line":143,"column":28},"end":{"line":149,"column":3}},"59":{"start":{"line":144,"column":18},"end":{"line":144,"column":36}},"60":{"start":{"line":145,"column":4},"end":{"line":148,"column":8}},"61":{"start":{"line":145,"column":39},"end":{"line":148,"column":5}},"62":{"start":{"line":151,"column":2},"end":{"line":361,"column":4}},"63":{"start":{"line":159,"column":18},"end":{"line":186,"column":29}},"64":{"start":{"line":161,"column":36},"end":{"line":161,"column":55}},"65":{"start":{"line":162,"column":42},"end":{"line":162,"column":67}},"66":{"start":{"line":207,"column":35},"end":{"line":207,"column":84}},"67":{"start":{"line":213,"column":16},"end":{"line":213,"column":71}},"68":{"start":{"line":213,"column":62},"end":{"line":213,"column":69}},"69":{"start":{"line":279,"column":36},"end":{"line":279,"column":69}},"70":{"start":{"line":301,"column":36},"end":{"line":301,"column":66}},"71":{"start":{"line":335,"column":36},"end":{"line":335,"column":65}}},"fnMap":{"0":{"name":"(anonymous_0)","decl":{"start":{"line":21,"column":24},"end":{"line":21,"column":25}},"loc":{"start":{"line":28,"column":6},"end":{"line":362,"column":1}},"line":28},"1":{"name":"(anonymous_1)","decl":{"start":{"line":42,"column":21},"end":{"line":42,"column":22}},"loc":{"start":{"line":42,"column":38},"end":{"line":56,"column":3}},"line":42},"2":{"name":"(anonymous_2)","decl":{"start":{"line":45,"column":23},"end":{"line":45,"column":24}},"loc":{"start":{"line":45,"column":46},"end":{"line":51,"column":7}},"line":45},"3":{"name":"(anonymous_3)","decl":{"start":{"line":47,"column":42},"end":{"line":47,"column":43}},"loc":{"start":{"line":47,"column":49},"end":{"line":47,"column":59}},"line":47},"4":{"name":"(anonymous_4)","decl":{"start":{"line":58,"column":12},"end":{"line":58,"column":13}},"loc":{"start":{"line":58,"column":18},"end":{"line":77,"column":3}},"line":58},"5":{"name":"(anonymous_5)","decl":{"start":{"line":59,"column":31},"end":{"line":59,"column":32}},"loc":{"start":{"line":59,"column":42},"end":{"line":66,"column":5}},"line":59},"6":{"name":"(anonymous_6)","decl":{"start":{"line":74,"column":11},"end":{"line":74,"column":12}},"loc":{"start":{"line":74,"column":17},"end":{"line":76,"column":5}},"line":74},"7":{"name":"(anonymous_7)","decl":{"start":{"line":79,"column":27},"end":{"line":79,"column":28}},"loc":{"start":{"line":79,"column":33},"end":{"line":81,"column":3}},"line":79},"8":{"name":"(anonymous_8)","decl":{"start":{"line":83,"column":27},"end":{"line":83,"column":28}},"loc":{"start":{"line":83,"column":40},"end":{"line":94,"column":3}},"line":83},"9":{"name":"(anonymous_9)","decl":{"start":{"line":96,"column":27},"end":{"line":96,"column":28}},"loc":{"start":{"line":96,"column":57},"end":{"line":99,"column":3}},"line":96},"10":{"name":"(anonymous_10)","decl":{"start":{"line":101,"column":28},"end":{"line":101,"column":29}},"loc":{"start":{"line":101,"column":47},"end":{"line":104,"column":3}},"line":101},"11":{"name":"(anonymous_11)","decl":{"start":{"line":106,"column":20},"end":{"line":106,"column":21}},"loc":{"start":{"line":106,"column":26},"end":{"line":109,"column":3}},"line":106},"12":{"name":"(anonymous_12)","decl":{"start":{"line":111,"column":21},"end":{"line":111,"column":22}},"loc":{"start":{"line":111,"column":27},"end":{"line":115,"column":3}},"line":111},"13":{"name":"(anonymous_13)","decl":{"start":{"line":117,"column":25},"end":{"line":117,"column":26}},"loc":{"start":{"line":117,"column":37},"end":{"line":141,"column":3}},"line":117},"14":{"name":"(anonymous_14)","decl":{"start":{"line":128,"column":39},"end":{"line":128,"column":40}},"loc":{"start":{"line":129,"column":10},"end":{"line":129,"column":55}},"line":129},"15":{"name":"(anonymous_15)","decl":{"start":{"line":143,"column":28},"end":{"line":143,"column":29}},"loc":{"start":{"line":143,"column":46},"end":{"line":149,"column":3}},"line":143},"16":{"name":"(anonymous_16)","decl":{"start":{"line":145,"column":18},"end":{"line":145,"column":19}},"loc":{"start":{"line":145,"column":39},"end":{"line":148,"column":5}},"line":145},"17":{"name":"(anonymous_17)","decl":{"start":{"line":158,"column":26},"end":{"line":158,"column":27}},"loc":{"start":{"line":159,"column":18},"end":{"line":186,"column":29}},"line":159},"18":{"name":"(anonymous_18)","decl":{"start":{"line":161,"column":29},"end":{"line":161,"column":30}},"loc":{"start":{"line":161,"column":36},"end":{"line":161,"column":55}},"line":161},"19":{"name":"(anonymous_19)","decl":{"start":{"line":162,"column":35},"end":{"line":162,"column":36}},"loc":{"start":{"line":162,"column":42},"end":{"line":162,"column":67}},"line":162},"20":{"name":"(anonymous_20)","decl":{"start":{"line":207,"column":29},"end":{"line":207,"column":30}},"loc":{"start":{"line":207,"column":35},"end":{"line":207,"column":84}},"line":207},"21":{"name":"(anonymous_21)","decl":{"start":{"line":212,"column":23},"end":{"line":212,"column":24}},"loc":{"start":{"line":213,"column":16},"end":{"line":213,"column":71}},"line":213},"22":{"name":"(anonymous_22)","decl":{"start":{"line":213,"column":52},"end":{"line":213,"column":53}},"loc":{"start":{"line":213,"column":62},"end":{"line":213,"column":69}},"line":213},"23":{"name":"(anonymous_23)","decl":{"start":{"line":278,"column":44},"end":{"line":278,"column":45}},"loc":{"start":{"line":279,"column":36},"end":{"line":279,"column":69}},"line":279},"24":{"name":"(anonymous_24)","decl":{"start":{"line":300,"column":44},"end":{"line":300,"column":45}},"loc":{"start":{"line":301,"column":36},"end":{"line":301,"column":66}},"line":301},"25":{"name":"(anonymous_25)","decl":{"start":{"line":334,"column":44},"end":{"line":334,"column":45}},"loc":{"start":{"line":335,"column":36},"end":{"line":335,"column":65}},"line":335}},"branchMap":{"0":{"loc":{"start":{"line":44,"column":4},"end":{"line":55,"column":5}},"type":"if","locations":[{"start":{"line":44,"column":4},"end":{"line":55,"column":5}},{"start":{"line":52,"column":11},"end":{"line":55,"column":5}}],"line":44},"1":{"loc":{"start":{"line":44,"column":8},"end":{"line":44,"column":37}},"type":"binary-expr","locations":[{"start":{"line":44,"column":8},"end":{"line":44,"column":21}},{"start":{"line":44,"column":24},"end":{"line":44,"column":37}}],"line":44},"2":{"loc":{"start":{"line":46,"column":8},"end":{"line":50,"column":9}},"type":"if","locations":[{"start":{"line":46,"column":8},"end":{"line":50,"column":9}},{"start":{"line":48,"column":15},"end":{"line":50,"column":9}}],"line":46},"3":{"loc":{"start":{"line":60,"column":6},"end":{"line":65,"column":7}},"type":"if","locations":[{"start":{"line":60,"column":6},"end":{"line":65,"column":7}},{"start":{},"end":{}}],"line":60},"4":{"loc":{"start":{"line":61,"column":8},"end":{"line":62,"column":54}},"type":"binary-expr","locations":[{"start":{"line":61,"column":8},"end":{"line":61,"column":30}},{"start":{"line":62,"column":8},"end":{"line":62,"column":54}}],"line":61},"5":{"loc":{"start":{"line":68,"column":4},"end":{"line":72,"column":5}},"type":"if","locations":[{"start":{"line":68,"column":4},"end":{"line":72,"column":5}},{"start":{"line":70,"column":11},"end":{"line":72,"column":5}}],"line":68},"6":{"loc":{"start":{"line":85,"column":4},"end":{"line":87,"column":5}},"type":"if","locations":[{"start":{"line":85,"column":4},"end":{"line":87,"column":5}},{"start":{},"end":{}}],"line":85},"7":{"loc":{"start":{"line":118,"column":4},"end":{"line":140,"column":5}},"type":"if","locations":[{"start":{"line":118,"column":4},"end":{"line":140,"column":5}},{"start":{"line":138,"column":11},"end":{"line":140,"column":5}}],"line":118},"8":{"loc":{"start":{"line":129,"column":10},"end":{"line":129,"column":55}},"type":"cond-expr","locations":[{"start":{"line":129,"column":38},"end":{"line":129,"column":48}},{"start":{"line":129,"column":51},"end":{"line":129,"column":55}}],"line":129},"9":{"loc":{"start":{"line":147,"column":15},"end":{"line":147,"column":69}},"type":"cond-expr","locations":[{"start":{"line":147,"column":44},"end":{"line":147,"column":61}},{"start":{"line":147,"column":64},"end":{"line":147,"column":69}}],"line":147},"10":{"loc":{"start":{"line":157,"column":15},"end":{"line":194,"column":15}},"type":"cond-expr","locations":[{"start":{"line":158,"column":16},"end":{"line":187,"column":18}},{"start":{"line":189,"column":16},"end":{"line":193,"column":27}}],"line":157},"11":{"loc":{"start":{"line":157,"column":15},"end":{"line":157,"column":40}},"type":"binary-expr","locations":[{"start":{"line":157,"column":15},"end":{"line":157,"column":20}},{"start":{"line":157,"column":24},"end":{"line":157,"column":40}}],"line":157},"12":{"loc":{"start":{"line":164,"column":22},"end":{"line":164,"column":68}},"type":"cond-expr","locations":[{"start":{"line":164,"column":53},"end":{"line":164,"column":63}},{"start":{"line":164,"column":66},"end":{"line":164,"column":68}}],"line":164},"13":{"loc":{"start":{"line":200,"column":7},"end":{"line":220,"column":7}},"type":"binary-expr","locations":[{"start":{"line":200,"column":7},"end":{"line":200,"column":26}},{"start":{"line":201,"column":8},"end":{"line":219,"column":14}}],"line":200},"14":{"loc":{"start":{"line":206,"column":11},"end":{"line":218,"column":11}},"type":"cond-expr","locations":[{"start":{"line":207,"column":12},"end":{"line":209,"column":21}},{"start":{"line":211,"column":12},"end":{"line":217,"column":21}}],"line":206},"15":{"loc":{"start":{"line":222,"column":7},"end":{"line":359,"column":7}},"type":"binary-expr","locations":[{"start":{"line":222,"column":7},"end":{"line":222,"column":18}},{"start":{"line":222,"column":22},"end":{"line":222,"column":32}},{"start":{"line":223,"column":8},"end":{"line":358,"column":11}}],"line":222},"16":{"loc":{"start":{"line":255,"column":34},"end":{"line":255,"column":64}},"type":"cond-expr","locations":[{"start":{"line":255,"column":47},"end":{"line":255,"column":55}},{"start":{"line":255,"column":58},"end":{"line":255,"column":64}}],"line":255},"17":{"loc":{"start":{"line":258,"column":23},"end":{"line":345,"column":23}},"type":"binary-expr","locations":[{"start":{"line":258,"column":23},"end":{"line":258,"column":47}},{"start":{"line":258,"column":51},"end":{"line":258,"column":61}},{"start":{"line":259,"column":24},"end":{"line":344,"column":30}}],"line":258},"18":{"loc":{"start":{"line":275,"column":31},"end":{"line":285,"column":31}},"type":"cond-expr","locations":[{"start":{"line":276,"column":32},"end":{"line":282,"column":34}},{"start":{"line":284,"column":32},"end":{"line":284,"column":52}}],"line":275},"19":{"loc":{"start":{"line":277,"column":41},"end":{"line":277,"column":67}},"type":"binary-expr","locations":[{"start":{"line":277,"column":41},"end":{"line":277,"column":61}},{"start":{"line":277,"column":65},"end":{"line":277,"co
[...]
7":{"start":{"line":117,"column":4},"end":{"line":117,"column":35}},"58":{"start":{"line":120,"column":2},"end":{"line":387,"column":4}},"59":{"start":{"line":153,"column":35},"end":{"line":153,"column":63}},"60":{"start":{"line":162,"column":35},"end":{"line":162,"column":62}},"61":{"start":{"line":171,"column":35},"end":{"line":171,"column":62}},"62":{"start":{"line":180,"column":35},"end":{"line":180,"column":59}},"63":{"start":{"line":190,"column":35},"end":{"line":190,"column":62}},"64":{"start":{"line":206,"column":34},"end":{"line":206,"column":76}}},"fnMap":{"0":{"name":"Register","decl":{"start":{"line":23,"column":9},"end":{"line":23,"column":17}},"loc":{"start":{"line":23,"column":20},"end":{"line":388,"column":1}},"line":23},"1":{"name":"(anonymous_1)","decl":{"start":{"line":37,"column":22},"end":{"line":37,"column":23}},"loc":{"start":{"line":37,"column":28},"end":{"line":39,"column":3}},"line":37},"2":{"name":"(anonymous_2)","decl":{"start":{"line":41,"column":22},"end":{"line":41,"column":23}},"loc":{"start":{"line":41,"column":28},"end":{"line":48,"column":3}},"line":41},"3":{"name":"(anonymous_3)","decl":{"start":{"line":50,"column":25},"end":{"line":50,"column":26}},"loc":{"start":{"line":50,"column":37},"end":{"line":96,"column":3}},"line":50},"4":{"name":"(anonymous_4)","decl":{"start":{"line":74,"column":19},"end":{"line":74,"column":20}},"loc":{"start":{"line":74,"column":25},"end":{"line":76,"column":9}},"line":74},"5":{"name":"(anonymous_5)","decl":{"start":{"line":100,"column":20},"end":{"line":100,"column":21}},"loc":{"start":{"line":100,"column":26},"end":{"line":102,"column":3}},"line":100},"6":{"name":"(anonymous_6)","decl":{"start":{"line":104,"column":21},"end":{"line":104,"column":22}},"loc":{"start":{"line":104,"column":27},"end":{"line":106,"column":3}},"line":104},"7":{"name":"(anonymous_7)","decl":{"start":{"line":108,"column":31},"end":{"line":108,"column":32}},"loc":{"start":{"line":108,"column":37},"end":{"line":110,"column":3}},"line":108},"8":{"name":"(anonymous_8)","decl":{"start":{"line":112,"column":32},"end":{"line":112,"column":33}},"loc":{"start":{"line":112,"column":38},"end":{"line":114,"column":3}},"line":112},"9":{"name":"(anonymous_9)","decl":{"start":{"line":116,"column":29},"end":{"line":116,"column":30}},"loc":{"start":{"line":116,"column":35},"end":{"line":118,"column":3}},"line":116},"10":{"name":"(anonymous_10)","decl":{"start":{"line":153,"column":28},"end":{"line":153,"column":29}},"loc":{"start":{"line":153,"column":35},"end":{"line":153,"column":63}},"line":153},"11":{"name":"(anonymous_11)","decl":{"start":{"line":162,"column":28},"end":{"line":162,"column":29}},"loc":{"start":{"line":162,"column":35},"end":{"line":162,"column":62}},"line":162},"12":{"name":"(anonymous_12)","decl":{"start":{"line":171,"column":28},"end":{"line":171,"column":29}},"loc":{"start":{"line":171,"column":35},"end":{"line":171,"column":62}},"line":171},"13":{"name":"(anonymous_13)","decl":{"start":{"line":180,"column":28},"end":{"line":180,"column":29}},"loc":{"start":{"line":180,"column":35},"end":{"line":180,"column":59}},"line":180},"14":{"name":"(anonymous_14)","decl":{"start":{"line":190,"column":28},"end":{"line":190,"column":29}},"loc":{"start":{"line":190,"column":35},"end":{"line":190,"column":62}},"line":190},"15":{"name":"(anonymous_15)","decl":{"start":{"line":206,"column":28},"end":{"line":206,"column":29}},"loc":{"start":{"line":206,"column":34},"end":{"line":206,"column":76}},"line":206}},"branchMap":{"0":{"loc":{"start":{"line":51,"column":4},"end":{"line":54,"column":5}},"type":"if","locations":[{"start":{"line":51,"column":4},"end":{"line":54,"column":5}},{"start":{},"end":{}}],"line":51},"1":{"loc":{"start":{"line":51,"column":8},"end":{"line":51,"column":67}},"type":"binary-expr","locations":[{"start":{"line":51,"column":8},"end":{"line":51,"column":18}},{"start":{"line":51,"column":22},"end":{"line":51,"column":31}},{"start":{"line":51,"column":35},"end":{"line":51,"column":41}},{"start":{"line":51,"column":45},"end":{"line":51,"column":54}},{"start":{"line":51,"column":58},"end":{"line":51,"column":67}}],"line":51},"2":{"loc":{"start":{"line":56,"column":4},"end":{"line":59,"column":5}},"type":"if","locations":[{"start":{"line":56,"column":4},"end":{"line":59,"column":5}},{"start":{},"end":{}}],"line":56},"3":{"loc":{"start":{"line":71,"column":6},"end":{"line":80,"column":7}},"type":"if","locations":[{"start":{"line":71,"column":6},"end":{"line":80,"column":7}},{"start":{"line":77,"column":13},"end":{"line":80,"column":7}}],"line":71},"4":{"loc":{"start":{"line":79,"column":17},"end":{"line":79,"column":64}},"type":"binary-expr","locations":[{"start":{"line":79,"column":17},"end":{"line":79,"column":38}},{"start":{"line":79,"column":42},"end":{"line":79,"column":64}}],"line":79},"5":{"loc":{"start":{"line":83,"column":6},"end":{"line":94,"column":7}},"type":"if","locations":[{"start":{"line":83,"column":6},"end":{"line":94,"column":7}},{"start":{"line":92,"column":13},"end":{"line":94,"column":7}}],"line":83},"6":{"loc":{"start":{"line":83,"column":10},"end":{"line":83,"column":78}},"type":"binary-expr","locations":[{"start":{"line":83,"column":10},"end":{"line":83,"column":24}},{"start":{"line":83,"column":28},"end":{"line":83,"column":47}},{"start":{"line":83,"column":51},"end":{"line":83,"column":78}}],"line":83},"7":{"loc":{"start":{"line":85,"column":8},"end":{"line":91,"column":9}},"type":"if","locations":[{"start":{"line":85,"column":8},"end":{"line":91,"column":9}},{"start":{"line":87,"column":15},"end":{"line":91,"column":9}}],"line":85},"8":{"loc":{"start":{"line":87,"column":15},"end":{"line":91,"column":9}},"type":"if","locations":[{"start":{"line":87,"column":15},"end":{"line":91,"column":9}},{"start":{"line":89,"column":15},"end":{"line":91,"column":9}}],"line":87},"9":{"loc":{"start":{"line":90,"column":16},"end":{"line":90,"column":69}},"type":"binary-expr","locations":[{"start":{"line":90,"column":16},"end":{"line":90,"column":43}},{"start":{"line":90,"column":47},"end":{"line":90,"column":69}}],"line":90},"10":{"loc":{"start":{"line":187,"column":24},"end":{"line":187,"column":58}},"type":"cond-expr","locations":[{"start":{"line":187,"column":39},"end":{"line":187,"column":45}},{"start":{"line":187,"column":48},"end":{"line":187,"column":58}}],"line":187},"11":{"loc":{"start":{"line":198,"column":19},"end":{"line":198,"column":46}},"type":"cond-expr","locations":[{"start":{"line":198,"column":34},"end":{"line":198,"column":38}},{"start":{"line":198,"column":41},"end":{"line":198,"column":46}}],"line":198},"12":{"loc":{"start":{"line":224,"column":11},"end":{"line":366,"column":11}},"type":"binary-expr","locations":[{"start":{"line":224,"column":11},"end":{"line":224,"column":22}},{"start":{"line":225,"column":12},"end":{"line":365,"column":15}}],"line":224},"13":{"loc":{"start":{"line":368,"column":11},"end":{"line":383,"column":11}},"type":"binary-expr","locations":[{"start":{"line":368,"column":11},"end":{"line":368,"column":29}},{"start":{"line":369,"column":12},"end":{"line":382,"column":15}}],"line":368}},"s":{"0":70,"1":69,"2":69,"3":69,"4":69,"5":69,"6":69,"7":69,"8":69,"9":69,"10":69,"11":69,"12":0,"13":69,"14":1,"15":1,"16":1,"17":1,"18":1,"19":1,"20":69,"21":9,"22":2,"23":2,"24":7,"25":2,"26":2,"27":5,"28":5,"29":5,"30":2,"31":2,"32":2,"33":2,"34":2,"35":1,"36":0,"37":0,"38":3,"39":3,"40":3,"41":3,"42":1,"43":2,"44":1,"45":1,"46":0,"47":69,"48":69,"49":1,"50":69,"51":1,"52":69,"53":0,"54":69,"55":0,"56":69,"57":2,"58":69,"59":9,"60":9,"61":9,"62":8,"63":8,"64":5},"f":{"0":70,"1":0,"2":1,"3":9,"4":1,"5":1,"6":1,"7":0,"8":0,"9":2,"10":9,"11":9,"12":9,"13":8,"14":8,"15":5},"b":{"0":[2,7],"1":[9,8,8,7,7],"2":[2,5],"3":[2,0],"4":[0,0],"5":[3,0],"6":[3,3,3],"7":[1,2],"8":[1,1],"9":[1,0],"10":[1,68],"11":[1,68],"12":[69,1],"13":[69,3]},"_coverageSchema":"1a1c01bbd47fc00a2c39e90264f33305004495a9","hash":"049b5ef1e261c15cc7d48212394e39ed7102e414"}
,"D:\\Familia\\FAES\\Repositories\\IPR-Projekt-SS24\\TripleFMusic\\Frontend\\src\\pages\\MainArea\\SnakeGame.jsx": {"path":"D:\\Familia\\FAES\\Repositories\\IPR-Projekt-SS24\\TripleFMusic\\Frontend\\src\\pages\\MainArea\\SnakeGame.jsx","statementMap":{"0":{"start":{"line":4,"column":18},"end":{"line":122,"column":1}},"1":{"start":{"line":5,"column":19},"end":{"line":5,"column":21}},"2":{"start":{"line":6,"column":20},"end":{"line":6,"column":23}},"3":{"start":{"line":7,"column":21},"end":{"line":7,"column":24}},"4":{"start":{"line":9,"column":20},"end":{"line":9,"column":52}},"5":{"start":{"line":10,"column":20},"end":{"line":10,"column":53}},"6":{"start":{"line":12,"column":30},"end":{"line":15,"column":4}},"7":{"start":{"line":12,"column":37},"end":{"line":15,"column":3}},"8":{"start":{"line":17,"column":31},"end":{"line":21,"column":3}},"9":{"start":{"line":18,"column":14},"end":{"line":18,"column":51}},"10":{"start":{"line":19,"column":14},"end":{"line":19,"column":51}},"11":{"start":{"line":20,"column":4},"end":{"line":20,"column":22}},"12":{"start":{"line":23,"column":28},"end":{"line":23,"column":60}},"13":{"start":{"line":24,"column":36},"end":{"line":24,"column":60}},"14":{"start":{"line":25,"column":26},"end":{"line":25,"column":57}},"15":{"start":{"line":26,"column":28},"end":{"line":26,"column":39}},"16":{"start":{"line":27,"column":34},"end":{"line":27,"column":49}},"17":{"start":{"line":29,"column":2},"end":{"line":51,"column":18}},"18":{"start":{"line":30,"column":26},"end":{"line":47,"column":5}},"19":{"start":{"line":31,"column":6},"end":{"line":46,"column":7}},"20":{"start":{"line":33,"column":10},"end":{"line":33,"column":63}},"21":{"start":{"line":33,"column":33},"end":{"line":33,"column":63}},"22":{"start":{"line":34,"column":10},"end":{"line":34,"column":16}},"23":{"start":{"line":36,"column":10},"end":{"line":36,"column":62}},"24":{"start":{"line":36,"column":33},"end":{"line":36,"column":62}},"25":{"start":{"line":37,"column":10},"end":{"line":37,"column":16}},"26":{"start":{"line":39,"column":10},"end":{"line":39,"column":63}},"27":{"start":{"line":39,"column":33},"end":{"line":39,"column":63}},"28":{"start":{"line":40,"column":10},"end":{"line":40,"column":16}},"29":{"start":{"line":42,"column":10},"end":{"line":42,"column":62}},"30":{"start":{"line":42,"column":33},"end":{"line":42,"column":62}},"31":{"start":{"line":43,"column":10},"end":{"line":43,"column":16}},"32":{"start":{"line":45,"column":10},"end":{"line":45,"column":16}},"33":{"start":{"line":49,"column":4},"end":{"line":49,"column":54}},"34":{"start":{"line":50,"column":4},"end":{"line":50,"column":70}},"35":{"start":{"line":50,"column":17},"end":{"line":50,"column":69}},"36":{"start":{"line":53,"column":2},"end":{"line":86,"column":41}},"37":{"start":{"line":54,"column":4},"end":{"line":54,"column":25}},"38":{"start":{"line":54,"column":18},"end":{"line":54,"column":25}},"39":{"start":{"line":56,"column":21},"end":{"line":83,"column":11}},"40":{"start":{"line":57,"column":6},"end":{"line":82,"column":9}},"41":{"start":{"line":58,"column":25},"end":{"line":58,"column":39}},"42":{"start":{"line":59,"column":21},"end":{"line":59,"column":87}},"43":{"start":{"line":61,"column":8},"end":{"line":66,"column":9}},"44":{"start":{"line":62,"column":10},"end":{"line":62,"column":30}},"45":{"start":{"line":63,"column":10},"end":{"line":63,"column":41}},"46":{"start":{"line":65,"column":10},"end":{"line":65,"column":25}},"47":{"start":{"line":68,"column":8},"end":{"line":78,"column":9}},"48":{"start":{"line":73,"column":44},"end":{"line":73,"column":103}},"49":{"start":{"line":75,"column":10},"end":{"line":75,"column":28}},"50":{"start":{"line":76,"column":10},"end":{"line":76,"column":34}},"51":{"start":{"line":77,"column":10},"end":{"line":77,"column":27}},"52":{"start":{"line":80,"column":8},"end":{"line":80,"column":31}},"53":{"start":{"line":81,"column":8},"end":{"line":81,"column":24}},"54":{"start":{"line":85,"column":4},"end":{"line":85,"column":41}},"55":{"start":{"line":85,"column":17},"end":{"line":85,"column":40}},"56":{"start":{"line":88,"column":22},"end":{"line":94,"column":3}},"57":{"start":{"line":89,"column":4},"end":{"line":89,"column":37}},"58":{"start":{"line":90,"column":4},"end":{"line":90,"column":33}},"59":{"start":{"line":91,"column":4},"end":{"line":91,"column":35}},"60":{"start":{"line":92,"column":4},"end":{"line":92,"column":16}},"61":{"start":{"line":93,"column":4},"end":{"line":93,"column":23}},"62":{"start":{"line":96,"column":2},"end":{"line":121,"column":4}},"63":{"start":{"line":100,"column":10},"end":{"line":105,"column":12}}},"fnMap":{"0":{"name":"(anonymous_0)","decl":{"start":{"line":4,"column":18},"end":{"line":4,"column":19}},"loc":{"start":{"line":4,"column":24},"end":{"line":122,"column":1}},"line":4},"1":{"name":"(anonymous_1)","decl":{"start":{"line":12,"column":30},"end":{"line":12,"column":31}},"loc":{"start":{"line":12,"column":37},"end":{"line":15,"column":3}},"line":12},"2":{"name":"(anonymous_2)","decl":{"start":{"line":17,"column":31},"end":{"line":17,"column":32}},"loc":{"start":{"line":17,"column":37},"end":{"line":21,"column":3}},"line":17},"3":{"name":"(anonymous_3)","decl":{"start":{"line":29,"column":12},"end":{"line":29,"column":13}},"loc":{"start":{"line":29,"column":18},"end":{"line":51,"column":3}},"line":29},"4":{"name":"(anonymous_4)","decl":{"start":{"line":30,"column":26},"end":{"line":30,"column":27}},"loc":{"start":{"line":30,"column":33},"end":{"line":47,"column":5}},"line":30},"5":{"name":"(anonymous_5)","decl":{"start":{"line":50,"column":11},"end":{"line":50,"column":12}},"loc":{"start":{"line":50,"column":17},"end":{"line":50,"column":69}},"line":50},"6":{"name":"(anonymous_6)","decl":{"start":{"line":53,"column":12},"end":{"line":53,"column":13}},"loc":{"start":{"line":53,"column":18},"end":{"line":86,"column":3}},"line":53},"7":{"name":"(anonymous_7)","decl":{"start":{"line":56,"column":33},"end":{"line":56,"column":34}},"loc":{"start":{"line":56,"column":39},"end":{"line":83,"column":5}},"line":56},"8":{"name":"(anonymous_8)","decl":{"start":{"line":57,"column":15},"end":{"line":57,"column":16}},"loc":{"start":{"line":57,"column":30},"end":{"line":82,"column":7}},"line":57},"9":{"name":"(anonymous_9)","decl":{"start":{"line":73,"column":24},"end":{"line":73,"column":25}},"loc":{"start":{"line":73,"column":44},"end":{"line":73,"column":103}},"line":73},"10":{"name":"(anonymous_10)","decl":{"start":{"line":85,"column":11},"end":{"line":85,"column":12}},"loc":{"start":{"line":85,"column":17},"end":{"line":85,"column":40}},"line":85},"11":{"name":"(anonymous_11)","decl":{"start":{"line":88,"column":22},"end":{"line":88,"column":23}},"loc":{"start":{"line":88,"column":28},"end":{"line":94,"column":3}},"line":88},"12":{"name":"(anonymous_12)","decl":{"start":{"line":99,"column":19},"end":{"line":99,"column":20}},"loc":{"start":{"line":100,"column":10},"end":{"line":105,"column":12}},"line":100}},"branchMap":{"0":{"loc":{"start":{"line":31,"column":6},"end":{"line":46,"column":7}},"type":"switch","locations":[{"start":{"line":32,"column":8},"end":{"line":34,"column":16}},{"start":{"line":35,"column":8},"end":{"line":37,"column":16}},{"start":{"line":38,"column":8},"end":{"line":40,"column":16}},{"start":{"line":41,"column":8},"end":{"line":43,"column":16}},{"start":{"line":44,"column":8},"end":{"line":45,"column":16}}],"line":31},"1":{"loc":{"start":{"line":33,"column":10},"end":{"line":33,"column":63}},"type":"if","locations":[{"start":{"line":33,"column":10},"end":{"line":33,"column":63}},{"start":{},"end":{}}],"line":33},"2":{"loc":{"start":{"line":36,"column":10},"end":{"line":36,"column":62}},"type":"if","locations":[{"start":{"line":36,"column":10},"end":{"line":36,"column":62}},{"start":{},"end":{}}],"line":36},"3":{"loc":{"start":{"line":39,"column":10},"end":{"line":39,"column":63}},"type":"if","locations":[{"start":{"line":39,"column":10},"end":{"line":39,"column":63}},{"start":{},"end":{}}],"line":39},"4":{"loc":{"start":{"line":42,"column":10},"end":{"line":42,"column":62}},"type":"if","locations":[{"start":{"line":42,"column":10},"end":{"line":42,"column":62}},{"start":{},"end":{}}],"line":42},"5":{"loc":{"start":{"line":54,"column":4},"end":{"line":54,"column":25}},"type":"if","locations":[{"start":{"line":54,"column":4},"end":{"line":54,"column":25}},{"start":{},"end":{}}],"line":54},"6":{"loc":{"start":{"line":61,"column":8},"end":{"line":66,"column":9}},"type":"if","locations":[{"start":{"line":61,"column":8},"end":{"line":66,"column":9}},{"start":{"line":64,"column":15},"end":{"line":66,"column":9}}],"line":61},"7":{"loc":{"start":{"line":61,"column":12},"end":{"line":61,"column":50}},"type":"binary-expr","locations":[{"start":{"line":61,"column":12},"end":{"line":61,"column":29}},{"start":{"line":61,"column":33},"end":{"line":61,"column":50}}],"line":61},"8":{"loc":{"start":{"line":68,"column":8},"end":{"line":78,"column":9}},"type":"if","locations":[{"start":{"line":68,"column":8},"end":{"line":78,"column":9}},{"start":{},"end":{}}],"line":68},"9":{"loc":{"start":{"line":69,"column":10},"end":{"line":73,"column":104}},"type":"binary-expr","locations":[{"start":{"line":69,"column":10},"end":{"line":69,"column":20}},{"start":{"line":70,"column":10},"end":{"line":70,"column":29}},{"start":{"line":71,"column":10},"end":{"line":71,"column":20}},{"start":{"line":72,"column":10},"end":{"line":72,"column":29}},{"start":{"line":73,"column":10},"end":{"line":73,"column":104}}],"line":69},"10":{"loc":{"start":{"line":73,"column":44},"end":{"line":73,"column":103}},"type":"binary-expr","locations":[{"start":{"line":73,"column":44},"end":{"line":73,"column":55}},{"start":{"line":73,"column":59},"end":{"line":73,"column":79}},{"start":{"line":73,"column":83},"end":{"line":73,"column":103}}],"line":73},"11":{"loc":{"start":{"line":113,"column":7},"end":{"line":119,"column":7}},"type":"binary-expr","locations":[{"start":{"line":113,"column":7},"end":{"line":113,"column":15}},{"start":{"line":114,"column":8},"end":{"line":118,"column":14}}],"line":113}},"s":{"0":1,"1":41,"2":41,"3":41,"4":41,"5":41,"6":41,"7":43,"8":41,"9":42,"10":42,"11":42,"12":41,"13":41,"14":41,"15":41,"16":41,"17":41,"18":10,"19":13,"20":1,"21":1,"22":1,"23":10,"24":2,"25":10,"26":1,"27":1,"28":1,"29":1,"30":1,"31":1,"32":0,"33":10,"34":10,"35":10,"36":41,"37":13,"38":2,"39":11,"40":65,"41":65,"42":65,"43":65,"44":1,"45":1,"46":64,"47":65,"48":4,"49":10,"50":10,"51":10,"52":55,"53":55,"54":11,"55":11,"56":41,"57":1,"58":1,"59":1,"60":1,"61":1,"62":41,"63":47},"f":{"0":41,"1":43,"2":42,"3":10,"4":13,"5":10,"6":13,"7":65,"8":65,"9":4,"10":11,"11":1,"12":47},"b":{"0":[1,10,1,1,0],"1":[1,0],"2":[2,8],"3":[1,0],"4":[1,0],"5":[2,11],"6":[1,64],"7":[65,10],"8":[10,55],"9":[65,65,65,65,55],"10":[4,0,0],"11":[41,4]},"_coverageSchema":"1a1c01bbd47fc00a2c39e90264f33305004495a9","hash":"70b59e215dd3552359af4e2c04234cb09af52ff2"}
,"D:\\Familia\\FAES\\Repositories\\IPR-Projekt-SS24\\TripleFMusic\\Frontend\\src\\pages\\MainArea\\truncateText.js": {"path":"D:\\Familia\\FAES\\Repositories\\IPR-Projekt-SS24\\TripleFMusic\\Frontend\\src\\pages\\MainArea\\truncateText.js","statementMap":{"0":{"start":{"line":1,"column":28},"end":{"line":6,"column":1}},"1":{"start":{"line":2,"column":2},"end":{"line":4,"column":3}},"2":{"start":{"line":3,"column":4},"end":{"line":3,"column":16}},"3":{"start":{"line":5,"column":2},"end":{"line":5,"column":42}}},"fnMap":{"0":{"name":"(anonymous_0)","decl":{"start":{"line":1,"column":28},"end":{"line":1,"column":29}},"loc":{"start":{"line":1,"column":49},"end":{"line":6,"column":1}},"line":1}},"branchMap":{"0":{"loc":{"start":{"line":2,"column":2},"end":{"line":4,"column":3}},"type":"if","locations":[{"start":{"line":2,"column":2},"end":{"line":4,"column":3}},{"start":{},"end":{}}],"line":2}},"s":{"0":1,"1":5,"2":3,"3":2},"f":{"0":5},"b":{"0":[3,2]},"_coverageSchema":"1a1c01bbd47fc00a2c39e90264f33305004495a9","hash":"ff24a7b76ddbec2a431028fd384b752585400d76"}
}
