{"/Users/fundasebnemyesiltas/FinaleVersion/IPR-Projekt-SS24/TripleFMusic/Frontend/src/pages/MainArea/SnakeGame.jsx": {"path":"/Users/fundasebnemyesiltas/FinaleVersion/IPR-Projekt-SS24/TripleFMusic/Frontend/src/pages/MainArea/SnakeGame.jsx","statementMap":{"0":{"start":{"line":4,"column":18},"end":{"line":122,"column":1}},"1":{"start":{"line":5,"column":19},"end":{"line":5,"column":21}},"2":{"start":{"line":6,"column":20},"end":{"line":6,"column":23}},"3":{"start":{"line":7,"column":21},"end":{"line":7,"column":24}},"4":{"start":{"line":9,"column":20},"end":{"line":9,"column":52}},"5":{"start":{"line":10,"column":20},"end":{"line":10,"column":53}},"6":{"start":{"line":12,"column":30},"end":{"line":15,"column":4}},"7":{"start":{"line":12,"column":37},"end":{"line":15,"column":3}},"8":{"start":{"line":17,"column":31},"end":{"line":21,"column":3}},"9":{"start":{"line":18,"column":14},"end":{"line":18,"column":51}},"10":{"start":{"line":19,"column":14},"end":{"line":19,"column":51}},"11":{"start":{"line":20,"column":4},"end":{"line":20,"column":22}},"12":{"start":{"line":23,"column":28},"end":{"line":23,"column":60}},"13":{"start":{"line":24,"column":36},"end":{"line":24,"column":60}},"14":{"start":{"line":25,"column":26},"end":{"line":25,"column":57}},"15":{"start":{"line":26,"column":28},"end":{"line":26,"column":39}},"16":{"start":{"line":27,"column":34},"end":{"line":27,"column":49}},"17":{"start":{"line":29,"column":2},"end":{"line":51,"column":18}},"18":{"start":{"line":30,"column":26},"end":{"line":47,"column":5}},"19":{"start":{"line":31,"column":6},"end":{"line":46,"column":7}},"20":{"start":{"line":33,"column":10},"end":{"line":33,"column":63}},"21":{"start":{"line":33,"column":33},"end":{"line":33,"column":63}},"22":{"start":{"line":34,"column":10},"end":{"line":34,"column":16}},"23":{"start":{"line":36,"column":10},"end":{"line":36,"column":62}},"24":{"start":{"line":36,"column":33},"end":{"line":36,"column":62}},"25":{"start":{"line":37,"column":10},"end":{"line":37,"column":16}},"26":{"start":{"line":39,"column":10},"end":{"line":39,"column":63}},"27":{"start":{"line":39,"column":33},"end":{"line":39,"column":63}},"28":{"start":{"line":40,"column":10},"end":{"line":40,"column":16}},"29":{"start":{"line":42,"column":10},"end":{"line":42,"column":62}},"30":{"start":{"line":42,"column":33},"end":{"line":42,"column":62}},"31":{"start":{"line":43,"column":10},"end":{"line":43,"column":16}},"32":{"start":{"line":45,"column":10},"end":{"line":45,"column":16}},"33":{"start":{"line":49,"column":4},"end":{"line":49,"column":54}},"34":{"start":{"line":50,"column":4},"end":{"line":50,"column":70}},"35":{"start":{"line":50,"column":17},"end":{"line":50,"column":69}},"36":{"start":{"line":53,"column":2},"end":{"line":86,"column":41}},"37":{"start":{"line":54,"column":4},"end":{"line":54,"column":25}},"38":{"start":{"line":54,"column":18},"end":{"line":54,"column":25}},"39":{"start":{"line":56,"column":21},"end":{"line":83,"column":11}},"40":{"start":{"line":57,"column":6},"end":{"line":82,"column":9}},"41":{"start":{"line":58,"column":25},"end":{"line":58,"column":39}},"42":{"start":{"line":59,"column":21},"end":{"line":59,"column":87}},"43":{"start":{"line":61,"column":8},"end":{"line":66,"column":9}},"44":{"start":{"line":62,"column":10},"end":{"line":62,"column":30}},"45":{"start":{"line":63,"column":10},"end":{"line":63,"column":41}},"46":{"start":{"line":65,"column":10},"end":{"line":65,"column":25}},"47":{"start":{"line":68,"column":8},"end":{"line":78,"column":9}},"48":{"start":{"line":73,"column":44},"end":{"line":73,"column":103}},"49":{"start":{"line":75,"column":10},"end":{"line":75,"column":28}},"50":{"start":{"line":76,"column":10},"end":{"line":76,"column":34}},"51":{"start":{"line":77,"column":10},"end":{"line":77,"column":27}},"52":{"start":{"line":80,"column":8},"end":{"line":80,"column":31}},"53":{"start":{"line":81,"column":8},"end":{"line":81,"column":24}},"54":{"start":{"line":85,"column":4},"end":{"line":85,"column":41}},"55":{"start":{"line":85,"column":17},"end":{"line":85,"column":40}},"56":{"start":{"line":88,"column":22},"end":{"line":94,"column":3}},"57":{"start":{"line":89,"column":4},"end":{"line":89,"column":37}},"58":{"start":{"line":90,"column":4},"end":{"line":90,"column":33}},"59":{"start":{"line":91,"column":4},"end":{"line":91,"column":35}},"60":{"start":{"line":92,"column":4},"end":{"line":92,"column":16}},"61":{"start":{"line":93,"column":4},"end":{"line":93,"column":23}},"62":{"start":{"line":96,"column":2},"end":{"line":121,"column":4}},"63":{"start":{"line":100,"column":10},"end":{"line":105,"column":12}}},"fnMap":{"0":{"name":"(anonymous_0)","decl":{"start":{"line":4,"column":18},"end":{"line":4,"column":19}},"loc":{"start":{"line":4,"column":24},"end":{"line":122,"column":1}},"line":4},"1":{"name":"(anonymous_1)","decl":{"start":{"line":12,"column":30},"end":{"line":12,"column":31}},"loc":{"start":{"line":12,"column":37},"end":{"line":15,"column":3}},"line":12},"2":{"name":"(anonymous_2)","decl":{"start":{"line":17,"column":31},"end":{"line":17,"column":32}},"loc":{"start":{"line":17,"column":37},"end":{"line":21,"column":3}},"line":17},"3":{"name":"(anonymous_3)","decl":{"start":{"line":29,"column":12},"end":{"line":29,"column":13}},"loc":{"start":{"line":29,"column":18},"end":{"line":51,"column":3}},"line":29},"4":{"name":"(anonymous_4)","decl":{"start":{"line":30,"column":26},"end":{"line":30,"column":27}},"loc":{"start":{"line":30,"column":33},"end":{"line":47,"column":5}},"line":30},"5":{"name":"(anonymous_5)","decl":{"start":{"line":50,"column":11},"end":{"line":50,"column":12}},"loc":{"start":{"line":50,"column":17},"end":{"line":50,"column":69}},"line":50},"6":{"name":"(anonymous_6)","decl":{"start":{"line":53,"column":12},"end":{"line":53,"column":13}},"loc":{"start":{"line":53,"column":18},"end":{"line":86,"column":3}},"line":53},"7":{"name":"(anonymous_7)","decl":{"start":{"line":56,"column":33},"end":{"line":56,"column":34}},"loc":{"start":{"line":56,"column":39},"end":{"line":83,"column":5}},"line":56},"8":{"name":"(anonymous_8)","decl":{"start":{"line":57,"column":15},"end":{"line":57,"column":16}},"loc":{"start":{"line":57,"column":30},"end":{"line":82,"column":7}},"line":57},"9":{"name":"(anonymous_9)","decl":{"start":{"line":73,"column":24},"end":{"line":73,"column":25}},"loc":{"start":{"line":73,"column":44},"end":{"line":73,"column":103}},"line":73},"10":{"name":"(anonymous_10)","decl":{"start":{"line":85,"column":11},"end":{"line":85,"column":12}},"loc":{"start":{"line":85,"column":17},"end":{"line":85,"column":40}},"line":85},"11":{"name":"(anonymous_11)","decl":{"start":{"line":88,"column":22},"end":{"line":88,"column":23}},"loc":{"start":{"line":88,"column":28},"end":{"line":94,"column":3}},"line":88},"12":{"name":"(anonymous_12)","decl":{"start":{"line":99,"column":19},"end":{"line":99,"column":20}},"loc":{"start":{"line":100,"column":10},"end":{"line":105,"column":12}},"line":100}},"branchMap":{"0":{"loc":{"start":{"line":31,"column":6},"end":{"line":46,"column":7}},"type":"switch","locations":[{"start":{"line":32,"column":8},"end":{"line":34,"column":16}},{"start":{"line":35,"column":8},"end":{"line":37,"column":16}},{"start":{"line":38,"column":8},"end":{"line":40,"column":16}},{"start":{"line":41,"column":8},"end":{"line":43,"column":16}},{"start":{"line":44,"column":8},"end":{"line":45,"column":16}}],"line":31},"1":{"loc":{"start":{"line":33,"column":10},"end":{"line":33,"column":63}},"type":"if","locations":[{"start":{"line":33,"column":10},"end":{"line":33,"column":63}},{"start":{},"end":{}}],"line":33},"2":{"loc":{"start":{"line":36,"column":10},"end":{"line":36,"column":62}},"type":"if","locations":[{"start":{"line":36,"column":10},"end":{"line":36,"column":62}},{"start":{},"end":{}}],"line":36},"3":{"loc":{"start":{"line":39,"column":10},"end":{"line":39,"column":63}},"type":"if","locations":[{"start":{"line":39,"column":10},"end":{"line":39,"column":63}},{"start":{},"end":{}}],"line":39},"4":{"loc":{"start":{"line":42,"column":10},"end":{"line":42,"column":62}},"type":"if","locations":[{"start":{"line":42,"column":10},"end":{"line":42,"column":62}},{"start":{},"end":{}}],"line":42},"5":{"loc":{"start":{"line":54,"column":4},"end":{"line":54,"column":25}},"type":"if","locations":[{"start":{"line":54,"column":4},"end":{"line":54,"column":25}},{"start":{},"end":{}}],"line":54},"6":{"loc":{"start":{"line":61,"column":8},"end":{"line":66,"column":9}},"type":"if","locations":[{"start":{"line":61,"column":8},"end":{"line":66,"column":9}},{"start":{"line":64,"column":15},"end":{"line":66,"column":9}}],"line":61},"7":{"loc":{"start":{"line":61,"column":12},"end":{"line":61,"column":50}},"type":"binary-expr","locations":[{"start":{"line":61,"column":12},"end":{"line":61,"column":29}},{"start":{"line":61,"column":33},"end":{"line":61,"column":50}}],"line":61},"8":{"loc":{"start":{"line":68,"column":8},"end":{"line":78,"column":9}},"type":"if","locations":[{"start":{"line":68,"column":8},"end":{"line":78,"column":9}},{"start":{},"end":{}}],"line":68},"9":{"loc":{"start":{"line":69,"column":10},"end":{"line":73,"column":104}},"type":"binary-expr","locations":[{"start":{"line":69,"column":10},"end":{"line":69,"column":20}},{"start":{"line":70,"column":10},"end":{"line":70,"column":29}},{"start":{"line":71,"column":10},"end":{"line":71,"column":20}},{"start":{"line":72,"column":10},"end":{"line":72,"column":29}},{"start":{"line":73,"column":10},"end":{"line":73,"column":104}}],"line":69},"10":{"loc":{"start":{"line":73,"column":44},"end":{"line":73,"column":103}},"type":"binary-expr","locations":[{"start":{"line":73,"column":44},"end":{"line":73,"column":55}},{"start":{"line":73,"column":59},"end":{"line":73,"column":79}},{"start":{"line":73,"column":83},"end":{"line":73,"column":103}}],"line":73},"11":{"loc":{"start":{"line":113,"column":7},"end":{"line":119,"column":7}},"type":"binary-expr","locations":[{"start":{"line":113,"column":7},"end":{"line":113,"column":15}},{"start":{"line":114,"column":8},"end":{"line":118,"column":14}}],"line":113}},"s":{"0":1,"1":57,"2":57,"3":57,"4":57,"5":57,"6":57,"7":59,"8":57,"9":59,"10":59,"11":59,"12":57,"13":57,"14":57,"15":57,"16":57,"17":57,"18":15,"19":46,"20":0,"21":0,"22":0,"23":1,"24":1,"25":1,"26":0,"27":0,"28":0,"29":45,"30":4,"31":45,"32":0,"33":15,"34":15,"35":15,"36":57,"37":17,"38":2,"39":15,"40":40,"41":40,"42":40,"43":40,"44":0,"45":0,"46":40,"47":40,"48":0,"49":2,"50":2,"51":2,"52":38,"53":38,"54":15,"55":15,"56":57,"57":2,"58":2,"59":2,"60":2,"61":2,"62":57,"63":57},"f":{"0":57,"1":59,"2":59,"3":15,"4":46,"5":15,"6":17,"7":40,"8":40,"9":0,"10":15,"11":2,"12":57},"b":{"0":[0,1,0,45,0],"1":[0,0],"2":[1,0],"3":[0,0],"4":[4,41],"5":[2,15],"6":[0,40],"7":[40,2],"8":[2,38],"9":[40,40,38,38,38],"10":[0,0,0],"11":[57,4]},"_coverageSchema":"1a1c01bbd47fc00a2c39e90264f33305004495a9","hash":"134724326f7408c9802ba935dd4ec9ea9e9805a0"}
}
