TN:
SF:src/pages/Header/Header.jsx
FN:28,Header
FN:50,(anonymous_1)
FN:55,(anonymous_2)
FN:59,(anonymous_3)
FN:63,(anonymous_4)
FN:74,(anonymous_5)
FN:79,(anonymous_6)
FN:100,(anonymous_7)
FN:109,(anonymous_8)
FN:134,(anonymous_9)
FN:138,(anonymous_10)
FN:142,(anonymous_11)
FN:154,(anonymous_12)
FN:155,(anonymous_13)
FN:167,(anonymous_14)
FN:198,(anonymous_15)
FN:318,(anonymous_16)
FNF:17
FNH:14
FNDA:37,Header
FNDA:1,(anonymous_1)
FNDA:9,(anonymous_2)
FNDA:0,(anonymous_3)
FNDA:1,(anonymous_4)
FNDA:6,(anonymous_5)
FNDA:2,(anonymous_6)
FNDA:0,(anonymous_7)
FNDA:1,(anonymous_8)
FNDA:1,(anonymous_9)
FNDA:5,(anonymous_10)
FNDA:1,(anonymous_11)
FNDA:9,(anonymous_12)
FNDA:0,(anonymous_13)
FNDA:9,(anonymous_14)
FNDA:6,(anonymous_15)
FNDA:1,(anonymous_16)
DA:29,37
DA:30,37
DA:32,36
DA:33,36
DA:34,36
DA:35,36
DA:36,36
DA:37,36
DA:44,36
DA:46,36
DA:47,36
DA:48,36
DA:50,36
DA:51,1
DA:52,1
DA:55,36
DA:56,9
DA:59,36
DA:60,0
DA:63,36
DA:64,1
DA:70,1
DA:71,1
DA:74,36
DA:75,6
DA:76,6
DA:79,36
DA:80,2
DA:82,2
DA:83,1
DA:84,1
DA:87,1
DA:88,1
DA:89,1
DA:98,1
DA:99,1
DA:100,1
DA:101,0
DA:104,0
DA:105,0
DA:109,36
DA:110,1
DA:111,0
DA:112,0
DA:115,1
DA:116,1
DA:117,1
DA:123,1
DA:124,1
DA:125,1
DA:126,1
DA:128,0
DA:129,0
DA:134,36
DA:135,1
DA:138,36
DA:139,5
DA:142,36
DA:143,1
DA:144,1
DA:150,1
DA:151,1
DA:154,36
DA:155,9
DA:156,0
DA:162,0
DA:166,9
DA:167,9
DA:168,9
DA:172,36
DA:198,6
DA:318,1
LF:72
LH:62
BRDA:82,0,0,1
BRDA:82,0,1,1
BRDA:88,1,0,1
BRDA:88,1,1,1
BRDA:110,2,0,0
BRDA:110,2,1,1
BRDA:116,3,0,1
BRDA:116,3,1,1
BRDA:156,4,0,0
BRDA:156,4,1,0
BRDA:157,5,0,0
BRDA:157,5,1,0
BRDA:157,5,2,0
BRDA:157,5,3,0
BRDA:179,6,0,8
BRDA:179,6,1,28
BRDA:186,7,0,36
BRDA:186,7,1,8
BRDA:208,8,0,8
BRDA:208,8,1,0
BRDA:235,9,0,36
BRDA:235,9,1,16
BRDA:253,10,0,16
BRDA:253,10,1,13
BRDA:259,11,0,1
BRDA:259,11,1,12
BRDA:269,12,0,1
BRDA:269,12,1,12
BRDA:279,13,0,1
BRDA:279,13,1,12
BRDA:293,14,0,1
BRDA:293,14,1,12
BRDA:296,15,0,13
BRDA:296,15,1,0
BRDA:301,16,0,16
BRDA:301,16,1,3
BRDA:323,17,0,3
BRDA:323,17,1,1
BRDA:327,18,0,16
BRDA:327,18,1,0
BRDA:350,19,0,16
BRDA:350,19,1,1
BRF:42
BRH:32
end_of_record
