TN:
SF:src\pages\MainArea\MusicGallery.jsx
FN:35,MusicGallery
FN:51,(anonymous_1)
FN:52,fetchPlaylists
FN:67,(anonymous_3)
FN:68,(anonymous_4)
FN:83,(anonymous_5)
FN:88,(anonymous_6)
FN:91,(anonymous_7)
FN:100,(anonymous_8)
FN:104,(anonymous_9)
FN:109,(anonymous_10)
FN:113,(anonymous_11)
FN:137,(anonymous_12)
FN:150,(anonymous_13)
FN:153,(anonymous_14)
FN:160,(anonymous_15)
FN:169,(anonymous_16)
FN:172,(anonymous_17)
FN:180,(anonymous_18)
FN:184,(anonymous_19)
FN:188,(anonymous_20)
FN:199,(anonymous_21)
FN:213,(anonymous_22)
FN:227,(anonymous_23)
FN:245,(anonymous_24)
FN:259,(anonymous_25)
FN:313,(anonymous_26)
FN:325,(anonymous_27)
FN:329,(anonymous_28)
FN:421,(anonymous_29)
FNF:30
FNH:12
FNDA:9,MusicGallery
FNDA:3,(anonymous_1)
FNDA:3,fetchPlaylists
FNDA:3,(anonymous_3)
FNDA:0,(anonymous_4)
FNDA:3,(anonymous_5)
FNDA:0,(anonymous_6)
FNDA:0,(anonymous_7)
FNDA:1,(anonymous_8)
FNDA:1,(anonymous_9)
FNDA:0,(anonymous_10)
FNDA:0,(anonymous_11)
FNDA:0,(anonymous_12)
FNDA:0,(anonymous_13)
FNDA:0,(anonymous_14)
FNDA:0,(anonymous_15)
FNDA:0,(anonymous_16)
FNDA:0,(anonymous_17)
FNDA:0,(anonymous_18)
FNDA:0,(anonymous_19)
FNDA:0,(anonymous_20)
FNDA:1,(anonymous_21)
FNDA:1,(anonymous_22)
FNDA:1,(anonymous_23)
FNDA:1,(anonymous_24)
FNDA:1,(anonymous_25)
FNDA:0,(anonymous_26)
FNDA:0,(anonymous_27)
FNDA:0,(anonymous_28)
FNDA:0,(anonymous_29)
DA:27,1
DA:31,1
DA:36,9
DA:37,9
DA:39,8
DA:40,8
DA:41,8
DA:42,8
DA:43,8
DA:49,8
DA:51,8
DA:53,3
DA:54,3
DA:55,3
DA:56,3
DA:58,0
DA:61,0
DA:64,3
DA:67,8
DA:68,3
DA:69,0
DA:73,0
DA:77,3
DA:78,0
DA:80,3
DA:83,3
DA:84,3
DA:88,8
DA:89,0
DA:90,0
DA:91,0
DA:93,0
DA:96,0
DA:100,8
DA:101,1
DA:104,8
DA:105,1
DA:106,1
DA:109,8
DA:110,0
DA:113,8
DA:114,0
DA:115,0
DA:118,0
DA:119,0
DA:121,0
DA:123,0
DA:124,0
DA:125,0
DA:127,0
DA:130,0
DA:137,8
DA:138,0
DA:139,0
DA:140,0
DA:142,0
DA:150,8
DA:151,0
DA:152,0
DA:154,0
DA:159,0
DA:160,0
DA:162,0
DA:163,0
DA:165,0
DA:169,8
DA:170,0
DA:171,0
DA:172,0
DA:173,0
DA:174,0
DA:176,0
DA:180,8
DA:181,0
DA:184,8
DA:185,0
DA:188,8
DA:189,0
DA:192,8
DA:200,1
DA:214,1
DA:228,1
DA:246,1
DA:260,1
DA:314,0
DA:326,0
DA:327,0
DA:329,0
DA:421,0
LF:89
LH:42
BRDA:55,0,0,3
BRDA:55,0,1,0
BRDA:69,1,0,0
BRDA:69,1,1,0
BRDA:70,2,0,0
BRDA:70,2,1,0
BRDA:77,3,0,0
BRDA:77,3,1,3
BRDA:89,4,0,0
BRDA:89,4,1,0
BRDA:90,5,0,0
BRDA:90,5,1,0
BRDA:123,6,0,0
BRDA:123,6,1,0
BRDA:124,7,0,0
BRDA:124,7,1,0
BRDA:139,8,0,0
BRDA:139,8,1,0
BRDA:317,9,0,0
BRDA:317,9,1,0
BRDA:338,10,0,0
BRDA:338,10,1,8
BRDA:363,11,0,0
BRDA:363,11,1,8
BRDA:366,12,0,0
BRDA:366,12,1,8
BRDA:383,13,0,8
BRDA:383,13,1,1
BRDA:414,14,0,8
BRDA:414,14,1,0
BRDA:420,15,0,0
BRDA:420,15,1,0
BRF:32
BRH:8
end_of_record
TN:
SF:src\pages\MainArea\PlaylistContent.jsx
FN:21,(anonymous_0)
FN:31,(anonymous_1)
FN:32,(anonymous_2)
FNF:3
FNH:0
FNDA:0,(anonymous_0)
FNDA:0,(anonymous_1)
FNDA:0,(anonymous_2)
DA:21,1
DA:22,0
DA:24,0
DA:32,0
LF:4
LH:1
BRDA:30,0,0,0
BRDA:30,0,1,0
BRDA:30,1,0,0
BRDA:30,1,1,0
BRDA:30,1,2,0
BRF:5
BRH:0
end_of_record
