TN:
SF:src\PrivateRoute.jsx
FN:5,(anonymous_0)
FNF:1
FNH:1
FNDA:7,(anonymous_0)
DA:5,1
DA:6,7
DA:8,7
DA:10,7
DA:11,0
DA:14,7
LF:6
LH:5
BRDA:10,0,0,0
BRDA:10,0,1,7
BRDA:14,1,0,7
BRDA:14,1,1,0
BRF:4
BRH:2
end_of_record
TN:
SF:src\authContext.jsx
FN:6,(anonymous_0)
FN:11,(anonymous_1)
FN:21,(anonymous_2)
FN:33,(anonymous_3)
FN:49,(anonymous_4)
FNF:5
FNH:5
FNDA:125,(anonymous_0)
FNDA:59,(anonymous_1)
FNDA:5,(anonymous_2)
FNDA:2,(anonymous_3)
FNDA:172,(anonymous_4)
DA:4,4
DA:6,4
DA:7,125
DA:8,125
DA:9,125
DA:11,125
DA:12,59
DA:13,59
DA:14,59
DA:15,23
DA:16,23
DA:18,59
DA:21,125
DA:22,5
DA:23,3
DA:24,3
DA:26,2
DA:27,2
DA:29,5
DA:30,5
DA:33,125
DA:34,2
DA:35,2
DA:36,2
DA:37,2
DA:38,2
DA:39,2
DA:42,125
DA:49,4
DA:50,172
LF:30
LH:30
BRDA:12,0,0,59
BRDA:12,0,1,54
BRDA:13,1,0,59
BRDA:13,1,1,54
BRDA:14,2,0,23
BRDA:14,2,1,36
BRDA:14,3,0,59
BRDA:14,3,1,23
BRDA:22,4,0,3
BRDA:22,4,1,2
BRF:10
BRH:10
end_of_record
TN:
SF:src\axiosConfig.js
FNF:0
FNH:0
DA:8,1
LF:1
LH:1
BRF:0
BRH:0
end_of_record
TN:
SF:src\layout.jsx
FN:23,Layout
FNF:1
FNH:1
FNDA:5,Layout
DA:13,1
DA:24,5
LF:2
LH:2
BRF:0
BRH:0
end_of_record
TN:
SF:src\models\computer.jsx
FN:7,(anonymous_0)
FN:9,(anonymous_1)
FN:22,(anonymous_2)
FNF:3
FNH:3
FNDA:140,(anonymous_0)
FNDA:139,(anonymous_1)
FNDA:140,(anonymous_2)
DA:7,1
DA:8,140
DA:9,140
DA:10,139
DA:11,139
DA:12,139
DA:13,139
DA:17,139
DA:18,139
DA:19,139
DA:22,1
DA:23,140
LF:12
LH:12
BRDA:10,0,0,139
BRDA:10,0,1,0
BRDA:17,1,0,0
BRDA:17,1,1,139
BRF:4
BRH:2
end_of_record
TN:
SF:src\pages\Header\Header.jsx
FN:28,Header
FN:50,(anonymous_1)
FN:55,(anonymous_2)
FN:59,(anonymous_3)
FN:63,(anonymous_4)
FN:74,(anonymous_5)
FN:79,(anonymous_6)
FN:100,(anonymous_7)
FN:109,(anonymous_8)
FN:132,(anonymous_9)
FN:136,(anonymous_10)
FN:140,(anonymous_11)
FN:152,(anonymous_12)
FN:153,(anonymous_13)
FN:165,(anonymous_14)
FN:196,(anonymous_15)
FN:316,(anonymous_16)
FNF:17
FNH:14
FNDA:50,Header
FNDA:1,(anonymous_1)
FNDA:9,(anonymous_2)
FNDA:0,(anonymous_3)
FNDA:1,(anonymous_4)
FNDA:6,(anonymous_5)
FNDA:2,(anonymous_6)
FNDA:0,(anonymous_7)
FNDA:1,(anonymous_8)
FNDA:1,(anonymous_9)
FNDA:5,(anonymous_10)
FNDA:1,(anonymous_11)
FNDA:9,(anonymous_12)
FNDA:0,(anonymous_13)
FNDA:9,(anonymous_14)
FNDA:6,(anonymous_15)
FNDA:1,(anonymous_16)
DA:29,50
DA:30,37
DA:32,36
DA:33,36
DA:34,36
DA:35,36
DA:36,36
DA:37,36
DA:44,36
DA:46,36
DA:47,36
DA:48,36
DA:50,36
DA:51,1
DA:52,1
DA:55,36
DA:56,9
DA:59,36
DA:60,0
DA:63,36
DA:64,1
DA:70,1
DA:71,1
DA:74,36
DA:75,6
DA:76,6
DA:79,36
DA:80,2
DA:82,2
DA:83,1
DA:84,1
DA:87,1
DA:88,1
DA:89,1
DA:98,1
DA:99,1
DA:100,1
DA:101,0
DA:104,0
DA:105,0
DA:109,36
DA:110,1
DA:111,0
DA:112,0
DA:115,1
DA:116,1
DA:117,1
DA:123,1
DA:124,1
DA:125,1
DA:127,0
DA:128,0
DA:132,36
DA:133,1
DA:136,36
DA:137,5
DA:140,36
DA:141,1
DA:142,1
DA:148,1
DA:149,1
DA:152,36
DA:153,9
DA:154,0
DA:160,0
DA:164,9
DA:165,9
DA:166,9
DA:170,36
DA:196,6
DA:316,1
LF:71
LH:61
BRDA:82,0,0,1
BRDA:82,0,1,1
BRDA:88,1,0,1
BRDA:88,1,1,1
BRDA:110,2,0,0
BRDA:110,2,1,1
BRDA:116,3,0,1
BRDA:116,3,1,1
BRDA:154,4,0,0
BRDA:154,4,1,0
BRDA:155,5,0,0
BRDA:155,5,1,0
BRDA:155,5,2,0
BRDA:155,5,3,0
BRDA:177,6,0,8
BRDA:177,6,1,28
BRDA:184,7,0,36
BRDA:184,7,1,8
BRDA:206,8,0,8
BRDA:206,8,1,0
BRDA:233,9,0,36
BRDA:233,9,1,16
BRDA:251,10,0,16
BRDA:251,10,1,13
BRDA:257,11,0,1
BRDA:257,11,1,12
BRDA:267,12,0,1
BRDA:267,12,1,12
BRDA:277,13,0,1
BRDA:277,13,1,12
BRDA:291,14,0,1
BRDA:291,14,1,12
BRDA:294,15,0,13
BRDA:294,15,1,0
BRDA:299,16,0,16
BRDA:299,16,1,3
BRDA:321,17,0,3
BRDA:321,17,1,0
BRDA:325,18,0,16
BRDA:325,18,1,0
BRDA:348,19,0,16
BRDA:348,19,1,1
BRF:42
BRH:31
end_of_record
TN:
SF:src\pages\MainArea\AddSong.jsx
FN:26,AddSong
FN:45,(anonymous_1)
FN:51,(anonymous_2)
FN:55,(anonymous_3)
FN:61,(anonymous_4)
FN:65,(anonymous_5)
FN:87,(anonymous_6)
FN:96,(anonymous_7)
FN:97,(anonymous_8)
FN:99,(anonymous_9)
FN:104,(anonymous_10)
FN:123,(anonymous_11)
FN:124,(anonymous_12)
FN:126,(anonymous_13)
FN:131,(anonymous_14)
FN:135,(anonymous_15)
FN:140,(anonymous_16)
FN:142,(anonymous_17)
FN:143,(anonymous_18)
FN:144,(anonymous_19)
FN:154,(anonymous_20)
FN:168,(anonymous_21)
FN:182,(anonymous_22)
FN:200,(anonymous_23)
FN:214,(anonymous_24)
FN:239,(anonymous_25)
FN:313,(anonymous_26)
FN:320,(anonymous_27)
FN:343,(anonymous_28)
FN:349,(anonymous_29)
FN:379,(anonymous_30)
FN:386,(anonymous_31)
FN:400,(anonymous_32)
FN:406,(anonymous_33)
FNF:34
FNH:23
FNDA:42,AddSong
FNDA:1,(anonymous_1)
FNDA:0,(anonymous_2)
FNDA:1,(anonymous_3)
FNDA:0,(anonymous_4)
FNDA:5,(anonymous_5)
FNDA:2,(anonymous_6)
FNDA:2,(anonymous_7)
FNDA:2,(anonymous_8)
FNDA:1,(anonymous_9)
FNDA:2,(anonymous_10)
FNDA:2,(anonymous_11)
FNDA:2,(anonymous_12)
FNDA:1,(anonymous_13)
FNDA:2,(anonymous_14)
FNDA:0,(anonymous_15)
FNDA:15,(anonymous_16)
FNDA:14,(anonymous_17)
FNDA:6,(anonymous_18)
FNDA:9,(anonymous_19)
FNDA:0,(anonymous_20)
FNDA:0,(anonymous_21)
FNDA:0,(anonymous_22)
FNDA:0,(anonymous_23)
FNDA:0,(anonymous_24)
FNDA:0,(anonymous_25)
FNDA:6,(anonymous_26)
FNDA:6,(anonymous_27)
FNDA:6,(anonymous_28)
FNDA:2,(anonymous_29)
FNDA:369,(anonymous_30)
FNDA:2,(anonymous_31)
FNDA:0,(anonymous_32)
FNDA:0,(anonymous_33)
DA:27,42
DA:29,41
DA:30,41
DA:31,41
DA:32,41
DA:33,41
DA:34,41
DA:35,41
DA:36,41
DA:37,41
DA:38,41
DA:39,41
DA:40,41
DA:41,41
DA:42,41
DA:43,41
DA:45,41
DA:46,1
DA:47,1
DA:48,1
DA:51,41
DA:52,0
DA:55,41
DA:56,1
DA:57,1
DA:58,1
DA:61,41
DA:62,0
DA:65,41
DA:66,5
DA:67,5
DA:68,5
DA:69,5
DA:70,5
DA:71,5
DA:72,5
DA:73,5
DA:75,5
DA:76,5
DA:85,4
DA:86,4
DA:87,4
DA:88,2
DA:91,1
DA:92,1
DA:96,41
DA:97,2
DA:98,2
DA:99,1
DA:104,41
DA:105,2
DA:106,1
DA:108,1
DA:120,2
DA:123,41
DA:124,2
DA:125,2
DA:126,1
DA:131,41
DA:132,2
DA:133,1
DA:135,1
DA:137,2
DA:140,41
DA:141,15
DA:142,14
DA:143,6
DA:144,9
DA:147,41
DA:155,0
DA:169,0
DA:183,0
DA:201,0
DA:215,0
DA:240,0
DA:313,6
DA:320,6
DA:344,6
DA:349,2
DA:380,369
DA:386,2
DA:400,0
DA:407,0
LF:83
LH:73
BRDA:98,0,0,1
BRDA:98,0,1,1
BRDA:105,1,0,1
BRDA:105,1,1,1
BRDA:125,2,0,1
BRDA:125,2,1,1
BRDA:132,3,0,1
BRDA:132,3,1,1
BRDA:269,4,0,1
BRDA:269,4,1,40
BRDA:295,5,0,1
BRDA:295,5,1,40
BRDA:419,6,0,41
BRDA:419,6,1,3
BRF:14
BRH:14
end_of_record
TN:
SF:src\pages\MainArea\Loader.jsx
FN:6,(anonymous_0)
FNF:1
FNH:1
FNDA:1,(anonymous_0)
DA:6,1
DA:7,1
LF:2
LH:2
BRF:0
BRH:0
end_of_record
TN:
SF:src\pages\MainArea\Login.jsx
FN:25,Login
FN:40,(anonymous_1)
FN:68,(anonymous_2)
FN:80,(anonymous_3)
FN:94,(anonymous_4)
FN:98,(anonymous_5)
FN:102,(anonymous_6)
FN:136,(anonymous_7)
FN:147,(anonymous_8)
FN:154,(anonymous_9)
FN:171,(anonymous_10)
FN:184,(anonymous_11)
FN:208,(anonymous_12)
FNF:13
FNH:10
FNDA:139,Login
FNDA:10,(anonymous_1)
FNDA:13,(anonymous_2)
FNDA:8,(anonymous_3)
FNDA:15,(anonymous_4)
FNDA:2,(anonymous_5)
FNDA:2,(anonymous_6)
FNDA:0,(anonymous_7)
FNDA:6,(anonymous_8)
FNDA:6,(anonymous_9)
FNDA:0,(anonymous_10)
FNDA:0,(anonymous_11)
FNDA:13,(anonymous_12)
DA:26,139
DA:27,138
DA:28,138
DA:29,138
DA:30,138
DA:31,138
DA:32,138
DA:33,138
DA:34,138
DA:36,138
DA:38,138
DA:40,138
DA:41,10
DA:42,4
DA:43,4
DA:46,6
DA:47,6
DA:48,6
DA:49,2
DA:51,2
DA:52,2
DA:54,4
DA:55,4
DA:56,4
DA:57,4
DA:58,0
DA:59,0
DA:61,0
DA:64,6
DA:68,138
DA:69,13
DA:70,0
DA:71,0
DA:74,13
DA:75,13
DA:76,13
DA:77,9
DA:78,8
DA:79,8
DA:80,8
DA:81,8
DA:82,8
DA:85,1
DA:88,4
DA:90,13
DA:94,138
DA:95,15
DA:98,138
DA:99,2
DA:102,138
DA:103,2
DA:106,138
DA:136,0
DA:147,6
DA:154,6
DA:171,0
DA:184,0
DA:208,13
LF:58
LH:50
BRDA:41,0,0,4
BRDA:41,0,1,6
BRDA:41,1,0,10
BRDA:41,1,1,6
BRDA:56,2,0,4
BRDA:56,2,1,0
BRDA:58,3,0,0
BRDA:58,3,1,0
BRDA:69,4,0,0
BRDA:69,4,1,13
BRDA:77,5,0,8
BRDA:77,5,1,1
BRDA:151,6,0,1
BRDA:151,6,1,137
BRDA:163,7,0,1
BRDA:163,7,1,137
BRDA:182,8,0,19
BRDA:182,8,1,119
BRDA:193,9,0,138
BRDA:193,9,1,46
BRDA:216,10,0,13
BRDA:216,10,1,33
BRDA:224,11,0,138
BRDA:224,11,1,8
BRF:24
BRH:20
end_of_record
TN:
SF:src\pages\MainArea\MusicGallery.jsx
FN:34,MusicGallery
FN:58,(anonymous_1)
FN:59,(anonymous_2)
FN:74,(anonymous_3)
FN:79,(anonymous_4)
FN:86,(anonymous_5)
FN:92,(anonymous_6)
FN:97,(anonymous_7)
FN:104,(anonymous_8)
FN:121,(anonymous_9)
FN:124,(anonymous_10)
FN:134,(anonymous_11)
FN:158,(anonymous_12)
FN:161,(anonymous_13)
FN:178,(anonymous_14)
FN:181,(anonymous_15)
FN:188,(anonymous_16)
FN:202,(anonymous_17)
FN:210,(anonymous_18)
FN:220,(anonymous_19)
FN:231,(anonymous_20)
FN:241,(anonymous_21)
FN:245,(anonymous_22)
FN:250,(anonymous_23)
FN:254,(anonymous_24)
FN:267,(anonymous_25)
FN:268,(anonymous_26)
FN:283,(anonymous_27)
FN:288,(anonymous_28)
FN:292,(anonymous_29)
FN:296,(anonymous_30)
FN:300,(anonymous_31)
FN:304,(anonymous_32)
FN:313,(anonymous_33)
FN:324,(anonymous_34)
FN:335,(anonymous_35)
FN:343,(anonymous_36)
FN:355,(anonymous_37)
FN:368,(anonymous_38)
FN:381,(anonymous_39)
FN:385,(anonymous_40)
FN:396,(anonymous_41)
FN:410,(anonymous_42)
FN:424,(anonymous_43)
FN:442,(anonymous_44)
FN:456,(anonymous_45)
FN:523,(anonymous_46)
FN:535,(anonymous_47)
FN:539,(anonymous_48)
FN:563,(anonymous_49)
FN:574,(anonymous_50)
FN:657,(anonymous_51)
FNF:52
FNH:18
FNDA:19,MusicGallery
FNDA:7,(anonymous_1)
FNDA:7,(anonymous_2)
FNDA:7,(anonymous_3)
FNDA:0,(anonymous_4)
FNDA:7,(anonymous_5)
FNDA:7,(anonymous_6)
FNDA:0,(anonymous_7)
FNDA:7,(anonymous_8)
FNDA:0,(anonymous_9)
FNDA:0,(anonymous_10)
FNDA:1,(anonymous_11)
FNDA:0,(anonymous_12)
FNDA:0,(anonymous_13)
FNDA:0,(anonymous_14)
FNDA:0,(anonymous_15)
FNDA:0,(anonymous_16)
FNDA:0,(anonymous_17)
FNDA:0,(anonymous_18)
FNDA:0,(anonymous_19)
FNDA:0,(anonymous_20)
FNDA:2,(anonymous_21)
FNDA:1,(anonymous_22)
FNDA:1,(anonymous_23)
FNDA:0,(anonymous_24)
FNDA:7,(anonymous_25)
FNDA:0,(anonymous_26)
FNDA:7,(anonymous_27)
FNDA:0,(anonymous_28)
FNDA:0,(anonymous_29)
FNDA:0,(anonymous_30)
FNDA:0,(anonymous_31)
FNDA:0,(anonymous_32)
FNDA:0,(anonymous_33)
FNDA:0,(anonymous_34)
FNDA:0,(anonymous_35)
FNDA:0,(anonymous_36)
FNDA:0,(anonymous_37)
FNDA:0,(anonymous_38)
FNDA:0,(anonymous_39)
FNDA:0,(anonymous_40)
FNDA:1,(anonymous_41)
FNDA:1,(anonymous_42)
FNDA:1,(anonymous_43)
FNDA:1,(anonymous_44)
FNDA:1,(anonymous_45)
FNDA:0,(anonymous_46)
FNDA:0,(anonymous_47)
FNDA:0,(anonymous_48)
FNDA:0,(anonymous_49)
FNDA:0,(anonymous_50)
FNDA:0,(anonymous_51)
DA:26,1
DA:30,1
DA:35,19
DA:36,19
DA:37,18
DA:38,18
DA:39,18
DA:40,18
DA:41,18
DA:42,18
DA:48,18
DA:49,18
DA:50,18
DA:51,18
DA:52,18
DA:53,18
DA:54,18
DA:56,18
DA:58,18
DA:59,7
DA:60,7
DA:61,7
DA:62,0
DA:63,0
DA:64,0
DA:66,7
DA:67,7
DA:71,7
DA:74,18
DA:75,7
DA:76,7
DA:78,0
DA:80,0
DA:86,18
DA:87,7
DA:88,0
DA:92,18
DA:93,7
DA:94,7
DA:96,0
DA:98,0
DA:104,18
DA:105,7
DA:106,7
DA:107,7
DA:110,0
DA:111,0
DA:114,0
DA:116,0
DA:117,0
DA:121,18
DA:122,0
DA:123,0
DA:124,0
DA:126,0
DA:129,0
DA:130,0
DA:134,18
DA:135,1
DA:136,1
DA:139,0
DA:140,0
DA:142,1
DA:144,1
DA:145,0
DA:146,0
DA:148,0
DA:151,1
DA:158,18
DA:159,0
DA:160,0
DA:161,0
DA:162,0
DA:163,0
DA:167,0
DA:168,0
DA:171,0
DA:172,0
DA:174,0
DA:178,18
DA:179,0
DA:180,0
DA:182,0
DA:187,0
DA:188,0
DA:190,0
DA:191,0
DA:192,0
DA:193,0
DA:195,0
DA:196,0
DA:198,0
DA:202,18
DA:203,0
DA:204,0
DA:207,0
DA:210,0
DA:211,0
DA:215,0
DA:216,0
DA:220,18
DA:221,0
DA:222,0
DA:225,0
DA:231,0
DA:232,0
DA:236,0
DA:237,0
DA:241,18
DA:242,2
DA:245,18
DA:246,1
DA:247,1
DA:250,18
DA:251,1
DA:254,18
DA:255,0
DA:256,0
DA:257,0
DA:259,0
DA:267,18
DA:268,7
DA:269,0
DA:273,0
DA:277,7
DA:278,0
DA:280,7
DA:283,7
DA:284,7
DA:288,18
DA:289,0
DA:292,18
DA:293,0
DA:296,18
DA:297,0
DA:300,18
DA:301,0
DA:304,18
DA:305,0
DA:306,0
DA:307,0
DA:308,0
DA:309,0
DA:313,18
DA:314,0
DA:315,0
DA:316,0
DA:318,0
DA:320,0
DA:324,18
DA:325,0
DA:326,0
DA:327,0
DA:328,0
DA:329,0
DA:330,0
DA:335,18
DA:336,0
DA:337,0
DA:338,0
DA:339,0
DA:341,0
DA:342,0
DA:343,0
DA:345,0
DA:346,0
DA:347,0
DA:348,0
DA:349,0
DA:350,0
DA:355,18
DA:356,0
DA:357,0
DA:358,0
DA:359,0
DA:361,0
DA:362,0
DA:363,0
DA:364,0
DA:365,0
DA:367,0
DA:368,0
DA:370,0
DA:371,0
DA:372,0
DA:374,0
DA:375,0
DA:376,0
DA:381,18
DA:382,0
DA:385,18
DA:386,0
DA:389,18
DA:397,1
DA:411,1
DA:425,1
DA:443,1
DA:457,1
DA:524,0
DA:536,0
DA:537,0
DA:539,0
DA:563,0
DA:574,0
DA:657,0
LF:205
LH:79
BRDA:75,0,0,7
BRDA:75,0,1,0
BRDA:87,1,0,0
BRDA:87,1,1,7
BRDA:93,2,0,7
BRDA:93,2,1,0
BRDA:105,3,0,7
BRDA:105,3,1,0
BRDA:122,4,0,0
BRDA:122,4,1,0
BRDA:122,5,0,0
BRDA:122,5,1,0
BRDA:123,6,0,0
BRDA:123,6,1,0
BRDA:144,7,0,0
BRDA:144,7,1,1
BRDA:145,8,0,0
BRDA:145,8,1,0
BRDA:163,9,0,0
BRDA:163,9,1,0
BRDA:164,10,0,0
BRDA:164,10,1,0
BRDA:256,11,0,0
BRDA:256,11,1,0
BRDA:269,12,0,0
BRDA:269,12,1,0
BRDA:270,13,0,0
BRDA:270,13,1,0
BRDA:277,14,0,0
BRDA:277,14,1,7
BRDA:306,15,0,0
BRDA:306,15,1,0
BRDA:314,16,0,0
BRDA:314,16,1,0
BRDA:314,17,0,0
BRDA:314,17,1,0
BRDA:315,18,0,0
BRDA:315,18,1,0
BRDA:325,19,0,0
BRDA:325,19,1,0
BRDA:328,20,0,0
BRDA:328,20,1,0
BRDA:336,21,0,0
BRDA:336,21,1,0
BRDA:341,22,0,0
BRDA:341,22,1,0
BRDA:341,23,0,0
BRDA:341,23,1,0
BRDA:348,24,0,0
BRDA:348,24,1,0
BRDA:356,25,0,0
BRDA:356,25,1,0
BRDA:361,26,0,0
BRDA:361,26,1,0
BRDA:361,27,0,0
BRDA:361,27,1,0
BRDA:362,28,0,0
BRDA:362,28,1,0
BRDA:374,29,0,0
BRDA:374,29,1,0
BRDA:527,30,0,0
BRDA:527,30,1,0
BRDA:549,31,0,0
BRDA:549,31,1,18
BRDA:585,32,0,18
BRDA:585,32,1,0
BRDA:594,33,0,0
BRDA:594,33,1,18
BRDA:597,34,0,0
BRDA:597,34,1,18
BRDA:604,35,0,0
BRDA:604,35,1,18
BRDA:619,36,0,18
BRDA:619,36,1,3
BRDA:650,37,0,18
BRDA:650,37,1,0
BRDA:656,38,0,0
BRDA:656,38,1,0
BRF:78
BRH:14
end_of_record
TN:
SF:src\pages\MainArea\PlaylistContent.jsx
FN:21,(anonymous_0)
FN:42,(anonymous_1)
FN:45,(anonymous_2)
FN:47,(anonymous_3)
FN:58,(anonymous_4)
FN:59,(anonymous_5)
FN:74,(anonymous_6)
FN:79,(anonymous_7)
FN:83,(anonymous_8)
FN:96,(anonymous_9)
FN:101,(anonymous_10)
FN:106,(anonymous_11)
FN:111,(anonymous_12)
FN:117,(anonymous_13)
FN:128,(anonymous_14)
FN:143,(anonymous_15)
FN:145,(anonymous_16)
FN:158,(anonymous_17)
FN:161,(anonymous_18)
FN:162,(anonymous_19)
FN:207,(anonymous_20)
FN:212,(anonymous_21)
FN:213,(anonymous_22)
FN:278,(anonymous_23)
FN:300,(anonymous_24)
FN:334,(anonymous_25)
FNF:26
FNH:0
FNDA:0,(anonymous_0)
FNDA:0,(anonymous_1)
FNDA:0,(anonymous_2)
FNDA:0,(anonymous_3)
FNDA:0,(anonymous_4)
FNDA:0,(anonymous_5)
FNDA:0,(anonymous_6)
FNDA:0,(anonymous_7)
FNDA:0,(anonymous_8)
FNDA:0,(anonymous_9)
FNDA:0,(anonymous_10)
FNDA:0,(anonymous_11)
FNDA:0,(anonymous_12)
FNDA:0,(anonymous_13)
FNDA:0,(anonymous_14)
FNDA:0,(anonymous_15)
FNDA:0,(anonymous_16)
FNDA:0,(anonymous_17)
FNDA:0,(anonymous_18)
FNDA:0,(anonymous_19)
FNDA:0,(anonymous_20)
FNDA:0,(anonymous_21)
FNDA:0,(anonymous_22)
FNDA:0,(anonymous_23)
FNDA:0,(anonymous_24)
FNDA:0,(anonymous_25)
DA:21,1
DA:29,0
DA:30,0
DA:36,0
DA:37,0
DA:38,0
DA:39,0
DA:42,0
DA:43,0
DA:44,0
DA:45,0
DA:46,0
DA:47,0
DA:49,0
DA:53,0
DA:54,0
DA:58,0
DA:59,0
DA:60,0
DA:64,0
DA:68,0
DA:69,0
DA:71,0
DA:74,0
DA:75,0
DA:79,0
DA:80,0
DA:83,0
DA:84,0
DA:85,0
DA:86,0
DA:88,0
DA:96,0
DA:97,0
DA:98,0
DA:101,0
DA:102,0
DA:103,0
DA:106,0
DA:107,0
DA:108,0
DA:111,0
DA:112,0
DA:113,0
DA:114,0
DA:117,0
DA:118,0
DA:120,0
DA:121,0
DA:128,0
DA:129,0
DA:131,0
DA:132,0
DA:133,0
DA:134,0
DA:136,0
DA:139,0
DA:143,0
DA:144,0
DA:145,0
DA:151,0
DA:159,0
DA:161,0
DA:162,0
DA:207,0
DA:213,0
DA:279,0
DA:301,0
DA:335,0
LF:69
LH:1
BRDA:44,0,0,0
BRDA:44,0,1,0
BRDA:44,1,0,0
BRDA:44,1,1,0
BRDA:46,2,0,0
BRDA:46,2,1,0
BRDA:60,3,0,0
BRDA:60,3,1,0
BRDA:61,4,0,0
BRDA:61,4,1,0
BRDA:68,5,0,0
BRDA:68,5,1,0
BRDA:85,6,0,0
BRDA:85,6,1,0
BRDA:118,7,0,0
BRDA:118,7,1,0
BRDA:129,8,0,0
BRDA:129,8,1,0
BRDA:147,9,0,0
BRDA:147,9,1,0
BRDA:157,10,0,0
BRDA:157,10,1,0
BRDA:157,11,0,0
BRDA:157,11,1,0
BRDA:164,12,0,0
BRDA:164,12,1,0
BRDA:200,13,0,0
BRDA:200,13,1,0
BRDA:206,14,0,0
BRDA:206,14,1,0
BRDA:222,15,0,0
BRDA:222,15,1,0
BRDA:222,15,2,0
BRDA:255,16,0,0
BRDA:255,16,1,0
BRDA:258,17,0,0
BRDA:258,17,1,0
BRDA:258,17,2,0
BRDA:275,18,0,0
BRDA:275,18,1,0
BRDA:277,19,0,0
BRDA:277,19,1,0
BRDA:297,20,0,0
BRDA:297,20,1,0
BRDA:299,21,0,0
BRDA:299,21,1,0
BRDA:325,22,0,0
BRDA:325,22,1,0
BRDA:331,23,0,0
BRDA:331,23,1,0
BRDA:333,24,0,0
BRDA:333,24,1,0
BRDA:351,25,0,0
BRDA:351,25,1,0
BRF:54
BRH:0
end_of_record
TN:
SF:src\pages\MainArea\Register.jsx
FN:23,Register
FN:37,(anonymous_1)
FN:41,(anonymous_2)
FN:50,(anonymous_3)
FN:74,(anonymous_4)
FN:100,(anonymous_5)
FN:104,(anonymous_6)
FN:108,(anonymous_7)
FN:112,(anonymous_8)
FN:116,(anonymous_9)
FN:153,(anonymous_10)
FN:162,(anonymous_11)
FN:171,(anonymous_12)
FN:180,(anonymous_13)
FN:190,(anonymous_14)
FN:206,(anonymous_15)
FNF:16
FNH:13
FNDA:70,Register
FNDA:0,(anonymous_1)
FNDA:1,(anonymous_2)
FNDA:9,(anonymous_3)
FNDA:1,(anonymous_4)
FNDA:1,(anonymous_5)
FNDA:1,(anonymous_6)
FNDA:0,(anonymous_7)
FNDA:0,(anonymous_8)
FNDA:2,(anonymous_9)
FNDA:9,(anonymous_10)
FNDA:9,(anonymous_11)
FNDA:9,(anonymous_12)
FNDA:8,(anonymous_13)
FNDA:8,(anonymous_14)
FNDA:5,(anonymous_15)
DA:24,70
DA:25,69
DA:26,69
DA:27,69
DA:28,69
DA:29,69
DA:30,69
DA:31,69
DA:32,69
DA:33,69
DA:35,69
DA:37,69
DA:38,0
DA:41,69
DA:42,1
DA:43,1
DA:44,1
DA:45,1
DA:46,1
DA:47,1
DA:50,69
DA:51,9
DA:52,2
DA:53,2
DA:56,7
DA:57,2
DA:58,2
DA:61,5
DA:62,5
DA:63,5
DA:70,2
DA:71,2
DA:72,2
DA:73,2
DA:74,2
DA:75,1
DA:78,0
DA:79,0
DA:82,3
DA:83,3
DA:84,3
DA:85,3
DA:86,1
DA:87,2
DA:88,1
DA:90,1
DA:93,0
DA:98,69
DA:100,69
DA:101,1
DA:104,69
DA:105,1
DA:108,69
DA:109,0
DA:112,69
DA:113,0
DA:116,69
DA:117,2
DA:120,69
DA:153,9
DA:162,9
DA:171,9
DA:180,8
DA:190,8
DA:206,5
LF:65
LH:59
BRDA:51,0,0,2
BRDA:51,0,1,7
BRDA:51,1,0,9
BRDA:51,1,1,8
BRDA:51,1,2,8
BRDA:51,1,3,7
BRDA:51,1,4,7
BRDA:56,2,0,2
BRDA:56,2,1,5
BRDA:71,3,0,2
BRDA:71,3,1,0
BRDA:79,4,0,0
BRDA:79,4,1,0
BRDA:83,5,0,3
BRDA:83,5,1,0
BRDA:83,6,0,3
BRDA:83,6,1,3
BRDA:83,6,2,3
BRDA:85,7,0,1
BRDA:85,7,1,2
BRDA:87,8,0,1
BRDA:87,8,1,1
BRDA:90,9,0,1
BRDA:90,9,1,0
BRDA:187,10,0,1
BRDA:187,10,1,68
BRDA:198,11,0,1
BRDA:198,11,1,68
BRDA:224,12,0,69
BRDA:224,12,1,1
BRDA:368,13,0,69
BRDA:368,13,1,3
BRF:32
BRH:27
end_of_record
TN:
SF:src\pages\MainArea\truncateText.js
FN:1,(anonymous_0)
FNF:1
FNH:1
FNDA:7,(anonymous_0)
DA:1,2
DA:2,7
DA:3,5
DA:5,2
LF:4
LH:4
BRDA:2,0,0,5
BRDA:2,0,1,2
BRF:2
BRH:2
end_of_record
